2025-08-16 10:15:42.895 [info] [main] Log level: Info
2025-08-16 10:15:42.896 [info] [main] Validating found git in: "git"
2025-08-16 10:15:42.896 [info] [main] Using git "2.43.0" from "git"
2025-08-16 10:15:42.896 [info] [Model][doInitialScan] Initial repository scan started
2025-08-16 10:15:42.896 [info] > git rev-parse --show-toplevel [28ms]
2025-08-16 10:15:42.896 [info] > git rev-parse --git-dir --git-common-dir [16ms]
2025-08-16 10:15:42.896 [info] [Model][openRepository] Opened repository (path): /home/aniket
2025-08-16 10:15:42.896 [info] [Model][openRepository] Opened repository (real path): /home/aniket
2025-08-16 10:15:42.896 [info] [Model][doInitialScan] Initial repository scan completed - repositories (1), closed repositories (0), parent repositories (0), unsafe repositories (0)
2025-08-16 10:15:42.896 [info] > git config --get commit.template [251ms]
2025-08-16 10:15:42.917 [info] > git for-each-ref --format=%(refname)%00%(upstream:short)%00%(objectname)%00%(upstream:track)%00%(upstream:remotename)%00%(upstream:remoteref) refs/heads/main refs/remotes/main [29ms]
2025-08-16 10:15:42.999 [info] > git for-each-ref --sort -committerdate --format %(refname)%00%(objectname)%00%(*objectname) [29ms]
2025-08-16 10:15:51.134 [info] > git status -z -uall [8197ms]
2025-08-16 10:15:52.017 [info] > git check-ignore -v -z --stdin [1148ms]
2025-08-16 10:15:52.021 [info] > git for-each-ref --format=%(refname)%00%(upstream:short)%00%(objectname)%00%(upstream:track)%00%(upstream:remotename)%00%(upstream:remoteref) refs/heads/main refs/remotes/main [656ms]
2025-08-16 10:15:52.097 [info] > git config --get --local branch.main.vscode-merge-base [39ms]
2025-08-16 10:15:52.097 [warning] [Git][config] git config failed: Failed to execute git
2025-08-16 10:15:52.142 [info] > git config --get commit.template [225ms]
2025-08-16 10:15:52.801 [info] > git show --textconv :p.sql [578ms]
2025-08-16 10:15:52.801 [info] > git show --textconv :13_aug.sql [475ms]
2025-08-16 10:15:52.803 [info] > git ls-files --stage -- p.sql [523ms]
2025-08-16 10:15:52.835 [info] > git reflog main --grep-reflog=branch: Created from *. [694ms]
2025-08-16 10:15:52.909 [info] > git symbolic-ref --short refs/remotes/origin/HEAD [40ms]
2025-08-16 10:15:52.909 [info] fatal: ref refs/remotes/origin/HEAD is not a symbolic ref
2025-08-16 10:15:52.909 [warning] [Repository][getDefaultBranch] Failed to get default branch details: Failed to execute git.
2025-08-16 10:15:52.911 [info] > git cat-file -s 8c348fee007cacacd0b063dd2c483b6438644239 [79ms]
2025-08-16 10:15:52.913 [info] > git ls-files --stage -- 13_aug.sql [477ms]
2025-08-16 10:15:53.723 [info] > git cat-file -s 0af52c839df6b7f7cd1b8ff646c3610e34a735b2 [774ms]
2025-08-16 10:15:53.725 [info] > git for-each-ref --format=%(refname)%00%(upstream:short)%00%(objectname)%00%(upstream:track)%00%(upstream:remotename)%00%(upstream:remoteref) refs/heads/main refs/remotes/main [820ms]
2025-08-16 10:15:53.969 [info] > git for-each-ref --sort -committerdate --format %(refname)%00%(objectname)%00%(*objectname) [106ms]
2025-08-16 10:15:54.145 [info] > git blame --root --incremental c4acc18959f4795f3e07ff0c303320ffc0b4710c -- p.sql [22ms]
2025-08-16 10:15:54.628 [info] > git status -z -uall [859ms]
2025-08-16 10:15:58.046 [info] > git config --get commit.template [70ms]
2025-08-16 10:15:58.049 [info] > git for-each-ref --format=%(refname)%00%(upstream:short)%00%(objectname)%00%(upstream:track)%00%(upstream:remotename)%00%(upstream:remoteref) refs/heads/main refs/remotes/main [6ms]
2025-08-16 10:15:58.239 [info] > git for-each-ref --sort -committerdate --format %(refname)%00%(objectname)%00%(*objectname) [10ms]
2025-08-16 10:15:58.784 [info] > git status -z -uall [672ms]
2025-08-16 10:16:03.982 [info] > git config --get commit.template [66ms]
2025-08-16 10:16:03.986 [info] > git for-each-ref --format=%(refname)%00%(upstream:short)%00%(objectname)%00%(upstream:track)%00%(upstream:remotename)%00%(upstream:remoteref) refs/heads/main refs/remotes/main [6ms]
2025-08-16 10:16:04.201 [info] > git for-each-ref --sort -committerdate --format %(refname)%00%(objectname)%00%(*objectname) [9ms]
2025-08-16 10:16:04.698 [info] > git status -z -uall [645ms]
2025-08-16 10:16:09.867 [info] > git config --get commit.template [50ms]
2025-08-16 10:16:09.868 [info] > git for-each-ref --format=%(refname)%00%(upstream:short)%00%(objectname)%00%(upstream:track)%00%(upstream:remotename)%00%(upstream:remoteref) refs/heads/main refs/remotes/main [3ms]
2025-08-16 10:16:09.968 [info] > git for-each-ref --sort -committerdate --format %(refname)%00%(objectname)%00%(*objectname) [5ms]
2025-08-16 10:16:10.393 [info] > git status -z -uall [492ms]
2025-08-16 10:16:15.573 [info] > git config --get commit.template [68ms]
2025-08-16 10:16:15.577 [info] > git for-each-ref --format=%(refname)%00%(upstream:short)%00%(objectname)%00%(upstream:track)%00%(upstream:remotename)%00%(upstream:remoteref) refs/heads/main refs/remotes/main [6ms]
2025-08-16 10:16:15.776 [info] > git for-each-ref --sort -committerdate --format %(refname)%00%(objectname)%00%(*objectname) [16ms]
2025-08-16 10:16:16.268 [info] > git status -z -uall [629ms]
2025-08-16 10:16:17.993 [info] > git blame --root --incremental c4acc18959f4795f3e07ff0c303320ffc0b4710c -- 13_aug.sql [22ms]
2025-08-16 10:16:21.463 [info] > git config --get commit.template [67ms]
2025-08-16 10:16:21.467 [info] > git for-each-ref --format=%(refname)%00%(upstream:short)%00%(objectname)%00%(upstream:track)%00%(upstream:remotename)%00%(upstream:remoteref) refs/heads/main refs/remotes/main [7ms]
2025-08-16 10:16:21.638 [info] > git for-each-ref --sort -committerdate --format %(refname)%00%(objectname)%00%(*objectname) [4ms]
2025-08-16 10:16:22.041 [info] > git status -z -uall [507ms]
2025-08-16 10:16:27.178 [info] > git config --get commit.template [41ms]
2025-08-16 10:16:27.179 [info] > git for-each-ref --format=%(refname)%00%(upstream:short)%00%(objectname)%00%(upstream:track)%00%(upstream:remotename)%00%(upstream:remoteref) refs/heads/main refs/remotes/main [4ms]
2025-08-16 10:16:27.300 [info] > git for-each-ref --sort -committerdate --format %(refname)%00%(objectname)%00%(*objectname) [10ms]
2025-08-16 10:16:28.108 [info] > git status -z -uall [893ms]
2025-08-16 10:16:44.771 [info] > git config --get commit.template [58ms]
2025-08-16 10:16:44.773 [info] > git for-each-ref --format=%(refname)%00%(upstream:short)%00%(objectname)%00%(upstream:track)%00%(upstream:remotename)%00%(upstream:remoteref) refs/heads/main refs/remotes/main [3ms]
2025-08-16 10:16:44.894 [info] > git for-each-ref --sort -committerdate --format %(refname)%00%(objectname)%00%(*objectname) [4ms]
2025-08-16 10:16:45.394 [info] > git status -z -uall [575ms]
2025-08-16 10:16:50.598 [info] > git config --get commit.template [72ms]
2025-08-16 10:16:50.602 [info] > git for-each-ref --format=%(refname)%00%(upstream:short)%00%(objectname)%00%(upstream:track)%00%(upstream:remotename)%00%(upstream:remoteref) refs/heads/main refs/remotes/main [7ms]
2025-08-16 10:16:50.830 [info] > git for-each-ref --sort -committerdate --format %(refname)%00%(objectname)%00%(*objectname) [8ms]
2025-08-16 10:16:51.240 [info] > git status -z -uall [570ms]
2025-08-16 10:16:56.440 [info] > git config --get commit.template [80ms]
2025-08-16 10:16:56.444 [info] > git for-each-ref --format=%(refname)%00%(upstream:short)%00%(objectname)%00%(upstream:track)%00%(upstream:remotename)%00%(upstream:remoteref) refs/heads/main refs/remotes/main [7ms]
2025-08-16 10:16:56.565 [info] > git for-each-ref --sort -committerdate --format %(refname)%00%(objectname)%00%(*objectname) [5ms]
2025-08-16 10:16:57.004 [info] > git status -z -uall [515ms]
2025-08-16 10:17:21.692 [info] > git config --get commit.template [13ms]
2025-08-16 10:17:21.892 [info] > git for-each-ref --format=%(refname)%00%(upstream:short)%00%(objectname)%00%(upstream:track)%00%(upstream:remotename)%00%(upstream:remoteref) refs/heads/main refs/remotes/main [13ms]
2025-08-16 10:17:22.046 [info] > git for-each-ref --sort -committerdate --format %(refname)%00%(objectname)%00%(*objectname) [4ms]
2025-08-16 10:17:22.506 [info] > git status -z -uall [555ms]
2025-08-16 10:17:27.735 [info] > git config --get commit.template [83ms]
2025-08-16 10:17:27.739 [info] > git for-each-ref --format=%(refname)%00%(upstream:short)%00%(objectname)%00%(upstream:track)%00%(upstream:remotename)%00%(upstream:remoteref) refs/heads/main refs/remotes/main [7ms]
2025-08-16 10:17:27.875 [info] > git for-each-ref --sort -committerdate --format %(refname)%00%(objectname)%00%(*objectname) [4ms]
2025-08-16 10:17:28.349 [info] > git status -z -uall [565ms]
2025-08-16 10:17:33.580 [info] > git config --get commit.template [88ms]
2025-08-16 10:17:33.586 [info] > git for-each-ref --format=%(refname)%00%(upstream:short)%00%(objectname)%00%(upstream:track)%00%(upstream:remotename)%00%(upstream:remoteref) refs/heads/main refs/remotes/main [8ms]
2025-08-16 10:17:33.762 [info] > git for-each-ref --sort -committerdate --format %(refname)%00%(objectname)%00%(*objectname) [4ms]
2025-08-16 10:17:34.194 [info] > git status -z -uall [517ms]
2025-08-16 10:17:39.321 [info] > git config --get commit.template [6ms]
2025-08-16 10:17:39.393 [info] > git for-each-ref --format=%(refname)%00%(upstream:short)%00%(objectname)%00%(upstream:track)%00%(upstream:remotename)%00%(upstream:remoteref) refs/heads/main refs/remotes/main [4ms]
2025-08-16 10:17:39.587 [info] > git for-each-ref --sort -committerdate --format %(refname)%00%(objectname)%00%(*objectname) [11ms]
2025-08-16 10:17:40.291 [info] > git status -z -uall [812ms]
2025-08-16 10:17:45.657 [info] > git config --get commit.template [135ms]
2025-08-16 10:17:45.665 [info] > git for-each-ref --format=%(refname)%00%(upstream:short)%00%(objectname)%00%(upstream:track)%00%(upstream:remotename)%00%(upstream:remoteref) refs/heads/main refs/remotes/main [12ms]
2025-08-16 10:17:45.907 [info] > git for-each-ref --sort -committerdate --format %(refname)%00%(objectname)%00%(*objectname) [4ms]
2025-08-16 10:17:46.371 [info] > git status -z -uall [553ms]
2025-08-16 10:17:51.577 [info] > git config --get commit.template [78ms]
2025-08-16 10:17:51.582 [info] > git for-each-ref --format=%(refname)%00%(upstream:short)%00%(objectname)%00%(upstream:track)%00%(upstream:remotename)%00%(upstream:remoteref) refs/heads/main refs/remotes/main [6ms]
2025-08-16 10:17:51.821 [info] > git for-each-ref --sort -committerdate --format %(refname)%00%(objectname)%00%(*objectname) [12ms]
2025-08-16 10:17:52.260 [info] > git status -z -uall [602ms]
2025-08-16 10:17:57.513 [info] > git config --get commit.template [88ms]
2025-08-16 10:17:57.515 [info] > git for-each-ref --format=%(refname)%00%(upstream:short)%00%(objectname)%00%(upstream:track)%00%(upstream:remotename)%00%(upstream:remoteref) refs/heads/main refs/remotes/main [4ms]
2025-08-16 10:17:57.661 [info] > git for-each-ref --sort -committerdate --format %(refname)%00%(objectname)%00%(*objectname) [4ms]
2025-08-16 10:17:58.110 [info] > git status -z -uall [550ms]
2025-08-16 10:18:03.422 [info] > git config --get commit.template [99ms]
2025-08-16 10:18:03.426 [info] > git for-each-ref --format=%(refname)%00%(upstream:short)%00%(objectname)%00%(upstream:track)%00%(upstream:remotename)%00%(upstream:remoteref) refs/heads/main refs/remotes/main [7ms]
2025-08-16 10:18:03.639 [info] > git for-each-ref --sort -committerdate --format %(refname)%00%(objectname)%00%(*objectname) [6ms]
2025-08-16 10:18:04.081 [info] > git status -z -uall [588ms]
2025-08-16 10:18:09.314 [info] > git config --get commit.template [86ms]
2025-08-16 10:18:09.316 [info] > git for-each-ref --format=%(refname)%00%(upstream:short)%00%(objectname)%00%(upstream:track)%00%(upstream:remotename)%00%(upstream:remoteref) refs/heads/main refs/remotes/main [4ms]
2025-08-16 10:18:09.437 [info] > git for-each-ref --sort -committerdate --format %(refname)%00%(objectname)%00%(*objectname) [4ms]
2025-08-16 10:18:09.854 [info] > git status -z -uall [496ms]
2025-08-16 10:18:15.212 [info] > git config --get commit.template [128ms]
2025-08-16 10:18:15.215 [info] > git for-each-ref --format=%(refname)%00%(upstream:short)%00%(objectname)%00%(upstream:track)%00%(upstream:remotename)%00%(upstream:remoteref) refs/heads/main refs/remotes/main [6ms]
2025-08-16 10:18:15.453 [info] > git for-each-ref --sort -committerdate --format %(refname)%00%(objectname)%00%(*objectname) [5ms]
2025-08-16 10:18:15.901 [info] > git status -z -uall [597ms]
2025-08-16 10:18:21.118 [info] > git config --get commit.template [84ms]
2025-08-16 10:18:21.122 [info] > git for-each-ref --format=%(refname)%00%(upstream:short)%00%(objectname)%00%(upstream:track)%00%(upstream:remotename)%00%(upstream:remoteref) refs/heads/main refs/remotes/main [5ms]
2025-08-16 10:18:21.313 [info] > git for-each-ref --sort -committerdate --format %(refname)%00%(objectname)%00%(*objectname) [4ms]
2025-08-16 10:18:21.727 [info] > git status -z -uall [520ms]
2025-08-16 10:18:26.954 [info] > git config --get commit.template [95ms]
2025-08-16 10:18:26.959 [info] > git for-each-ref --format=%(refname)%00%(upstream:short)%00%(objectname)%00%(upstream:track)%00%(upstream:remotename)%00%(upstream:remoteref) refs/heads/main refs/remotes/main [7ms]
2025-08-16 10:18:27.147 [info] > git for-each-ref --sort -committerdate --format %(refname)%00%(objectname)%00%(*objectname) [3ms]
2025-08-16 10:18:27.600 [info] > git status -z -uall [552ms]
2025-08-16 10:18:32.799 [info] > git config --get commit.template [76ms]
2025-08-16 10:18:32.803 [info] > git for-each-ref --format=%(refname)%00%(upstream:short)%00%(objectname)%00%(upstream:track)%00%(upstream:remotename)%00%(upstream:remoteref) refs/heads/main refs/remotes/main [7ms]
2025-08-16 10:18:32.966 [info] > git for-each-ref --sort -committerdate --format %(refname)%00%(objectname)%00%(*objectname) [5ms]
2025-08-16 10:18:33.356 [info] > git status -z -uall [494ms]
2025-08-16 10:18:38.548 [info] > git config --get commit.template [76ms]
2025-08-16 10:18:38.552 [info] > git for-each-ref --format=%(refname)%00%(upstream:short)%00%(objectname)%00%(upstream:track)%00%(upstream:remotename)%00%(upstream:remoteref) refs/heads/main refs/remotes/main [7ms]
2025-08-16 10:18:38.682 [info] > git for-each-ref --sort -committerdate --format %(refname)%00%(objectname)%00%(*objectname) [3ms]
2025-08-16 10:18:39.080 [info] > git status -z -uall [467ms]
2025-08-16 10:18:44.281 [info] > git config --get commit.template [78ms]
2025-08-16 10:18:44.285 [info] > git for-each-ref --format=%(refname)%00%(upstream:short)%00%(objectname)%00%(upstream:track)%00%(upstream:remotename)%00%(upstream:remoteref) refs/heads/main refs/remotes/main [6ms]
2025-08-16 10:18:44.475 [info] > git for-each-ref --sort -committerdate --format %(refname)%00%(objectname)%00%(*objectname) [3ms]
2025-08-16 10:18:44.845 [info] > git status -z -uall [488ms]
2025-08-16 10:18:50.033 [info] > git config --get commit.template [70ms]
2025-08-16 10:18:50.034 [info] > git for-each-ref --format=%(refname)%00%(upstream:short)%00%(objectname)%00%(upstream:track)%00%(upstream:remotename)%00%(upstream:remoteref) refs/heads/main refs/remotes/main [3ms]
2025-08-16 10:18:50.152 [info] > git for-each-ref --sort -committerdate --format %(refname)%00%(objectname)%00%(*objectname) [3ms]
2025-08-16 10:18:50.545 [info] > git status -z -uall [471ms]
2025-08-16 10:19:04.187 [info] > git config --get commit.template [90ms]
2025-08-16 10:19:04.191 [info] > git for-each-ref --format=%(refname)%00%(upstream:short)%00%(objectname)%00%(upstream:track)%00%(upstream:remotename)%00%(upstream:remoteref) refs/heads/main refs/remotes/main [6ms]
2025-08-16 10:19:04.417 [info] > git for-each-ref --sort -committerdate --format %(refname)%00%(objectname)%00%(*objectname) [4ms]
2025-08-16 10:19:04.790 [info] > git status -z -uall [513ms]
2025-08-16 10:19:10.151 [info] > git config --get commit.template [96ms]
2025-08-16 10:19:10.156 [info] > git for-each-ref --format=%(refname)%00%(upstream:short)%00%(objectname)%00%(upstream:track)%00%(upstream:remotename)%00%(upstream:remoteref) refs/heads/main refs/remotes/main [9ms]
2025-08-16 10:19:10.392 [info] > git for-each-ref --sort -committerdate --format %(refname)%00%(objectname)%00%(*objectname) [5ms]
2025-08-16 10:19:10.885 [info] > git status -z -uall [624ms]
2025-08-16 10:19:16.210 [info] > git for-each-ref --format=%(refname)%00%(upstream:short)%00%(objectname)%00%(upstream:track)%00%(upstream:remotename)%00%(upstream:remoteref) refs/heads/main refs/remotes/main [43ms]
2025-08-16 10:19:16.210 [info] > git config --get commit.template [154ms]
2025-08-16 10:19:16.346 [info] > git for-each-ref --sort -committerdate --format %(refname)%00%(objectname)%00%(*objectname) [5ms]
2025-08-16 10:19:16.853 [info] > git status -z -uall [593ms]
2025-08-16 10:19:22.105 [info] > git config --get commit.template [103ms]
2025-08-16 10:19:22.109 [info] > git for-each-ref --format=%(refname)%00%(upstream:short)%00%(objectname)%00%(upstream:track)%00%(upstream:remotename)%00%(upstream:remoteref) refs/heads/main refs/remotes/main [10ms]
2025-08-16 10:19:22.407 [info] > git for-each-ref --sort -committerdate --format %(refname)%00%(objectname)%00%(*objectname) [6ms]
2025-08-16 10:19:23.093 [info] > git status -z -uall [886ms]
2025-08-16 10:19:28.345 [info] > git config --get commit.template [99ms]
2025-08-16 10:19:28.349 [info] > git for-each-ref --format=%(refname)%00%(upstream:short)%00%(objectname)%00%(upstream:track)%00%(upstream:remotename)%00%(upstream:remoteref) refs/heads/main refs/remotes/main [9ms]
2025-08-16 10:19:28.612 [info] > git for-each-ref --sort -committerdate --format %(refname)%00%(objectname)%00%(*objectname) [9ms]
2025-08-16 10:19:29.289 [info] > git status -z -uall [827ms]
2025-08-16 10:19:34.526 [info] > git config --get commit.template [13ms]
2025-08-16 10:19:34.641 [info] > git for-each-ref --format=%(refname)%00%(upstream:short)%00%(objectname)%00%(upstream:track)%00%(upstream:remotename)%00%(upstream:remoteref) refs/heads/main refs/remotes/main [16ms]
2025-08-16 10:19:35.006 [info] > git for-each-ref --sort -committerdate --format %(refname)%00%(objectname)%00%(*objectname) [146ms]
2025-08-16 10:19:35.559 [info] > git status -z -uall [823ms]
2025-08-16 10:19:40.878 [info] > git config --get commit.template [57ms]
2025-08-16 10:19:40.880 [info] > git for-each-ref --format=%(refname)%00%(upstream:short)%00%(objectname)%00%(upstream:track)%00%(upstream:remotename)%00%(upstream:remoteref) refs/heads/main refs/remotes/main [3ms]
2025-08-16 10:19:41.023 [info] > git for-each-ref --sort -committerdate --format %(refname)%00%(objectname)%00%(*objectname) [5ms]
2025-08-16 10:19:41.456 [info] > git status -z -uall [527ms]
2025-08-16 10:20:54.892 [info] > git check-ignore -v -z --stdin [36ms]
2025-08-16 10:24:49.254 [info] > git config --get commit.template [48ms]
2025-08-16 10:24:49.257 [info] > git for-each-ref --format=%(refname)%00%(upstream:short)%00%(objectname)%00%(upstream:track)%00%(upstream:remotename)%00%(upstream:remoteref) refs/heads/main refs/remotes/main [5ms]
2025-08-16 10:24:49.525 [info] > git for-each-ref --sort -committerdate --format %(refname)%00%(objectname)%00%(*objectname) [6ms]
2025-08-16 10:24:50.173 [info] > git status -z -uall [834ms]
2025-08-16 10:25:39.833 [info] > git config --get commit.template [8ms]
2025-08-16 10:25:39.925 [info] > git for-each-ref --format=%(refname)%00%(upstream:short)%00%(objectname)%00%(upstream:track)%00%(upstream:remotename)%00%(upstream:remoteref) refs/heads/main refs/remotes/main [6ms]
2025-08-16 10:25:40.124 [info] > git for-each-ref --sort -committerdate --format %(refname)%00%(objectname)%00%(*objectname) [8ms]
2025-08-16 10:25:40.726 [info] > git status -z -uall [740ms]
2025-08-16 10:26:10.423 [info] > git config --get commit.template [127ms]
2025-08-16 10:26:10.427 [info] > git for-each-ref --format=%(refname)%00%(upstream:short)%00%(objectname)%00%(upstream:track)%00%(upstream:remotename)%00%(upstream:remoteref) refs/heads/main refs/remotes/main [7ms]
2025-08-16 10:26:10.615 [info] > git for-each-ref --sort -committerdate --format %(refname)%00%(objectname)%00%(*objectname) [16ms]
2025-08-16 10:26:11.497 [info] > git status -z -uall [998ms]
2025-08-16 10:26:16.762 [info] > git config --get commit.template [84ms]
2025-08-16 10:26:16.766 [info] > git for-each-ref --format=%(refname)%00%(upstream:short)%00%(objectname)%00%(upstream:track)%00%(upstream:remotename)%00%(upstream:remoteref) refs/heads/main refs/remotes/main [6ms]
2025-08-16 10:26:17.026 [info] > git for-each-ref --sort -committerdate --format %(refname)%00%(objectname)%00%(*objectname) [10ms]
2025-08-16 10:26:17.533 [info] > git status -z -uall [690ms]
2025-08-16 10:26:22.793 [info] > git config --get commit.template [82ms]
2025-08-16 10:26:22.799 [info] > git for-each-ref --format=%(refname)%00%(upstream:short)%00%(objectname)%00%(upstream:track)%00%(upstream:remotename)%00%(upstream:remoteref) refs/heads/main refs/remotes/main [10ms]
2025-08-16 10:26:23.038 [info] > git for-each-ref --sort -committerdate --format %(refname)%00%(objectname)%00%(*objectname) [8ms]
2025-08-16 10:26:23.553 [info] > git status -z -uall [655ms]
2025-08-16 10:26:50.222 [info] > git config --get commit.template [13ms]
2025-08-16 10:26:50.325 [info] > git for-each-ref --format=%(refname)%00%(upstream:short)%00%(objectname)%00%(upstream:track)%00%(upstream:remotename)%00%(upstream:remoteref) refs/heads/main refs/remotes/main [8ms]
2025-08-16 10:26:50.513 [info] > git for-each-ref --sort -committerdate --format %(refname)%00%(objectname)%00%(*objectname) [13ms]
2025-08-16 10:26:51.059 [info] > git status -z -uall [678ms]
2025-08-16 10:26:56.274 [info] > git config --get commit.template [75ms]
2025-08-16 10:26:56.277 [info] > git for-each-ref --format=%(refname)%00%(upstream:short)%00%(objectname)%00%(upstream:track)%00%(upstream:remotename)%00%(upstream:remoteref) refs/heads/main refs/remotes/main [6ms]
2025-08-16 10:26:56.479 [info] > git for-each-ref --sort -committerdate --format %(refname)%00%(objectname)%00%(*objectname) [4ms]
2025-08-16 10:26:56.893 [info] > git status -z -uall [548ms]
2025-08-16 10:27:02.081 [info] > git config --get commit.template [16ms]
2025-08-16 10:27:02.193 [info] > git for-each-ref --format=%(refname)%00%(upstream:short)%00%(objectname)%00%(upstream:track)%00%(upstream:remotename)%00%(upstream:remoteref) refs/heads/main refs/remotes/main [11ms]
2025-08-16 10:27:02.443 [info] > git for-each-ref --sort -committerdate --format %(refname)%00%(objectname)%00%(*objectname) [11ms]
2025-08-16 10:27:02.974 [info] > git status -z -uall [670ms]
2025-08-16 10:27:14.394 [info] > git config --get commit.template [67ms]
2025-08-16 10:27:14.400 [info] > git for-each-ref --format=%(refname)%00%(upstream:short)%00%(objectname)%00%(upstream:track)%00%(upstream:remotename)%00%(upstream:remoteref) refs/heads/main refs/remotes/main [8ms]
2025-08-16 10:27:14.682 [info] > git for-each-ref --sort -committerdate --format %(refname)%00%(objectname)%00%(*objectname) [8ms]
2025-08-16 10:27:15.240 [info] > git status -z -uall [768ms]
2025-08-16 10:27:27.935 [info] > git config --get commit.template [21ms]
2025-08-16 10:27:28.034 [info] > git for-each-ref --format=%(refname)%00%(upstream:short)%00%(objectname)%00%(upstream:track)%00%(upstream:remotename)%00%(upstream:remoteref) refs/heads/main refs/remotes/main [6ms]
2025-08-16 10:27:28.208 [info] > git for-each-ref --sort -committerdate --format %(refname)%00%(objectname)%00%(*objectname) [7ms]
2025-08-16 10:27:28.674 [info] > git status -z -uall [586ms]
2025-08-16 10:27:42.783 [info] > git config --get commit.template [8ms]
2025-08-16 10:27:42.867 [info] > git for-each-ref --format=%(refname)%00%(upstream:short)%00%(objectname)%00%(upstream:track)%00%(upstream:remotename)%00%(upstream:remoteref) refs/heads/main refs/remotes/main [8ms]
2025-08-16 10:27:43.126 [info] > git for-each-ref --sort -committerdate --format %(refname)%00%(objectname)%00%(*objectname) [7ms]
2025-08-16 10:27:43.525 [info] > git status -z -uall [581ms]
2025-08-16 10:27:48.916 [info] > git config --get commit.template [151ms]
2025-08-16 10:27:48.918 [info] > git for-each-ref --format=%(refname)%00%(upstream:short)%00%(objectname)%00%(upstream:track)%00%(upstream:remotename)%00%(upstream:remoteref) refs/heads/main refs/remotes/main [8ms]
2025-08-16 10:27:49.112 [info] > git for-each-ref --sort -committerdate --format %(refname)%00%(objectname)%00%(*objectname) [8ms]
2025-08-16 10:27:49.628 [info] > git status -z -uall [643ms]
2025-08-16 10:27:54.873 [info] > git config --get commit.template [97ms]
2025-08-16 10:27:54.879 [info] > git for-each-ref --format=%(refname)%00%(upstream:short)%00%(objectname)%00%(upstream:track)%00%(upstream:remotename)%00%(upstream:remoteref) refs/heads/main refs/remotes/main [11ms]
2025-08-16 10:27:55.145 [info] > git for-each-ref --sort -committerdate --format %(refname)%00%(objectname)%00%(*objectname) [9ms]
2025-08-16 10:27:55.614 [info] > git status -z -uall [644ms]
2025-08-16 10:28:00.821 [info] > git config --get commit.template [82ms]
2025-08-16 10:28:00.825 [info] > git for-each-ref --format=%(refname)%00%(upstream:short)%00%(objectname)%00%(upstream:track)%00%(upstream:remotename)%00%(upstream:remoteref) refs/heads/main refs/remotes/main [8ms]
2025-08-16 10:28:00.978 [info] > git for-each-ref --sort -committerdate --format %(refname)%00%(objectname)%00%(*objectname) [5ms]
2025-08-16 10:28:01.411 [info] > git status -z -uall [512ms]
2025-08-16 10:28:06.609 [info] > git config --get commit.template [75ms]
2025-08-16 10:28:06.612 [info] > git for-each-ref --format=%(refname)%00%(upstream:short)%00%(objectname)%00%(upstream:track)%00%(upstream:remotename)%00%(upstream:remoteref) refs/heads/main refs/remotes/main [5ms]
2025-08-16 10:28:06.791 [info] > git for-each-ref --sort -committerdate --format %(refname)%00%(objectname)%00%(*objectname) [4ms]
2025-08-16 10:28:07.183 [info] > git status -z -uall [504ms]
2025-08-16 10:28:12.485 [info] > git config --get commit.template [107ms]
2025-08-16 10:28:12.492 [info] > git for-each-ref --format=%(refname)%00%(upstream:short)%00%(objectname)%00%(upstream:track)%00%(upstream:remotename)%00%(upstream:remoteref) refs/heads/main refs/remotes/main [10ms]
2025-08-16 10:28:12.690 [info] > git for-each-ref --sort -committerdate --format %(refname)%00%(objectname)%00%(*objectname) [5ms]
2025-08-16 10:28:13.123 [info] > git status -z -uall [524ms]
2025-08-16 10:28:18.259 [info] > git config --get commit.template [8ms]
2025-08-16 10:28:18.341 [info] > git for-each-ref --format=%(refname)%00%(upstream:short)%00%(objectname)%00%(upstream:track)%00%(upstream:remotename)%00%(upstream:remoteref) refs/heads/main refs/remotes/main [6ms]
2025-08-16 10:28:18.610 [info] > git for-each-ref --sort -committerdate --format %(refname)%00%(objectname)%00%(*objectname) [7ms]
2025-08-16 10:28:19.041 [info] > git status -z -uall [624ms]
2025-08-16 10:28:24.305 [info] > git config --get commit.template [16ms]
2025-08-16 10:28:24.411 [info] > git for-each-ref --format=%(refname)%00%(upstream:short)%00%(objectname)%00%(upstream:track)%00%(upstream:remotename)%00%(upstream:remoteref) refs/heads/main refs/remotes/main [11ms]
2025-08-16 10:28:24.603 [info] > git for-each-ref --sort -committerdate --format %(refname)%00%(objectname)%00%(*objectname) [6ms]
2025-08-16 10:28:25.090 [info] > git status -z -uall [599ms]
2025-08-16 10:28:30.364 [info] > git config --get commit.template [110ms]
2025-08-16 10:28:30.367 [info] > git for-each-ref --format=%(refname)%00%(upstream:short)%00%(objectname)%00%(upstream:track)%00%(upstream:remotename)%00%(upstream:remoteref) refs/heads/main refs/remotes/main [5ms]
2025-08-16 10:28:30.496 [info] > git for-each-ref --sort -committerdate --format %(refname)%00%(objectname)%00%(*objectname) [3ms]
2025-08-16 10:28:30.942 [info] > git status -z -uall [534ms]
2025-08-16 10:28:36.167 [info] > git config --get commit.template [47ms]
2025-08-16 10:28:36.169 [info] > git for-each-ref --format=%(refname)%00%(upstream:short)%00%(objectname)%00%(upstream:track)%00%(upstream:remotename)%00%(upstream:remoteref) refs/heads/main refs/remotes/main [3ms]
2025-08-16 10:28:36.282 [info] > git for-each-ref --sort -committerdate --format %(refname)%00%(objectname)%00%(*objectname) [3ms]
2025-08-16 10:28:36.728 [info] > git status -z -uall [519ms]
2025-08-16 10:28:41.993 [info] > git config --get commit.template [99ms]
2025-08-16 10:28:41.998 [info] > git for-each-ref --format=%(refname)%00%(upstream:short)%00%(objectname)%00%(upstream:track)%00%(upstream:remotename)%00%(upstream:remoteref) refs/heads/main refs/remotes/main [9ms]
2025-08-16 10:28:42.185 [info] > git for-each-ref --sort -committerdate --format %(refname)%00%(objectname)%00%(*objectname) [5ms]
2025-08-16 10:28:42.666 [info] > git status -z -uall [624ms]
2025-08-16 10:29:01.232 [info] > git config --get commit.template [9ms]
2025-08-16 10:29:01.291 [info] > git for-each-ref --format=%(refname)%00%(upstream:short)%00%(objectname)%00%(upstream:track)%00%(upstream:remotename)%00%(upstream:remoteref) refs/heads/main refs/remotes/main [5ms]
2025-08-16 10:29:01.501 [info] > git for-each-ref --sort -committerdate --format %(refname)%00%(objectname)%00%(*objectname) [4ms]
2025-08-16 10:29:01.927 [info] > git status -z -uall [568ms]
2025-08-16 10:29:07.776 [info] > git config --get commit.template [127ms]
2025-08-16 10:29:07.782 [info] > git for-each-ref --format=%(refname)%00%(upstream:short)%00%(objectname)%00%(upstream:track)%00%(upstream:remotename)%00%(upstream:remoteref) refs/heads/main refs/remotes/main [10ms]
2025-08-16 10:29:07.985 [info] > git for-each-ref --sort -committerdate --format %(refname)%00%(objectname)%00%(*objectname) [4ms]
2025-08-16 10:29:08.521 [info] > git status -z -uall [621ms]
2025-08-16 10:29:56.033 [info] > git config --get commit.template [92ms]
2025-08-16 10:29:56.040 [info] > git for-each-ref --format=%(refname)%00%(upstream:short)%00%(objectname)%00%(upstream:track)%00%(upstream:remotename)%00%(upstream:remoteref) refs/heads/main refs/remotes/main [9ms]
2025-08-16 10:29:56.300 [info] > git for-each-ref --sort -committerdate --format %(refname)%00%(objectname)%00%(*objectname) [8ms]
2025-08-16 10:29:56.723 [info] > git status -z -uall [591ms]
2025-08-16 10:30:01.949 [info] > git config --get commit.template [83ms]
2025-08-16 10:30:01.952 [info] > git for-each-ref --format=%(refname)%00%(upstream:short)%00%(objectname)%00%(upstream:track)%00%(upstream:remotename)%00%(upstream:remoteref) refs/heads/main refs/remotes/main [7ms]
2025-08-16 10:30:02.221 [info] > git for-each-ref --sort -committerdate --format %(refname)%00%(objectname)%00%(*objectname) [8ms]
2025-08-16 10:30:02.701 [info] > git status -z -uall [671ms]
2025-08-16 10:30:07.942 [info] > git config --get commit.template [7ms]
2025-08-16 10:30:08.045 [info] > git for-each-ref --format=%(refname)%00%(upstream:short)%00%(objectname)%00%(upstream:track)%00%(upstream:remotename)%00%(upstream:remoteref) refs/heads/main refs/remotes/main [6ms]
2025-08-16 10:30:08.287 [info] > git for-each-ref --sort -committerdate --format %(refname)%00%(objectname)%00%(*objectname) [8ms]
2025-08-16 10:30:08.793 [info] > git status -z -uall [669ms]
2025-08-16 10:30:14.035 [info] > git config --get commit.template [97ms]
2025-08-16 10:30:14.039 [info] > git for-each-ref --format=%(refname)%00%(upstream:short)%00%(objectname)%00%(upstream:track)%00%(upstream:remotename)%00%(upstream:remoteref) refs/heads/main refs/remotes/main [8ms]
2025-08-16 10:30:14.174 [info] > git for-each-ref --sort -committerdate --format %(refname)%00%(objectname)%00%(*objectname) [4ms]
2025-08-16 10:30:14.664 [info] > git status -z -uall [578ms]
2025-08-16 10:30:19.938 [info] > git for-each-ref --format=%(refname)%00%(upstream:short)%00%(objectname)%00%(upstream:track)%00%(upstream:remotename)%00%(upstream:remoteref) refs/heads/main refs/remotes/main [18ms]
2025-08-16 10:30:19.942 [info] > git config --get commit.template [124ms]
2025-08-16 10:30:20.213 [info] > git for-each-ref --sort -committerdate --format %(refname)%00%(objectname)%00%(*objectname) [9ms]
2025-08-16 10:30:20.694 [info] > git status -z -uall [568ms]
2025-08-16 10:30:30.025 [info] > git config --get commit.template [6ms]
2025-08-16 10:30:30.109 [info] > git for-each-ref --format=%(refname)%00%(upstream:short)%00%(objectname)%00%(upstream:track)%00%(upstream:remotename)%00%(upstream:remoteref) refs/heads/main refs/remotes/main [11ms]
2025-08-16 10:30:30.271 [info] > git for-each-ref --sort -committerdate --format %(refname)%00%(objectname)%00%(*objectname) [8ms]
2025-08-16 10:30:30.763 [info] > git status -z -uall [585ms]
2025-08-16 10:30:36.060 [info] > git config --get commit.template [129ms]
2025-08-16 10:30:36.063 [info] > git for-each-ref --format=%(refname)%00%(upstream:short)%00%(objectname)%00%(upstream:track)%00%(upstream:remotename)%00%(upstream:remoteref) refs/heads/main refs/remotes/main [12ms]
2025-08-16 10:30:36.299 [info] > git for-each-ref --sort -committerdate --format %(refname)%00%(objectname)%00%(*objectname) [5ms]
2025-08-16 10:30:36.904 [info] > git status -z -uall [715ms]
2025-08-16 10:30:47.686 [info] > git config --get commit.template [59ms]
2025-08-16 10:30:47.689 [info] > git for-each-ref --format=%(refname)%00%(upstream:short)%00%(objectname)%00%(upstream:track)%00%(upstream:remotename)%00%(upstream:remoteref) refs/heads/main refs/remotes/main [6ms]
2025-08-16 10:30:47.823 [info] > git for-each-ref --sort -committerdate --format %(refname)%00%(objectname)%00%(*objectname) [7ms]
2025-08-16 10:30:48.241 [info] > git status -z -uall [508ms]
2025-08-16 10:30:53.537 [info] > git config --get commit.template [126ms]
2025-08-16 10:30:53.547 [info] > git for-each-ref --format=%(refname)%00%(upstream:short)%00%(objectname)%00%(upstream:track)%00%(upstream:remotename)%00%(upstream:remoteref) refs/heads/main refs/remotes/main [11ms]
2025-08-16 10:30:53.720 [info] > git for-each-ref --sort -committerdate --format %(refname)%00%(objectname)%00%(*objectname) [15ms]
2025-08-16 10:30:54.195 [info] > git status -z -uall [584ms]
2025-08-16 10:30:54.773 [info] > git check-ignore -v -z --stdin [14ms]
2025-08-16 10:30:59.379 [info] > git config --get commit.template [9ms]
2025-08-16 10:30:59.514 [info] > git for-each-ref --format=%(refname)%00%(upstream:short)%00%(objectname)%00%(upstream:track)%00%(upstream:remotename)%00%(upstream:remoteref) refs/heads/main refs/remotes/main [13ms]
2025-08-16 10:30:59.854 [info] > git for-each-ref --sort -committerdate --format %(refname)%00%(objectname)%00%(*objectname) [7ms]
2025-08-16 10:31:00.627 [info] > git status -z -uall [938ms]
2025-08-16 10:31:05.903 [info] > git config --get commit.template [108ms]
2025-08-16 10:31:05.906 [info] > git for-each-ref --format=%(refname)%00%(upstream:short)%00%(objectname)%00%(upstream:track)%00%(upstream:remotename)%00%(upstream:remoteref) refs/heads/main refs/remotes/main [6ms]
2025-08-16 10:31:06.081 [info] > git for-each-ref --sort -committerdate --format %(refname)%00%(objectname)%00%(*objectname) [8ms]
2025-08-16 10:31:06.600 [info] > git status -z -uall [627ms]
2025-08-16 10:32:01.779 [info] > git config --get commit.template [69ms]
2025-08-16 10:32:01.781 [info] > git for-each-ref --format=%(refname)%00%(upstream:short)%00%(objectname)%00%(upstream:track)%00%(upstream:remotename)%00%(upstream:remoteref) refs/heads/main refs/remotes/main [4ms]
2025-08-16 10:32:01.950 [info] > git for-each-ref --sort -committerdate --format %(refname)%00%(objectname)%00%(*objectname) [5ms]
2025-08-16 10:32:02.508 [info] > git status -z -uall [674ms]
2025-08-16 10:32:07.757 [info] > git config --get commit.template [91ms]
2025-08-16 10:32:07.761 [info] > git for-each-ref --format=%(refname)%00%(upstream:short)%00%(objectname)%00%(upstream:track)%00%(upstream:remotename)%00%(upstream:remoteref) refs/heads/main refs/remotes/main [7ms]
2025-08-16 10:32:07.898 [info] > git for-each-ref --sort -committerdate --format %(refname)%00%(objectname)%00%(*objectname) [6ms]
2025-08-16 10:32:08.367 [info] > git status -z -uall [553ms]
2025-08-16 10:32:13.613 [info] > git config --get commit.template [95ms]
2025-08-16 10:32:13.617 [info] > git for-each-ref --format=%(refname)%00%(upstream:short)%00%(objectname)%00%(upstream:track)%00%(upstream:remotename)%00%(upstream:remoteref) refs/heads/main refs/remotes/main [7ms]
2025-08-16 10:32:13.885 [info] > git for-each-ref --sort -committerdate --format %(refname)%00%(objectname)%00%(*objectname) [4ms]
2025-08-16 10:32:14.330 [info] > git status -z -uall [627ms]
2025-08-16 10:32:19.537 [info] > git config --get commit.template [80ms]
2025-08-16 10:32:19.541 [info] > git for-each-ref --format=%(refname)%00%(upstream:short)%00%(objectname)%00%(upstream:track)%00%(upstream:remotename)%00%(upstream:remoteref) refs/heads/main refs/remotes/main [6ms]
2025-08-16 10:32:19.741 [info] > git for-each-ref --sort -committerdate --format %(refname)%00%(objectname)%00%(*objectname) [5ms]
2025-08-16 10:32:20.208 [info] > git status -z -uall [589ms]
2025-08-16 10:32:25.419 [info] > git config --get commit.template [80ms]
2025-08-16 10:32:25.423 [info] > git for-each-ref --format=%(refname)%00%(upstream:short)%00%(objectname)%00%(upstream:track)%00%(upstream:remotename)%00%(upstream:remoteref) refs/heads/main refs/remotes/main [7ms]
2025-08-16 10:32:25.534 [info] > git for-each-ref --sort -committerdate --format %(refname)%00%(objectname)%00%(*objectname) [3ms]
2025-08-16 10:32:25.952 [info] > git status -z -uall [488ms]
2025-08-16 10:32:31.149 [info] > git config --get commit.template [75ms]
2025-08-16 10:32:31.152 [info] > git for-each-ref --format=%(refname)%00%(upstream:short)%00%(objectname)%00%(upstream:track)%00%(upstream:remotename)%00%(upstream:remoteref) refs/heads/main refs/remotes/main [6ms]
2025-08-16 10:32:31.309 [info] > git for-each-ref --sort -committerdate --format %(refname)%00%(objectname)%00%(*objectname) [4ms]
2025-08-16 10:32:31.778 [info] > git status -z -uall [547ms]
2025-08-16 10:32:36.975 [info] > git config --get commit.template [74ms]
2025-08-16 10:32:36.980 [info] > git for-each-ref --format=%(refname)%00%(upstream:short)%00%(objectname)%00%(upstream:track)%00%(upstream:remotename)%00%(upstream:remoteref) refs/heads/main refs/remotes/main [7ms]
2025-08-16 10:32:37.155 [info] > git for-each-ref --sort -committerdate --format %(refname)%00%(objectname)%00%(*objectname) [5ms]
2025-08-16 10:32:37.537 [info] > git status -z -uall [485ms]
2025-08-16 10:32:42.733 [info] > git config --get commit.template [75ms]
2025-08-16 10:32:42.736 [info] > git for-each-ref --format=%(refname)%00%(upstream:short)%00%(objectname)%00%(upstream:track)%00%(upstream:remotename)%00%(upstream:remoteref) refs/heads/main refs/remotes/main [5ms]
2025-08-16 10:32:42.924 [info] > git for-each-ref --sort -committerdate --format %(refname)%00%(objectname)%00%(*objectname) [3ms]
2025-08-16 10:32:43.319 [info] > git status -z -uall [515ms]
2025-08-16 10:32:48.541 [info] > git config --get commit.template [92ms]
2025-08-16 10:32:48.543 [info] > git for-each-ref --format=%(refname)%00%(upstream:short)%00%(objectname)%00%(upstream:track)%00%(upstream:remotename)%00%(upstream:remoteref) refs/heads/main refs/remotes/main [8ms]
2025-08-16 10:32:48.762 [info] > git for-each-ref --sort -committerdate --format %(refname)%00%(objectname)%00%(*objectname) [3ms]
2025-08-16 10:32:49.164 [info] > git status -z -uall [544ms]
2025-08-16 10:32:54.397 [info] > git config --get commit.template [62ms]
2025-08-16 10:32:54.399 [info] > git for-each-ref --format=%(refname)%00%(upstream:short)%00%(objectname)%00%(upstream:track)%00%(upstream:remotename)%00%(upstream:remoteref) refs/heads/main refs/remotes/main [4ms]
2025-08-16 10:32:54.536 [info] > git for-each-ref --sort -committerdate --format %(refname)%00%(objectname)%00%(*objectname) [5ms]
2025-08-16 10:32:55.053 [info] > git status -z -uall [610ms]
2025-08-16 10:33:00.413 [info] > git config --get commit.template [169ms]
2025-08-16 10:33:00.421 [info] > git for-each-ref --format=%(refname)%00%(upstream:short)%00%(objectname)%00%(upstream:track)%00%(upstream:remotename)%00%(upstream:remoteref) refs/heads/main refs/remotes/main [19ms]
2025-08-16 10:33:00.655 [info] > git for-each-ref --sort -committerdate --format %(refname)%00%(objectname)%00%(*objectname) [6ms]
2025-08-16 10:33:01.142 [info] > git status -z -uall [571ms]
2025-08-16 10:33:06.353 [info] > git config --get commit.template [82ms]
2025-08-16 10:33:06.357 [info] > git for-each-ref --format=%(refname)%00%(upstream:short)%00%(objectname)%00%(upstream:track)%00%(upstream:remotename)%00%(upstream:remoteref) refs/heads/main refs/remotes/main [7ms]
2025-08-16 10:33:06.549 [info] > git for-each-ref --sort -committerdate --format %(refname)%00%(objectname)%00%(*objectname) [4ms]
2025-08-16 10:33:06.969 [info] > git status -z -uall [537ms]
2025-08-16 10:33:12.261 [info] > git config --get commit.template [119ms]
2025-08-16 10:33:12.266 [info] > git for-each-ref --format=%(refname)%00%(upstream:short)%00%(objectname)%00%(upstream:track)%00%(upstream:remotename)%00%(upstream:remoteref) refs/heads/main refs/remotes/main [9ms]
2025-08-16 10:33:12.469 [info] > git for-each-ref --sort -committerdate --format %(refname)%00%(objectname)%00%(*objectname) [4ms]
2025-08-16 10:33:12.879 [info] > git status -z -uall [519ms]
2025-08-16 10:33:18.088 [info] > git config --get commit.template [55ms]
2025-08-16 10:33:18.090 [info] > git for-each-ref --format=%(refname)%00%(upstream:short)%00%(objectname)%00%(upstream:track)%00%(upstream:remotename)%00%(upstream:remoteref) refs/heads/main refs/remotes/main [3ms]
2025-08-16 10:33:18.208 [info] > git for-each-ref --sort -committerdate --format %(refname)%00%(objectname)%00%(*objectname) [3ms]
2025-08-16 10:33:18.669 [info] > git status -z -uall [539ms]
2025-08-16 10:33:23.879 [info] > git config --get commit.template [71ms]
2025-08-16 10:33:23.882 [info] > git for-each-ref --format=%(refname)%00%(upstream:short)%00%(objectname)%00%(upstream:track)%00%(upstream:remotename)%00%(upstream:remoteref) refs/heads/main refs/remotes/main [5ms]
2025-08-16 10:33:24.061 [info] > git for-each-ref --sort -committerdate --format %(refname)%00%(objectname)%00%(*objectname) [4ms]
2025-08-16 10:33:24.480 [info] > git status -z -uall [531ms]
2025-08-16 10:33:29.686 [info] > git config --get commit.template [80ms]
2025-08-16 10:33:29.690 [info] > git for-each-ref --format=%(refname)%00%(upstream:short)%00%(objectname)%00%(upstream:track)%00%(upstream:remotename)%00%(upstream:remoteref) refs/heads/main refs/remotes/main [6ms]
2025-08-16 10:33:29.957 [info] > git for-each-ref --sort -committerdate --format %(refname)%00%(objectname)%00%(*objectname) [14ms]
2025-08-16 10:33:30.739 [info] > git status -z -uall [968ms]
2025-08-16 10:33:35.987 [info] > git config --get commit.template [89ms]
2025-08-16 10:33:35.988 [info] > git for-each-ref --format=%(refname)%00%(upstream:short)%00%(objectname)%00%(upstream:track)%00%(upstream:remotename)%00%(upstream:remoteref) refs/heads/main refs/remotes/main [11ms]
2025-08-16 10:33:36.175 [info] > git for-each-ref --sort -committerdate --format %(refname)%00%(objectname)%00%(*objectname) [4ms]
2025-08-16 10:33:36.630 [info] > git status -z -uall [553ms]
2025-08-16 10:33:41.809 [info] > git config --get commit.template [54ms]
2025-08-16 10:33:41.811 [info] > git for-each-ref --format=%(refname)%00%(upstream:short)%00%(objectname)%00%(upstream:track)%00%(upstream:remotename)%00%(upstream:remoteref) refs/heads/main refs/remotes/main [4ms]
2025-08-16 10:33:41.927 [info] > git for-each-ref --sort -committerdate --format %(refname)%00%(objectname)%00%(*objectname) [8ms]
2025-08-16 10:33:42.376 [info] > git status -z -uall [527ms]
2025-08-16 10:33:47.579 [info] > git config --get commit.template [80ms]
2025-08-16 10:33:47.583 [info] > git for-each-ref --format=%(refname)%00%(upstream:short)%00%(objectname)%00%(upstream:track)%00%(upstream:remotename)%00%(upstream:remoteref) refs/heads/main refs/remotes/main [6ms]
2025-08-16 10:33:47.765 [info] > git for-each-ref --sort -committerdate --format %(refname)%00%(objectname)%00%(*objectname) [5ms]
2025-08-16 10:33:48.196 [info] > git status -z -uall [526ms]
2025-08-16 10:33:53.402 [info] > git config --get commit.template [82ms]
2025-08-16 10:33:53.407 [info] > git for-each-ref --format=%(refname)%00%(upstream:short)%00%(objectname)%00%(upstream:track)%00%(upstream:remotename)%00%(upstream:remoteref) refs/heads/main refs/remotes/main [8ms]
2025-08-16 10:33:53.658 [info] > git for-each-ref --sort -committerdate --format %(refname)%00%(objectname)%00%(*objectname) [7ms]
2025-08-16 10:33:54.135 [info] > git status -z -uall [645ms]
2025-08-16 10:33:59.345 [info] > git config --get commit.template [79ms]
2025-08-16 10:33:59.349 [info] > git for-each-ref --format=%(refname)%00%(upstream:short)%00%(objectname)%00%(upstream:track)%00%(upstream:remotename)%00%(upstream:remoteref) refs/heads/main refs/remotes/main [7ms]
2025-08-16 10:33:59.496 [info] > git for-each-ref --sort -committerdate --format %(refname)%00%(objectname)%00%(*objectname) [4ms]
2025-08-16 10:33:59.935 [info] > git status -z -uall [534ms]
2025-08-16 10:34:05.156 [info] > git config --get commit.template [80ms]
2025-08-16 10:34:05.160 [info] > git for-each-ref --format=%(refname)%00%(upstream:short)%00%(objectname)%00%(upstream:track)%00%(upstream:remotename)%00%(upstream:remoteref) refs/heads/main refs/remotes/main [7ms]
2025-08-16 10:34:05.287 [info] > git for-each-ref --sort -committerdate --format %(refname)%00%(objectname)%00%(*objectname) [4ms]
2025-08-16 10:34:05.707 [info] > git status -z -uall [492ms]
2025-08-16 10:34:10.915 [info] > git config --get commit.template [79ms]
2025-08-16 10:34:10.919 [info] > git for-each-ref --format=%(refname)%00%(upstream:short)%00%(objectname)%00%(upstream:track)%00%(upstream:remotename)%00%(upstream:remoteref) refs/heads/main refs/remotes/main [6ms]
2025-08-16 10:34:11.113 [info] > git for-each-ref --sort -committerdate --format %(refname)%00%(objectname)%00%(*objectname) [4ms]
2025-08-16 10:34:11.526 [info] > git status -z -uall [532ms]
2025-08-16 10:34:16.725 [info] > git config --get commit.template [75ms]
2025-08-16 10:34:16.729 [info] > git for-each-ref --format=%(refname)%00%(upstream:short)%00%(objectname)%00%(upstream:track)%00%(upstream:remotename)%00%(upstream:remoteref) refs/heads/main refs/remotes/main [6ms]
2025-08-16 10:34:16.945 [info] > git for-each-ref --sort -committerdate --format %(refname)%00%(objectname)%00%(*objectname) [6ms]
2025-08-16 10:34:17.340 [info] > git status -z -uall [543ms]
2025-08-16 10:34:22.531 [info] > git config --get commit.template [71ms]
2025-08-16 10:34:22.535 [info] > git for-each-ref --format=%(refname)%00%(upstream:short)%00%(objectname)%00%(upstream:track)%00%(upstream:remotename)%00%(upstream:remoteref) refs/heads/main refs/remotes/main [5ms]
2025-08-16 10:34:22.732 [info] > git for-each-ref --sort -committerdate --format %(refname)%00%(objectname)%00%(*objectname) [3ms]
2025-08-16 10:34:23.116 [info] > git status -z -uall [513ms]
2025-08-16 10:34:28.309 [info] > git config --get commit.template [70ms]
2025-08-16 10:34:28.313 [info] > git for-each-ref --format=%(refname)%00%(upstream:short)%00%(objectname)%00%(upstream:track)%00%(upstream:remotename)%00%(upstream:remoteref) refs/heads/main refs/remotes/main [6ms]
2025-08-16 10:34:28.495 [info] > git for-each-ref --sort -committerdate --format %(refname)%00%(objectname)%00%(*objectname) [5ms]
2025-08-16 10:34:28.869 [info] > git status -z -uall [489ms]
2025-08-16 10:34:34.054 [info] > git config --get commit.template [71ms]
2025-08-16 10:34:34.057 [info] > git for-each-ref --format=%(refname)%00%(upstream:short)%00%(objectname)%00%(upstream:track)%00%(upstream:remotename)%00%(upstream:remoteref) refs/heads/main refs/remotes/main [5ms]
2025-08-16 10:34:34.305 [info] > git for-each-ref --sort -committerdate --format %(refname)%00%(objectname)%00%(*objectname) [3ms]
2025-08-16 10:34:34.697 [info] > git status -z -uall [566ms]
2025-08-16 10:34:39.886 [info] > git config --get commit.template [60ms]
2025-08-16 10:34:39.888 [info] > git for-each-ref --format=%(refname)%00%(upstream:short)%00%(objectname)%00%(upstream:track)%00%(upstream:remotename)%00%(upstream:remoteref) refs/heads/main refs/remotes/main [4ms]
2025-08-16 10:34:39.993 [info] > git for-each-ref --sort -committerdate --format %(refname)%00%(objectname)%00%(*objectname) [4ms]
2025-08-16 10:34:40.421 [info] > git status -z -uall [495ms]
2025-08-16 10:34:45.624 [info] > git config --get commit.template [83ms]
2025-08-16 10:34:45.628 [info] > git for-each-ref --format=%(refname)%00%(upstream:short)%00%(objectname)%00%(upstream:track)%00%(upstream:remotename)%00%(upstream:remoteref) refs/heads/main refs/remotes/main [7ms]
2025-08-16 10:34:45.757 [info] > git for-each-ref --sort -committerdate --format %(refname)%00%(objectname)%00%(*objectname) [4ms]
2025-08-16 10:34:46.180 [info] > git status -z -uall [502ms]
2025-08-16 10:34:51.323 [info] > git config --get commit.template [21ms]
2025-08-16 10:34:51.441 [info] > git for-each-ref --format=%(refname)%00%(upstream:short)%00%(objectname)%00%(upstream:track)%00%(upstream:remotename)%00%(upstream:remoteref) refs/heads/main refs/remotes/main [14ms]
2025-08-16 10:34:51.596 [info] > git for-each-ref --sort -committerdate --format %(refname)%00%(objectname)%00%(*objectname) [12ms]
2025-08-16 10:34:52.227 [info] > git status -z -uall [736ms]
2025-08-16 10:34:57.427 [info] > git config --get commit.template [74ms]
2025-08-16 10:34:57.429 [info] > git for-each-ref --format=%(refname)%00%(upstream:short)%00%(objectname)%00%(upstream:track)%00%(upstream:remotename)%00%(upstream:remoteref) refs/heads/main refs/remotes/main [7ms]
2025-08-16 10:34:57.586 [info] > git for-each-ref --sort -committerdate --format %(refname)%00%(objectname)%00%(*objectname) [5ms]
2025-08-16 10:34:58.136 [info] > git status -z -uall [650ms]
2025-08-16 10:35:03.338 [info] > git config --get commit.template [82ms]
2025-08-16 10:35:03.342 [info] > git for-each-ref --format=%(refname)%00%(upstream:short)%00%(objectname)%00%(upstream:track)%00%(upstream:remotename)%00%(upstream:remoteref) refs/heads/main refs/remotes/main [7ms]
2025-08-16 10:35:03.588 [info] > git for-each-ref --sort -committerdate --format %(refname)%00%(objectname)%00%(*objectname) [9ms]
2025-08-16 10:35:04.037 [info] > git status -z -uall [619ms]
2025-08-16 10:36:34.216 [info] > git config --get commit.template [82ms]
2025-08-16 10:36:34.221 [info] > git for-each-ref --format=%(refname)%00%(upstream:short)%00%(objectname)%00%(upstream:track)%00%(upstream:remotename)%00%(upstream:remoteref) refs/heads/main refs/remotes/main [7ms]
2025-08-16 10:36:34.491 [info] > git for-each-ref --sort -committerdate --format %(refname)%00%(objectname)%00%(*objectname) [8ms]
2025-08-16 10:36:35.099 [info] > git status -z -uall [793ms]
2025-08-16 10:36:40.370 [info] > git config --get commit.template [111ms]
2025-08-16 10:36:40.373 [info] > git for-each-ref --format=%(refname)%00%(upstream:short)%00%(objectname)%00%(upstream:track)%00%(upstream:remotename)%00%(upstream:remoteref) refs/heads/main refs/remotes/main [7ms]
2025-08-16 10:36:40.525 [info] > git for-each-ref --sort -committerdate --format %(refname)%00%(objectname)%00%(*objectname) [4ms]
2025-08-16 10:36:41.016 [info] > git status -z -uall [579ms]
2025-08-16 10:36:46.284 [info] > git config --get commit.template [76ms]
2025-08-16 10:36:46.287 [info] > git for-each-ref --format=%(refname)%00%(upstream:short)%00%(objectname)%00%(upstream:track)%00%(upstream:remotename)%00%(upstream:remoteref) refs/heads/main refs/remotes/main [5ms]
2025-08-16 10:36:46.514 [info] > git for-each-ref --sort -committerdate --format %(refname)%00%(objectname)%00%(*objectname) [11ms]
2025-08-16 10:36:46.987 [info] > git status -z -uall [632ms]
2025-08-16 10:36:52.205 [info] > git config --get commit.template [81ms]
2025-08-16 10:36:52.209 [info] > git for-each-ref --format=%(refname)%00%(upstream:short)%00%(objectname)%00%(upstream:track)%00%(upstream:remotename)%00%(upstream:remoteref) refs/heads/main refs/remotes/main [7ms]
2025-08-16 10:36:52.339 [info] > git for-each-ref --sort -committerdate --format %(refname)%00%(objectname)%00%(*objectname) [4ms]
2025-08-16 10:36:52.776 [info] > git status -z -uall [514ms]
2025-08-16 10:36:57.869 [info] > git config --get commit.template [4ms]
2025-08-16 10:36:57.909 [info] > git for-each-ref --format=%(refname)%00%(upstream:short)%00%(objectname)%00%(upstream:track)%00%(upstream:remotename)%00%(upstream:remoteref) refs/heads/main refs/remotes/main [3ms]
2025-08-16 10:36:58.021 [info] > git for-each-ref --sort -committerdate --format %(refname)%00%(objectname)%00%(*objectname) [3ms]
2025-08-16 10:36:58.465 [info] > git status -z -uall [518ms]
2025-08-16 10:37:03.606 [info] > git config --get commit.template [41ms]
2025-08-16 10:37:03.608 [info] > git for-each-ref --format=%(refname)%00%(upstream:short)%00%(objectname)%00%(upstream:track)%00%(upstream:remotename)%00%(upstream:remoteref) refs/heads/main refs/remotes/main [4ms]
2025-08-16 10:37:03.727 [info] > git for-each-ref --sort -committerdate --format %(refname)%00%(objectname)%00%(*objectname) [4ms]
2025-08-16 10:37:04.234 [info] > git status -z -uall [588ms]
2025-08-16 10:37:04.334 [info] > git config --get commit.template [5ms]
2025-08-16 10:37:04.762 [info] > git for-each-ref --format=%(refname)%00%(upstream:short)%00%(objectname)%00%(upstream:track)%00%(upstream:remotename)%00%(upstream:remoteref) refs/heads/main refs/remotes/main [390ms]
2025-08-16 10:37:04.992 [info] > git for-each-ref --sort -committerdate --format %(refname)%00%(objectname)%00%(*objectname) [11ms]
2025-08-16 10:37:05.407 [info] > git ls-files --stage -- p.sql [48ms]
2025-08-16 10:37:05.453 [info] > git ls-files --stage -- 13_aug.sql [47ms]
2025-08-16 10:37:05.496 [info] > git cat-file -s f90efda48a23ab24567ebb47b9f48ce603410d45 [45ms]
2025-08-16 10:37:05.499 [info] > git cat-file -s ba92319c52e61f7b1a8cef705604312b6b027162 [4ms]
2025-08-16 10:37:05.585 [info] > git show --textconv :p.sql [48ms]
2025-08-16 10:37:05.600 [info] > git show --textconv :13_aug.sql [17ms]
2025-08-16 10:37:06.052 [info] > git status -z -uall [1221ms]
2025-08-16 10:37:07.085 [info] > git show --textconv HEAD:p.sql [138ms]
2025-08-16 10:37:07.085 [info] > git show --textconv HEAD:13_aug.sql [46ms]
2025-08-16 10:37:07.087 [info] > git ls-tree -l HEAD -- p.sql [89ms]
2025-08-16 10:37:07.091 [info] > git ls-tree -l HEAD -- 13_aug.sql [9ms]
2025-08-16 10:37:09.464 [info] > git config --get commit.template [82ms]
2025-08-16 10:37:09.468 [info] > git for-each-ref --format=%(refname)%00%(upstream:short)%00%(objectname)%00%(upstream:track)%00%(upstream:remotename)%00%(upstream:remoteref) refs/heads/main refs/remotes/main [6ms]
2025-08-16 10:37:09.734 [info] > git for-each-ref --sort -committerdate --format %(refname)%00%(objectname)%00%(*objectname) [7ms]
2025-08-16 10:37:10.467 [info] > git status -z -uall [917ms]
2025-08-16 10:37:15.575 [info] > git config --get commit.template [3ms]
2025-08-16 10:37:15.620 [info] > git for-each-ref --format=%(refname)%00%(upstream:short)%00%(objectname)%00%(upstream:track)%00%(upstream:remotename)%00%(upstream:remoteref) refs/heads/main refs/remotes/main [3ms]
2025-08-16 10:37:15.753 [info] > git for-each-ref --sort -committerdate --format %(refname)%00%(objectname)%00%(*objectname) [5ms]
2025-08-16 10:37:15.815 [info] > git status -z -uall [153ms]
2025-08-16 10:37:15.910 [info] > git blame --root --incremental 16f8384f549bab22dcee064d8528d65f993d7d26 -- 13_aug.sql [9ms]
2025-08-16 10:37:16.798 [info] > git ls-files --stage -- p.sql [66ms]
2025-08-16 10:37:16.860 [info] > git ls-files --stage -- 13_aug.sql [64ms]
2025-08-16 10:37:16.916 [info] > git cat-file -s f90efda48a23ab24567ebb47b9f48ce603410d45 [57ms]
2025-08-16 10:37:16.921 [info] > git cat-file -s ba92319c52e61f7b1a8cef705604312b6b027162 [7ms]
2025-08-16 10:37:17.050 [info] > git show --textconv :p.sql [70ms]
2025-08-16 10:37:17.062 [info] > git show --textconv :13_aug.sql [16ms]
2025-08-16 10:37:17.884 [info] > git config --get commit.template [64ms]
2025-08-16 10:37:17.888 [info] > git for-each-ref --format=%(refname)%00%(upstream:short)%00%(objectname)%00%(upstream:track)%00%(upstream:remotename)%00%(upstream:remoteref) refs/heads/main refs/remotes/main [6ms]
2025-08-16 10:37:18.028 [info] > git for-each-ref --sort -committerdate --format %(refname)%00%(objectname)%00%(*objectname) [27ms]
2025-08-16 10:37:18.083 [info] > git status -z -uall [156ms]
2025-08-16 10:37:21.072 [info] > git config --get commit.template [78ms]
2025-08-16 10:37:21.077 [info] > git for-each-ref --format=%(refname)%00%(upstream:short)%00%(objectname)%00%(upstream:track)%00%(upstream:remotename)%00%(upstream:remoteref) refs/heads/main refs/remotes/main [8ms]
2025-08-16 10:37:21.208 [info] > git for-each-ref --sort -committerdate --format %(refname)%00%(objectname)%00%(*objectname) [4ms]
2025-08-16 10:37:21.286 [info] > git status -z -uall [158ms]
2025-08-16 10:37:36.925 [info] > git config --get commit.template [78ms]
2025-08-16 10:37:36.929 [info] > git for-each-ref --format=%(refname)%00%(upstream:short)%00%(objectname)%00%(upstream:track)%00%(upstream:remotename)%00%(upstream:remoteref) refs/heads/main refs/remotes/main [6ms]
2025-08-16 10:37:37.109 [info] > git for-each-ref --sort -committerdate --format %(refname)%00%(objectname)%00%(*objectname) [5ms]
2025-08-16 10:37:37.213 [info] > git status -z -uall [195ms]
2025-08-16 10:37:43.184 [info] > git config --get commit.template [84ms]
2025-08-16 10:37:43.189 [info] > git for-each-ref --format=%(refname)%00%(upstream:short)%00%(objectname)%00%(upstream:track)%00%(upstream:remotename)%00%(upstream:remoteref) refs/heads/main refs/remotes/main [6ms]
2025-08-16 10:37:43.317 [info] > git for-each-ref --sort -committerdate --format %(refname)%00%(objectname)%00%(*objectname) [4ms]
2025-08-16 10:37:43.392 [info] > git status -z -uall [153ms]
2025-08-16 10:37:54.940 [info] > git config --get commit.template [52ms]
2025-08-16 10:37:54.943 [info] > git for-each-ref --format=%(refname)%00%(upstream:short)%00%(objectname)%00%(upstream:track)%00%(upstream:remotename)%00%(upstream:remoteref) refs/heads/main refs/remotes/main [5ms]
2025-08-16 10:37:55.126 [info] > git for-each-ref --sort -committerdate --format %(refname)%00%(objectname)%00%(*objectname) [3ms]
2025-08-16 10:37:55.195 [info] > git status -z -uall [185ms]
2025-08-16 10:38:00.605 [info] > git config --get commit.template [74ms]
2025-08-16 10:38:00.609 [info] > git for-each-ref --format=%(refname)%00%(upstream:short)%00%(objectname)%00%(upstream:track)%00%(upstream:remotename)%00%(upstream:remoteref) refs/heads/main refs/remotes/main [6ms]
2025-08-16 10:38:00.761 [info] > git for-each-ref --sort -committerdate --format %(refname)%00%(objectname)%00%(*objectname) [5ms]
2025-08-16 10:38:00.844 [info] > git status -z -uall [180ms]
2025-08-16 10:38:12.383 [info] > git config --get commit.template [69ms]
2025-08-16 10:38:12.387 [info] > git for-each-ref --format=%(refname)%00%(upstream:short)%00%(objectname)%00%(upstream:track)%00%(upstream:remotename)%00%(upstream:remoteref) refs/heads/main refs/remotes/main [7ms]
2025-08-16 10:38:12.615 [info] > git for-each-ref --sort -committerdate --format %(refname)%00%(objectname)%00%(*objectname) [8ms]
2025-08-16 10:38:12.702 [info] > git status -z -uall [249ms]
2025-08-16 10:38:19.045 [info] > git config --get commit.template [9ms]
2025-08-16 10:38:19.088 [info] > git for-each-ref --format=%(refname)%00%(upstream:short)%00%(objectname)%00%(upstream:track)%00%(upstream:remotename)%00%(upstream:remoteref) refs/heads/main refs/remotes/main [3ms]
2025-08-16 10:38:19.219 [info] > git for-each-ref --sort -committerdate --format %(refname)%00%(objectname)%00%(*objectname) [5ms]
2025-08-16 10:38:19.293 [info] > git status -z -uall [159ms]
2025-08-16 10:38:20.526 [info] > git ls-files --stage -- p.sql [125ms]
2025-08-16 10:38:20.580 [info] > git config --get commit.template [55ms]
2025-08-16 10:38:20.580 [info] > git ls-files --stage -- 13_aug.sql [107ms]
2025-08-16 10:38:20.634 [info] > git cat-file -s f90efda48a23ab24567ebb47b9f48ce603410d45 [56ms]
2025-08-16 10:38:20.688 [info] > git cat-file -s ba92319c52e61f7b1a8cef705604312b6b027162 [57ms]
2025-08-16 10:38:20.756 [info] > git for-each-ref --format=%(refname)%00%(upstream:short)%00%(objectname)%00%(upstream:track)%00%(upstream:remotename)%00%(upstream:remoteref) refs/heads/main refs/remotes/main [69ms]
2025-08-16 10:38:20.930 [info] > git show --textconv :p.sql [176ms]
2025-08-16 10:38:20.931 [info] > git for-each-ref --sort -committerdate --format %(refname)%00%(objectname)%00%(*objectname) [51ms]
2025-08-16 10:38:20.941 [info] > git show --textconv :13_aug.sql [13ms]
2025-08-16 10:38:20.959 [info] > git status -z -uall [161ms]
2025-08-16 10:38:28.081 [info] > git config --get commit.template [8ms]
2025-08-16 10:38:28.163 [info] > git for-each-ref --format=%(refname)%00%(upstream:short)%00%(objectname)%00%(upstream:track)%00%(upstream:remotename)%00%(upstream:remoteref) refs/heads/main refs/remotes/main [6ms]
2025-08-16 10:38:28.429 [info] > git for-each-ref --sort -committerdate --format %(refname)%00%(objectname)%00%(*objectname) [12ms]
2025-08-16 10:38:28.516 [info] > git status -z -uall [275ms]
2025-08-16 10:38:28.573 [info] > git blame --root --incremental 4ad1edd395d7470fb7170388b1b3a9357be449d8 -- 13_aug.sql [7ms]
2025-08-16 10:38:29.429 [info] > git ls-files --stage -- p.sql [83ms]
2025-08-16 10:38:29.506 [info] > git ls-files --stage -- 13_aug.sql [79ms]
2025-08-16 10:38:29.585 [info] > git cat-file -s f90efda48a23ab24567ebb47b9f48ce603410d45 [81ms]
2025-08-16 10:38:29.642 [info] > git cat-file -s ba92319c52e61f7b1a8cef705604312b6b027162 [60ms]
2025-08-16 10:38:29.685 [info] > git show --textconv :p.sql [44ms]
2025-08-16 10:38:29.697 [info] > git show --textconv :13_aug.sql [13ms]
2025-08-16 10:38:39.717 [info] > git config --get commit.template [75ms]
2025-08-16 10:38:39.721 [info] > git for-each-ref --format=%(refname)%00%(upstream:short)%00%(objectname)%00%(upstream:track)%00%(upstream:remotename)%00%(upstream:remoteref) refs/heads/main refs/remotes/main [6ms]
2025-08-16 10:38:39.913 [info] > git for-each-ref --sort -committerdate --format %(refname)%00%(objectname)%00%(*objectname) [4ms]
2025-08-16 10:38:39.984 [info] > git status -z -uall [193ms]
2025-08-16 10:38:53.147 [info] > git config --get commit.template [85ms]
2025-08-16 10:38:53.152 [info] > git for-each-ref --format=%(refname)%00%(upstream:short)%00%(objectname)%00%(upstream:track)%00%(upstream:remotename)%00%(upstream:remoteref) refs/heads/main refs/remotes/main [7ms]
2025-08-16 10:38:53.437 [info] > git for-each-ref --sort -committerdate --format %(refname)%00%(objectname)%00%(*objectname) [5ms]
2025-08-16 10:38:53.493 [info] > git status -z -uall [257ms]
2025-08-16 10:41:36.468 [info] > git config --get commit.template [5ms]
2025-08-16 10:41:36.525 [info] > git for-each-ref --format=%(refname)%00%(upstream:short)%00%(objectname)%00%(upstream:track)%00%(upstream:remotename)%00%(upstream:remoteref) refs/heads/main refs/remotes/main [8ms]
2025-08-16 10:41:36.770 [info] > git for-each-ref --sort -committerdate --format %(refname)%00%(objectname)%00%(*objectname) [11ms]
2025-08-16 10:41:36.842 [info] > git status -z -uall [249ms]
2025-08-16 10:41:51.570 [info] > git config --get commit.template [6ms]
2025-08-16 10:41:51.683 [info] > git for-each-ref --format=%(refname)%00%(upstream:short)%00%(objectname)%00%(upstream:track)%00%(upstream:remotename)%00%(upstream:remoteref) refs/heads/main refs/remotes/main [8ms]
2025-08-16 10:41:51.949 [info] > git for-each-ref --sort -committerdate --format %(refname)%00%(objectname)%00%(*objectname) [28ms]
2025-08-16 10:41:52.052 [info] > git status -z -uall [252ms]
2025-08-16 10:41:57.219 [info] > git config --get commit.template [81ms]
2025-08-16 10:41:57.224 [info] > git for-each-ref --format=%(refname)%00%(upstream:short)%00%(objectname)%00%(upstream:track)%00%(upstream:remotename)%00%(upstream:remoteref) refs/heads/main refs/remotes/main [8ms]
2025-08-16 10:41:57.422 [info] > git for-each-ref --sort -committerdate --format %(refname)%00%(objectname)%00%(*objectname) [5ms]
2025-08-16 10:41:57.500 [info] > git status -z -uall [198ms]
2025-08-16 10:42:02.758 [info] > git config --get commit.template [126ms]
2025-08-16 10:42:02.765 [info] > git for-each-ref --format=%(refname)%00%(upstream:short)%00%(objectname)%00%(upstream:track)%00%(upstream:remotename)%00%(upstream:remoteref) refs/heads/main refs/remotes/main [10ms]
2025-08-16 10:42:02.927 [info] > git for-each-ref --sort -committerdate --format %(refname)%00%(objectname)%00%(*objectname) [6ms]
2025-08-16 10:42:02.993 [info] > git status -z -uall [154ms]
2025-08-16 10:42:08.159 [info] > git config --get commit.template [78ms]
2025-08-16 10:42:08.161 [info] > git for-each-ref --format=%(refname)%00%(upstream:short)%00%(objectname)%00%(upstream:track)%00%(upstream:remotename)%00%(upstream:remoteref) refs/heads/main refs/remotes/main [8ms]
2025-08-16 10:42:08.284 [info] > git for-each-ref --sort -committerdate --format %(refname)%00%(objectname)%00%(*objectname) [4ms]
2025-08-16 10:42:08.363 [info] > git status -z -uall [158ms]
2025-08-16 10:42:22.425 [info] > git config --get commit.template [41ms]
2025-08-16 10:42:22.521 [info] > git for-each-ref --format=%(refname)%00%(upstream:short)%00%(objectname)%00%(upstream:track)%00%(upstream:remotename)%00%(upstream:remoteref) refs/heads/main refs/remotes/main [21ms]
2025-08-16 10:42:22.739 [info] > git for-each-ref --sort -committerdate --format %(refname)%00%(objectname)%00%(*objectname) [39ms]
2025-08-16 10:42:22.909 [info] > git status -z -uall [316ms]
2025-08-16 10:42:28.075 [info] > git config --get commit.template [78ms]
2025-08-16 10:42:28.080 [info] > git for-each-ref --format=%(refname)%00%(upstream:short)%00%(objectname)%00%(upstream:track)%00%(upstream:remotename)%00%(upstream:remoteref) refs/heads/main refs/remotes/main [6ms]
2025-08-16 10:42:28.271 [info] > git for-each-ref --sort -committerdate --format %(refname)%00%(objectname)%00%(*objectname) [3ms]
2025-08-16 10:42:28.345 [info] > git status -z -uall [191ms]
2025-08-16 10:43:37.127 [info] > git config --get commit.template [71ms]
2025-08-16 10:43:37.130 [info] > git for-each-ref --format=%(refname)%00%(upstream:short)%00%(objectname)%00%(upstream:track)%00%(upstream:remotename)%00%(upstream:remoteref) refs/heads/main refs/remotes/main [5ms]
2025-08-16 10:43:37.259 [info] > git for-each-ref --sort -committerdate --format %(refname)%00%(objectname)%00%(*objectname) [4ms]
2025-08-16 10:43:37.370 [info] > git status -z -uall [198ms]
2025-08-16 10:43:42.583 [info] > git config --get commit.template [98ms]
2025-08-16 10:43:42.586 [info] > git for-each-ref --format=%(refname)%00%(upstream:short)%00%(objectname)%00%(upstream:track)%00%(upstream:remotename)%00%(upstream:remoteref) refs/heads/main refs/remotes/main [4ms]
2025-08-16 10:43:42.704 [info] > git for-each-ref --sort -committerdate --format %(refname)%00%(objectname)%00%(*objectname) [4ms]
2025-08-16 10:43:42.791 [info] > git status -z -uall [166ms]
2025-08-16 10:43:47.940 [info] > git config --get commit.template [73ms]
2025-08-16 10:43:47.943 [info] > git for-each-ref --format=%(refname)%00%(upstream:short)%00%(objectname)%00%(upstream:track)%00%(upstream:remotename)%00%(upstream:remoteref) refs/heads/main refs/remotes/main [6ms]
2025-08-16 10:43:48.118 [info] > git for-each-ref --sort -committerdate --format %(refname)%00%(objectname)%00%(*objectname) [4ms]
2025-08-16 10:43:48.185 [info] > git status -z -uall [166ms]
2025-08-16 10:44:23.446 [info] > git config --get commit.template [17ms]
2025-08-16 10:44:23.549 [info] > git for-each-ref --format=%(refname)%00%(upstream:short)%00%(objectname)%00%(upstream:track)%00%(upstream:remotename)%00%(upstream:remoteref) refs/heads/main refs/remotes/main [8ms]
2025-08-16 10:44:23.710 [info] > git for-each-ref --sort -committerdate --format %(refname)%00%(objectname)%00%(*objectname) [4ms]
2025-08-16 10:44:23.786 [info] > git status -z -uall [163ms]
2025-08-16 10:44:28.927 [info] > git config --get commit.template [17ms]
2025-08-16 10:44:29.048 [info] > git for-each-ref --format=%(refname)%00%(upstream:short)%00%(objectname)%00%(upstream:track)%00%(upstream:remotename)%00%(upstream:remoteref) refs/heads/main refs/remotes/main [7ms]
2025-08-16 10:44:29.298 [info] > git for-each-ref --sort -committerdate --format %(refname)%00%(objectname)%00%(*objectname) [58ms]
2025-08-16 10:44:29.406 [info] > git status -z -uall [279ms]
2025-08-16 10:44:34.713 [info] > git config --get commit.template [149ms]
2025-08-16 10:44:34.718 [info] > git for-each-ref --format=%(refname)%00%(upstream:short)%00%(objectname)%00%(upstream:track)%00%(upstream:remotename)%00%(upstream:remoteref) refs/heads/main refs/remotes/main [13ms]
2025-08-16 10:44:34.887 [info] > git for-each-ref --sort -committerdate --format %(refname)%00%(objectname)%00%(*objectname) [6ms]
2025-08-16 10:44:34.959 [info] > git status -z -uall [164ms]
2025-08-16 10:44:40.156 [info] > git config --get commit.template [23ms]
2025-08-16 10:44:40.309 [info] > git for-each-ref --format=%(refname)%00%(upstream:short)%00%(objectname)%00%(upstream:track)%00%(upstream:remotename)%00%(upstream:remoteref) refs/heads/main refs/remotes/main [31ms]
2025-08-16 10:44:40.575 [info] > git for-each-ref --sort -committerdate --format %(refname)%00%(objectname)%00%(*objectname) [66ms]
2025-08-16 10:44:40.705 [info] > git status -z -uall [326ms]
2025-08-16 10:44:45.984 [info] > git config --get commit.template [71ms]
2025-08-16 10:44:46.158 [info] > git for-each-ref --format=%(refname)%00%(upstream:short)%00%(objectname)%00%(upstream:track)%00%(upstream:remotename)%00%(upstream:remoteref) refs/heads/main refs/remotes/main [44ms]
2025-08-16 10:44:46.336 [info] > git for-each-ref --sort -committerdate --format %(refname)%00%(objectname)%00%(*objectname) [11ms]
2025-08-16 10:44:46.586 [info] > git status -z -uall [339ms]
2025-08-16 10:44:51.753 [info] > git config --get commit.template [78ms]
2025-08-16 10:44:51.758 [info] > git for-each-ref --format=%(refname)%00%(upstream:short)%00%(objectname)%00%(upstream:track)%00%(upstream:remotename)%00%(upstream:remoteref) refs/heads/main refs/remotes/main [6ms]
2025-08-16 10:44:51.967 [info] > git for-each-ref --sort -committerdate --format %(refname)%00%(objectname)%00%(*objectname) [7ms]
2025-08-16 10:44:52.032 [info] > git status -z -uall [200ms]
2025-08-16 10:44:57.150 [info] > git config --get commit.template [9ms]
2025-08-16 10:44:57.267 [info] > git for-each-ref --format=%(refname)%00%(upstream:short)%00%(objectname)%00%(upstream:track)%00%(upstream:remotename)%00%(upstream:remoteref) refs/heads/main refs/remotes/main [13ms]
2025-08-16 10:44:57.431 [info] > git for-each-ref --sort -committerdate --format %(refname)%00%(objectname)%00%(*objectname) [8ms]
2025-08-16 10:44:57.563 [info] > git status -z -uall [227ms]
2025-08-16 10:45:02.703 [info] > git config --get commit.template [8ms]
2025-08-16 10:45:02.779 [info] > git for-each-ref --format=%(refname)%00%(upstream:short)%00%(objectname)%00%(upstream:track)%00%(upstream:remotename)%00%(upstream:remoteref) refs/heads/main refs/remotes/main [11ms]
2025-08-16 10:45:02.930 [info] > git for-each-ref --sort -committerdate --format %(refname)%00%(objectname)%00%(*objectname) [13ms]
2025-08-16 10:45:03.037 [info] > git status -z -uall [213ms]
2025-08-16 10:45:08.202 [info] > git config --get commit.template [81ms]
2025-08-16 10:45:08.207 [info] > git for-each-ref --format=%(refname)%00%(upstream:short)%00%(objectname)%00%(upstream:track)%00%(upstream:remotename)%00%(upstream:remoteref) refs/heads/main refs/remotes/main [7ms]
2025-08-16 10:45:08.342 [info] > git for-each-ref --sort -committerdate --format %(refname)%00%(objectname)%00%(*objectname) [3ms]
2025-08-16 10:45:08.416 [info] > git status -z -uall [157ms]
2025-08-16 10:45:13.527 [info] > git config --get commit.template [10ms]
2025-08-16 10:45:13.637 [info] > git for-each-ref --format=%(refname)%00%(upstream:short)%00%(objectname)%00%(upstream:track)%00%(upstream:remotename)%00%(upstream:remoteref) refs/heads/main refs/remotes/main [7ms]
2025-08-16 10:45:13.936 [info] > git for-each-ref --sort -committerdate --format %(refname)%00%(objectname)%00%(*objectname) [4ms]
2025-08-16 10:45:14.011 [info] > git status -z -uall [268ms]
2025-08-16 10:45:20.731 [info] > git config --get commit.template [109ms]
2025-08-16 10:45:20.733 [info] > git for-each-ref --format=%(refname)%00%(upstream:short)%00%(objectname)%00%(upstream:track)%00%(upstream:remotename)%00%(upstream:remoteref) refs/heads/main refs/remotes/main [4ms]
2025-08-16 10:45:20.912 [info] > git for-each-ref --sort -committerdate --format %(refname)%00%(objectname)%00%(*objectname) [8ms]
2025-08-16 10:45:21.070 [info] > git status -z -uall [274ms]
2025-08-16 10:45:26.187 [info] > git config --get commit.template [15ms]
2025-08-16 10:45:26.294 [info] > git for-each-ref --format=%(refname)%00%(upstream:short)%00%(objectname)%00%(upstream:track)%00%(upstream:remotename)%00%(upstream:remoteref) refs/heads/main refs/remotes/main [4ms]
2025-08-16 10:45:26.514 [info] > git for-each-ref --sort -committerdate --format %(refname)%00%(objectname)%00%(*objectname) [8ms]
2025-08-16 10:45:26.675 [info] > git status -z -uall [320ms]
2025-08-16 10:45:31.890 [info] > git config --get commit.template [114ms]
2025-08-16 10:45:31.921 [info] > git for-each-ref --format=%(refname)%00%(upstream:short)%00%(objectname)%00%(upstream:track)%00%(upstream:remotename)%00%(upstream:remoteref) refs/heads/main refs/remotes/main [40ms]
2025-08-16 10:45:32.171 [info] > git for-each-ref --sort -committerdate --format %(refname)%00%(objectname)%00%(*objectname) [27ms]
2025-08-16 10:45:32.274 [info] > git status -z -uall [241ms]
2025-08-16 10:45:37.357 [info] > git config --get commit.template [5ms]
2025-08-16 10:45:37.448 [info] > git for-each-ref --format=%(refname)%00%(upstream:short)%00%(objectname)%00%(upstream:track)%00%(upstream:remotename)%00%(upstream:remoteref) refs/heads/main refs/remotes/main [6ms]
2025-08-16 10:45:37.574 [info] > git for-each-ref --sort -committerdate --format %(refname)%00%(objectname)%00%(*objectname) [3ms]
2025-08-16 10:45:37.654 [info] > git status -z -uall [159ms]
2025-08-16 10:45:42.818 [info] > git config --get commit.template [80ms]
2025-08-16 10:45:42.821 [info] > git for-each-ref --format=%(refname)%00%(upstream:short)%00%(objectname)%00%(upstream:track)%00%(upstream:remotename)%00%(upstream:remoteref) refs/heads/main refs/remotes/main [7ms]
2025-08-16 10:45:42.939 [info] > git for-each-ref --sort -committerdate --format %(refname)%00%(objectname)%00%(*objectname) [4ms]
2025-08-16 10:45:43.031 [info] > git status -z -uall [161ms]
2025-08-16 10:45:48.247 [info] > git config --get commit.template [104ms]
2025-08-16 10:45:48.253 [info] > git for-each-ref --format=%(refname)%00%(upstream:short)%00%(objectname)%00%(upstream:track)%00%(upstream:remotename)%00%(upstream:remoteref) refs/heads/main refs/remotes/main [9ms]
2025-08-16 10:45:48.500 [info] > git for-each-ref --sort -committerdate --format %(refname)%00%(objectname)%00%(*objectname) [7ms]
2025-08-16 10:45:48.602 [info] > git status -z -uall [271ms]
2025-08-16 10:45:53.763 [info] > git for-each-ref --format=%(refname)%00%(upstream:short)%00%(objectname)%00%(upstream:track)%00%(upstream:remotename)%00%(upstream:remoteref) refs/heads/main refs/remotes/main [5ms]
2025-08-16 10:45:53.763 [info] > git config --get commit.template [75ms]
2025-08-16 10:45:53.938 [info] > git for-each-ref --sort -committerdate --format %(refname)%00%(objectname)%00%(*objectname) [5ms]
2025-08-16 10:45:54.017 [info] > git status -z -uall [202ms]
2025-08-16 10:46:14.577 [info] > git config --get commit.template [105ms]
2025-08-16 10:46:14.579 [info] > git for-each-ref --format=%(refname)%00%(upstream:short)%00%(objectname)%00%(upstream:track)%00%(upstream:remotename)%00%(upstream:remoteref) refs/heads/main refs/remotes/main [4ms]
2025-08-16 10:46:14.704 [info] > git for-each-ref --sort -committerdate --format %(refname)%00%(objectname)%00%(*objectname) [7ms]
2025-08-16 10:46:14.817 [info] > git status -z -uall [193ms]
2025-08-16 10:46:19.906 [info] > git config --get commit.template [13ms]
2025-08-16 10:46:19.979 [info] > git for-each-ref --format=%(refname)%00%(upstream:short)%00%(objectname)%00%(upstream:track)%00%(upstream:remotename)%00%(upstream:remoteref) refs/heads/main refs/remotes/main [7ms]
2025-08-16 10:46:20.198 [info] > git for-each-ref --sort -committerdate --format %(refname)%00%(objectname)%00%(*objectname) [9ms]
2025-08-16 10:46:20.337 [info] > git status -z -uall [286ms]
2025-08-16 10:46:25.471 [info] > git config --get commit.template [76ms]
2025-08-16 10:46:25.476 [info] > git for-each-ref --format=%(refname)%00%(upstream:short)%00%(objectname)%00%(upstream:track)%00%(upstream:remotename)%00%(upstream:remoteref) refs/heads/main refs/remotes/main [7ms]
2025-08-16 10:46:25.683 [info] > git for-each-ref --sort -committerdate --format %(refname)%00%(objectname)%00%(*objectname) [6ms]
2025-08-16 10:46:25.755 [info] > git status -z -uall [201ms]
2025-08-16 10:46:37.944 [info] > git config --get commit.template [52ms]
2025-08-16 10:46:38.026 [info] > git for-each-ref --format=%(refname)%00%(upstream:short)%00%(objectname)%00%(upstream:track)%00%(upstream:remotename)%00%(upstream:remoteref) refs/heads/main refs/remotes/main [6ms]
2025-08-16 10:46:38.250 [info] > git for-each-ref --sort -committerdate --format %(refname)%00%(objectname)%00%(*objectname) [6ms]
2025-08-16 10:46:38.333 [info] > git status -z -uall [231ms]
2025-08-16 10:46:46.402 [info] > git config --get commit.template [9ms]
2025-08-16 10:46:46.540 [info] > git for-each-ref --format=%(refname)%00%(upstream:short)%00%(objectname)%00%(upstream:track)%00%(upstream:remotename)%00%(upstream:remoteref) refs/heads/main refs/remotes/main [9ms]
2025-08-16 10:46:46.857 [info] > git for-each-ref --sort -committerdate --format %(refname)%00%(objectname)%00%(*objectname) [38ms]
2025-08-16 10:46:47.037 [info] > git status -z -uall [400ms]
2025-08-16 10:46:52.181 [info] > git config --get commit.template [8ms]
2025-08-16 10:46:52.318 [info] > git for-each-ref --format=%(refname)%00%(upstream:short)%00%(objectname)%00%(upstream:track)%00%(upstream:remotename)%00%(upstream:remoteref) refs/heads/main refs/remotes/main [5ms]
2025-08-16 10:46:52.527 [info] > git for-each-ref --sort -committerdate --format %(refname)%00%(objectname)%00%(*objectname) [6ms]
2025-08-16 10:46:52.630 [info] > git status -z -uall [242ms]
2025-08-16 10:46:57.791 [info] > git config --get commit.template [83ms]
2025-08-16 10:46:57.795 [info] > git for-each-ref --format=%(refname)%00%(upstream:short)%00%(objectname)%00%(upstream:track)%00%(upstream:remotename)%00%(upstream:remoteref) refs/heads/main refs/remotes/main [6ms]
2025-08-16 10:46:58.019 [info] > git for-each-ref --sort -committerdate --format %(refname)%00%(objectname)%00%(*objectname) [6ms]
2025-08-16 10:46:58.104 [info] > git status -z -uall [243ms]
2025-08-16 10:47:03.253 [info] > git config --get commit.template [74ms]
2025-08-16 10:47:03.256 [info] > git for-each-ref --format=%(refname)%00%(upstream:short)%00%(objectname)%00%(upstream:track)%00%(upstream:remotename)%00%(upstream:remoteref) refs/heads/main refs/remotes/main [6ms]
2025-08-16 10:47:03.448 [info] > git for-each-ref --sort -committerdate --format %(refname)%00%(objectname)%00%(*objectname) [4ms]
2025-08-16 10:47:03.511 [info] > git status -z -uall [187ms]
2025-08-16 10:47:25.455 [info] > git config --get commit.template [10ms]
2025-08-16 10:47:25.547 [info] > git for-each-ref --format=%(refname)%00%(upstream:short)%00%(objectname)%00%(upstream:track)%00%(upstream:remotename)%00%(upstream:remoteref) refs/heads/main refs/remotes/main [6ms]
2025-08-16 10:47:25.669 [info] > git for-each-ref --sort -committerdate --format %(refname)%00%(objectname)%00%(*objectname) [3ms]
2025-08-16 10:47:25.754 [info] > git status -z -uall [166ms]
2025-08-16 10:47:30.926 [info] > git for-each-ref --format=%(refname)%00%(upstream:short)%00%(objectname)%00%(upstream:track)%00%(upstream:remotename)%00%(upstream:remoteref) refs/heads/main refs/remotes/main [9ms]
2025-08-16 10:47:30.927 [info] > git config --get commit.template [90ms]
2025-08-16 10:47:31.118 [info] > git for-each-ref --sort -committerdate --format %(refname)%00%(objectname)%00%(*objectname) [6ms]
2025-08-16 10:47:31.199 [info] > git status -z -uall [188ms]
2025-08-16 10:47:37.300 [info] > git config --get commit.template [6ms]
2025-08-16 10:47:37.439 [info] > git for-each-ref --format=%(refname)%00%(upstream:short)%00%(objectname)%00%(upstream:track)%00%(upstream:remotename)%00%(upstream:remoteref) refs/heads/main refs/remotes/main [53ms]
2025-08-16 10:47:37.578 [info] > git for-each-ref --sort -committerdate --format %(refname)%00%(objectname)%00%(*objectname) [6ms]
2025-08-16 10:47:37.663 [info] > git status -z -uall [168ms]
2025-08-16 10:47:42.756 [info] > git config --get commit.template [9ms]
2025-08-16 10:47:42.821 [info] > git for-each-ref --format=%(refname)%00%(upstream:short)%00%(objectname)%00%(upstream:track)%00%(upstream:remotename)%00%(upstream:remoteref) refs/heads/main refs/remotes/main [4ms]
2025-08-16 10:47:42.967 [info] > git for-each-ref --sort -committerdate --format %(refname)%00%(objectname)%00%(*objectname) [4ms]
2025-08-16 10:47:43.043 [info] > git status -z -uall [171ms]
2025-08-16 10:47:48.229 [info] > git config --get commit.template [66ms]
2025-08-16 10:47:48.231 [info] > git for-each-ref --format=%(refname)%00%(upstream:short)%00%(objectname)%00%(upstream:track)%00%(upstream:remotename)%00%(upstream:remoteref) refs/heads/main refs/remotes/main [3ms]
2025-08-16 10:47:48.381 [info] > git for-each-ref --sort -committerdate --format %(refname)%00%(objectname)%00%(*objectname) [12ms]
2025-08-16 10:47:48.461 [info] > git status -z -uall [186ms]
2025-08-16 10:47:53.572 [info] > git config --get commit.template [9ms]
2025-08-16 10:47:53.631 [info] > git for-each-ref --format=%(refname)%00%(upstream:short)%00%(objectname)%00%(upstream:track)%00%(upstream:remotename)%00%(upstream:remoteref) refs/heads/main refs/remotes/main [3ms]
2025-08-16 10:47:53.766 [info] > git for-each-ref --sort -committerdate --format %(refname)%00%(objectname)%00%(*objectname) [7ms]
2025-08-16 10:47:53.915 [info] > git status -z -uall [242ms]
2025-08-16 10:47:59.027 [info] > git config --get commit.template [10ms]
2025-08-16 10:47:59.095 [info] > git for-each-ref --format=%(refname)%00%(upstream:short)%00%(objectname)%00%(upstream:track)%00%(upstream:remotename)%00%(upstream:remoteref) refs/heads/main refs/remotes/main [4ms]
2025-08-16 10:47:59.247 [info] > git for-each-ref --sort -committerdate --format %(refname)%00%(objectname)%00%(*objectname) [4ms]
2025-08-16 10:47:59.333 [info] > git status -z -uall [186ms]
2025-08-16 10:48:04.641 [info] > git for-each-ref --format=%(refname)%00%(upstream:short)%00%(objectname)%00%(upstream:track)%00%(upstream:remotename)%00%(upstream:remoteref) refs/heads/main refs/remotes/main [34ms]
2025-08-16 10:48:04.642 [info] > git config --get commit.template [184ms]
2025-08-16 10:48:04.831 [info] > git for-each-ref --sort -committerdate --format %(refname)%00%(objectname)%00%(*objectname) [6ms]
2025-08-16 10:48:04.904 [info] > git status -z -uall [207ms]
2025-08-16 10:48:10.069 [info] > git config --get commit.template [78ms]
2025-08-16 10:48:10.073 [info] > git for-each-ref --format=%(refname)%00%(upstream:short)%00%(objectname)%00%(upstream:track)%00%(upstream:remotename)%00%(upstream:remoteref) refs/heads/main refs/remotes/main [5ms]
2025-08-16 10:48:10.264 [info] > git for-each-ref --sort -committerdate --format %(refname)%00%(objectname)%00%(*objectname) [5ms]
2025-08-16 10:48:10.332 [info] > git status -z -uall [178ms]
2025-08-16 10:48:15.492 [info] > git config --get commit.template [47ms]
2025-08-16 10:48:15.494 [info] > git for-each-ref --format=%(refname)%00%(upstream:short)%00%(objectname)%00%(upstream:track)%00%(upstream:remotename)%00%(upstream:remoteref) refs/heads/main refs/remotes/main [3ms]
2025-08-16 10:48:15.606 [info] > git for-each-ref --sort -committerdate --format %(refname)%00%(objectname)%00%(*objectname) [6ms]
2025-08-16 10:48:15.684 [info] > git status -z -uall [152ms]
2025-08-16 10:48:20.833 [info] > git config --get commit.template [20ms]
2025-08-16 10:48:20.973 [info] > git for-each-ref --format=%(refname)%00%(upstream:short)%00%(objectname)%00%(upstream:track)%00%(upstream:remotename)%00%(upstream:remoteref) refs/heads/main refs/remotes/main [7ms]
2025-08-16 10:48:21.158 [info] > git for-each-ref --sort -committerdate --format %(refname)%00%(objectname)%00%(*objectname) [13ms]
2025-08-16 10:48:21.245 [info] > git status -z -uall [213ms]
2025-08-16 10:48:26.427 [info] > git config --get commit.template [10ms]
2025-08-16 10:48:26.477 [info] > git for-each-ref --format=%(refname)%00%(upstream:short)%00%(objectname)%00%(upstream:track)%00%(upstream:remotename)%00%(upstream:remoteref) refs/heads/main refs/remotes/main [3ms]
2025-08-16 10:48:26.602 [info] > git for-each-ref --sort -committerdate --format %(refname)%00%(objectname)%00%(*objectname) [4ms]
2025-08-16 10:48:26.685 [info] > git status -z -uall [168ms]
2025-08-16 10:48:31.841 [info] > git config --get commit.template [10ms]
2025-08-16 10:48:31.975 [info] > git for-each-ref --format=%(refname)%00%(upstream:short)%00%(objectname)%00%(upstream:track)%00%(upstream:remotename)%00%(upstream:remoteref) refs/heads/main refs/remotes/main [10ms]
2025-08-16 10:48:32.319 [info] > git for-each-ref --sort -committerdate --format %(refname)%00%(objectname)%00%(*objectname) [6ms]
2025-08-16 10:48:32.389 [info] > git status -z -uall [276ms]
2025-08-16 10:48:37.625 [info] > git config --get commit.template [16ms]
2025-08-16 10:48:37.724 [info] > git for-each-ref --format=%(refname)%00%(upstream:short)%00%(objectname)%00%(upstream:track)%00%(upstream:remotename)%00%(upstream:remoteref) refs/heads/main refs/remotes/main [7ms]
2025-08-16 10:48:37.908 [info] > git for-each-ref --sort -committerdate --format %(refname)%00%(objectname)%00%(*objectname) [10ms]
2025-08-16 10:48:38.005 [info] > git status -z -uall [210ms]
2025-08-16 10:48:43.094 [info] > git config --get commit.template [5ms]
2025-08-16 10:48:43.177 [info] > git for-each-ref --format=%(refname)%00%(upstream:short)%00%(objectname)%00%(upstream:track)%00%(upstream:remotename)%00%(upstream:remoteref) refs/heads/main refs/remotes/main [8ms]
2025-08-16 10:48:43.416 [info] > git for-each-ref --sort -committerdate --format %(refname)%00%(objectname)%00%(*objectname) [9ms]
2025-08-16 10:48:43.505 [info] > git status -z -uall [223ms]
2025-08-16 10:48:48.809 [info] > git config --get commit.template [117ms]
2025-08-16 10:48:48.812 [info] > git for-each-ref --format=%(refname)%00%(upstream:short)%00%(objectname)%00%(upstream:track)%00%(upstream:remotename)%00%(upstream:remoteref) refs/heads/main refs/remotes/main [5ms]
2025-08-16 10:48:49.002 [info] > git for-each-ref --sort -committerdate --format %(refname)%00%(objectname)%00%(*objectname) [8ms]
2025-08-16 10:48:49.129 [info] > git status -z -uall [249ms]
2025-08-16 10:48:54.319 [info] > git config --get commit.template [12ms]
2025-08-16 10:48:54.512 [info] > git for-each-ref --format=%(refname)%00%(upstream:short)%00%(objectname)%00%(upstream:track)%00%(upstream:remotename)%00%(upstream:remoteref) refs/heads/main refs/remotes/main [17ms]
2025-08-16 10:48:54.713 [info] > git for-each-ref --sort -committerdate --format %(refname)%00%(objectname)%00%(*objectname) [6ms]
2025-08-16 10:48:54.842 [info] > git status -z -uall [233ms]
2025-08-16 10:49:00.045 [info] > git config --get commit.template [13ms]
2025-08-16 10:49:00.225 [info] > git for-each-ref --format=%(refname)%00%(upstream:short)%00%(objectname)%00%(upstream:track)%00%(upstream:remotename)%00%(upstream:remoteref) refs/heads/main refs/remotes/main [7ms]
2025-08-16 10:49:00.439 [info] > git for-each-ref --sort -committerdate --format %(refname)%00%(objectname)%00%(*objectname) [4ms]
2025-08-16 10:49:00.570 [info] > git status -z -uall [271ms]
2025-08-16 10:49:05.819 [info] > git config --get commit.template [69ms]
2025-08-16 10:49:05.822 [info] > git for-each-ref --format=%(refname)%00%(upstream:short)%00%(objectname)%00%(upstream:track)%00%(upstream:remotename)%00%(upstream:remoteref) refs/heads/main refs/remotes/main [5ms]
2025-08-16 10:49:06.065 [info] > git for-each-ref --sort -committerdate --format %(refname)%00%(objectname)%00%(*objectname) [19ms]
2025-08-16 10:49:06.190 [info] > git status -z -uall [303ms]
2025-08-16 10:49:28.485 [info] > git config --get commit.template [59ms]
2025-08-16 10:49:28.571 [info] > git for-each-ref --format=%(refname)%00%(upstream:short)%00%(objectname)%00%(upstream:track)%00%(upstream:remotename)%00%(upstream:remoteref) refs/heads/main refs/remotes/main [6ms]
2025-08-16 10:49:28.796 [info] > git for-each-ref --sort -committerdate --format %(refname)%00%(objectname)%00%(*objectname) [13ms]
2025-08-16 10:49:28.900 [info] > git status -z -uall [250ms]
2025-08-16 10:49:34.205 [info] > git config --get commit.template [114ms]
2025-08-16 10:49:34.210 [info] > git for-each-ref --format=%(refname)%00%(upstream:short)%00%(objectname)%00%(upstream:track)%00%(upstream:remotename)%00%(upstream:remoteref) refs/heads/main refs/remotes/main [9ms]
2025-08-16 10:49:34.437 [info] > git for-each-ref --sort -committerdate --format %(refname)%00%(objectname)%00%(*objectname) [9ms]
2025-08-16 10:49:34.565 [info] > git status -z -uall [274ms]
2025-08-16 10:50:42.598 [info] > git config --get commit.template [40ms]
2025-08-16 10:50:42.723 [info] > git for-each-ref --format=%(refname)%00%(upstream:short)%00%(objectname)%00%(upstream:track)%00%(upstream:remotename)%00%(upstream:remoteref) refs/heads/main refs/remotes/main [17ms]
2025-08-16 10:50:42.939 [info] > git for-each-ref --sort -committerdate --format %(refname)%00%(objectname)%00%(*objectname) [12ms]
2025-08-16 10:50:43.097 [info] > git status -z -uall [280ms]
2025-08-16 10:50:48.446 [info] > git config --get commit.template [146ms]
2025-08-16 10:50:48.451 [info] > git for-each-ref --format=%(refname)%00%(upstream:short)%00%(objectname)%00%(upstream:track)%00%(upstream:remotename)%00%(upstream:remoteref) refs/heads/main refs/remotes/main [6ms]
2025-08-16 10:50:48.697 [info] > git for-each-ref --sort -committerdate --format %(refname)%00%(objectname)%00%(*objectname) [13ms]
2025-08-16 10:50:48.889 [info] > git status -z -uall [343ms]
2025-08-16 10:50:54.255 [info] > git config --get commit.template [8ms]
2025-08-16 10:50:54.378 [info] > git for-each-ref --format=%(refname)%00%(upstream:short)%00%(objectname)%00%(upstream:track)%00%(upstream:remotename)%00%(upstream:remoteref) refs/heads/main refs/remotes/main [13ms]
2025-08-16 10:50:54.636 [info] > git for-each-ref --sort -committerdate --format %(refname)%00%(objectname)%00%(*objectname) [25ms]
2025-08-16 10:50:54.785 [info] > git status -z -uall [328ms]
2025-08-16 10:51:00.145 [info] > git config --get commit.template [167ms]
2025-08-16 10:51:00.149 [info] > git for-each-ref --format=%(refname)%00%(upstream:short)%00%(objectname)%00%(upstream:track)%00%(upstream:remotename)%00%(upstream:remoteref) refs/heads/main refs/remotes/main [9ms]
2025-08-16 10:51:00.342 [info] > git for-each-ref --sort -committerdate --format %(refname)%00%(objectname)%00%(*objectname) [9ms]
2025-08-16 10:51:00.474 [info] > git status -z -uall [256ms]
2025-08-16 10:51:17.644 [info] > git config --get commit.template [81ms]
2025-08-16 10:51:17.648 [info] > git for-each-ref --format=%(refname)%00%(upstream:short)%00%(objectname)%00%(upstream:track)%00%(upstream:remotename)%00%(upstream:remoteref) refs/heads/main refs/remotes/main [7ms]
2025-08-16 10:51:17.839 [info] > git for-each-ref --sort -committerdate --format %(refname)%00%(objectname)%00%(*objectname) [10ms]
2025-08-16 10:51:17.964 [info] > git status -z -uall [247ms]
2025-08-16 10:54:04.438 [info] > git check-ignore -v -z --stdin [60ms]
2025-08-16 10:54:08.518 [info] > git check-ignore -v -z --stdin [72ms]
2025-08-16 10:54:20.668 [info] > git log --format=%H%n%aN%n%aE%n%at%n%ct%n%P%n%D%n%B -z --shortstat --diff-merges=first-parent -n50 --skip=0 --topo-order --decorate=full --stdin [17637ms]
2025-08-16 10:58:39.832 [info] > git config --get commit.template [9ms]
2025-08-16 10:58:39.954 [info] > git for-each-ref --format=%(refname)%00%(upstream:short)%00%(objectname)%00%(upstream:track)%00%(upstream:remotename)%00%(upstream:remoteref) refs/heads/main refs/remotes/main [15ms]
2025-08-16 10:58:40.248 [info] > git for-each-ref --sort -committerdate --format %(refname)%00%(objectname)%00%(*objectname) [28ms]
2025-08-16 10:58:40.407 [info] > git status -z -uall [362ms]
2025-08-16 10:58:45.615 [info] > git config --get commit.template [16ms]
2025-08-16 10:58:45.708 [info] > git for-each-ref --format=%(refname)%00%(upstream:short)%00%(objectname)%00%(upstream:track)%00%(upstream:remotename)%00%(upstream:remoteref) refs/heads/main refs/remotes/main [8ms]
2025-08-16 10:58:45.907 [info] > git for-each-ref --sort -committerdate --format %(refname)%00%(objectname)%00%(*objectname) [6ms]
2025-08-16 10:58:46.069 [info] > git status -z -uall [281ms]
2025-08-16 11:06:14.957 [info] > git config --get commit.template [83ms]
2025-08-16 11:06:14.961 [info] > git for-each-ref --format=%(refname)%00%(upstream:short)%00%(objectname)%00%(upstream:track)%00%(upstream:remotename)%00%(upstream:remoteref) refs/heads/main refs/remotes/main [6ms]
2025-08-16 11:06:15.150 [info] > git for-each-ref --sort -committerdate --format %(refname)%00%(objectname)%00%(*objectname) [7ms]
2025-08-16 11:06:15.313 [info] > git status -z -uall [281ms]
2025-08-16 11:06:20.438 [info] > git config --get commit.template [6ms]
2025-08-16 11:06:20.556 [info] > git for-each-ref --format=%(refname)%00%(upstream:short)%00%(objectname)%00%(upstream:track)%00%(upstream:remotename)%00%(upstream:remoteref) refs/heads/main refs/remotes/main [12ms]
2025-08-16 11:06:20.979 [info] > git for-each-ref --sort -committerdate --format %(refname)%00%(objectname)%00%(*objectname) [28ms]
2025-08-16 11:06:21.236 [info] > git status -z -uall [568ms]
