2025-08-14 18:25:15.775 [info] Reading sessions from keychain...
2025-08-14 18:25:15.775 [info] Getting sessions for all scopes...
2025-08-14 18:25:16.083 [info] Got 0 sessions for ...
2025-08-14 18:25:16.083 [info] Getting sessions for all scopes...
2025-08-14 18:25:16.083 [info] Got 0 sessions for ...
2025-08-14 18:25:16.083 [info] Getting sessions for all scopes...
2025-08-14 18:25:16.084 [info] Got 0 sessions for ...
2025-08-14 18:25:16.084 [info] Getting sessions for all scopes...
2025-08-14 18:25:16.084 [info] Got 0 sessions for ...
2025-08-14 18:25:16.347 [info] Getting sessions for all scopes...
2025-08-14 18:25:16.347 [info] Got 0 sessions for ...
2025-08-14 18:25:16.347 [info] Getting sessions for all scopes...
2025-08-14 18:25:16.348 [info] Got 0 sessions for ...
2025-08-14 18:25:16.348 [info] Getting sessions for all scopes...
2025-08-14 18:25:16.348 [info] Got 0 sessions for ...
2025-08-14 18:25:16.349 [info] Getting sessions for all scopes...
2025-08-14 18:25:16.349 [info] Got 0 sessions for ...
2025-08-14 18:25:16.350 [info] Getting sessions for all scopes...
2025-08-14 18:25:16.350 [info] Got 0 sessions for ...
2025-08-14 18:25:16.459 [info] Getting sessions for all scopes...
2025-08-14 18:25:16.459 [info] Got 0 sessions for ...
2025-08-14 18:25:16.460 [info] Getting sessions for all scopes...
2025-08-14 18:25:16.460 [info] Got 0 sessions for ...
2025-08-14 18:25:16.461 [info] Getting sessions for all scopes...
2025-08-14 18:25:16.461 [info] Got 0 sessions for ...
2025-08-14 18:25:16.461 [info] Getting sessions for all scopes...
2025-08-14 18:25:16.461 [info] Got 0 sessions for ...
2025-08-14 18:25:16.462 [info] Getting sessions for all scopes...
2025-08-14 18:25:16.462 [info] Got 0 sessions for ...
2025-08-14 18:25:16.462 [info] Getting sessions for all scopes...
2025-08-14 18:25:16.462 [info] Got 0 sessions for ...
2025-08-14 18:25:16.975 [info] Getting sessions for all scopes...
2025-08-14 18:25:16.975 [info] Got 0 sessions for ...
2025-08-14 18:25:18.170 [info] Getting sessions for all scopes...
2025-08-14 18:25:18.170 [info] Got 0 sessions for ...
2025-08-14 18:25:18.171 [info] Getting sessions for all scopes...
2025-08-14 18:25:18.172 [info] Got 0 sessions for ...
2025-08-14 18:25:18.200 [info] Getting sessions for all scopes...
2025-08-14 18:25:18.200 [info] Got 0 sessions for ...
2025-08-14 18:57:16.993 [info] Getting sessions for user:email...
2025-08-14 18:57:16.993 [info] Got 0 sessions for user:email...
2025-08-14 18:57:19.529 [info] Getting sessions for all scopes...
2025-08-14 18:57:19.530 [info] Got 0 sessions for ...
2025-08-14 18:57:22.639 [info] Logging in with 'any' account...
2025-08-14 18:57:22.639 [info] Logging in for the following scopes: user:email
2025-08-14 18:57:22.739 [info] Trying with local server... (user:email)
2025-08-14 18:57:51.541 [info] Exchanging code for token...
2025-08-14 18:57:52.812 [info] Token exchange success!
2025-08-14 18:57:52.829 [info] Getting user info...
2025-08-14 18:57:53.862 [info] Got account info!
2025-08-14 18:57:53.864 [info] Storing 1 sessions...
2025-08-14 18:57:53.873 [info] Reading sessions from keychain...
2025-08-14 18:57:53.874 [info] Stored 1 sessions!
2025-08-14 18:57:53.875 [info] Login success!
2025-08-14 18:57:53.878 [info] Getting sessions for all scopes...
2025-08-14 18:57:53.888 [info] Got stored sessions!
2025-08-14 18:57:53.888 [info] Got 1 verified sessions.
2025-08-14 18:57:53.888 [info] Got 1 sessions for ...
2025-08-14 18:57:53.889 [info] Getting sessions for all scopes...
2025-08-14 18:57:53.889 [info] Got 1 sessions for ...
2025-08-14 18:57:53.894 [info] Getting sessions for user:email...
2025-08-14 18:57:53.895 [info] Got 1 sessions for user:email...
2025-08-14 18:57:53.898 [info] Getting sessions for all scopes...
2025-08-14 18:57:53.898 [info] Got 1 sessions for ...
2025-08-14 18:58:57.359 [info] Getting sessions for all scopes...
2025-08-14 18:58:57.359 [info] Got 1 sessions for ...
2025-08-14 18:58:57.359 [info] Getting sessions for all scopes...
2025-08-14 18:58:57.359 [info] Got 1 sessions for ...
2025-08-14 18:58:58.178 [info] Getting sessions for read:user,repo,user:email,workflow...
2025-08-14 18:58:58.178 [info] Got 0 sessions for read:user,repo,user:email,workflow...
2025-08-14 18:58:58.180 [info] Getting sessions for all scopes...
2025-08-14 18:58:58.180 [info] Got 1 sessions for ...
2025-08-14 18:58:58.413 [info] Getting sessions for all scopes...
2025-08-14 18:58:58.414 [info] Got 1 sessions for ...
2025-08-14 18:58:58.414 [info] Getting sessions for read:user,repo,user:email,workflow...
2025-08-14 18:58:58.414 [info] Got 0 sessions for read:user,repo,user:email,workflow...
2025-08-14 18:58:58.506 [info] Getting sessions for user:email...
2025-08-14 18:58:58.506 [info] Got 1 sessions for user:email...
2025-08-14 18:58:58.508 [info] Getting sessions for read:user,repo,user:email,workflow...
2025-08-14 18:58:58.508 [info] Got 0 sessions for read:user,repo,user:email,workflow...
2025-08-14 18:58:58.562 [info] Getting sessions for read:user...
2025-08-14 18:58:58.562 [info] Got 0 sessions for read:user...
2025-08-14 18:58:58.569 [info] Getting sessions for all scopes...
2025-08-14 18:58:58.569 [info] Got 1 sessions for ...
2025-08-14 18:58:58.580 [info] Getting sessions for user:email...
2025-08-14 18:58:58.580 [info] Got 1 sessions for user:email...
2025-08-14 18:58:58.599 [info] Getting sessions for read:user,repo,user:email,workflow...
2025-08-14 18:58:58.599 [info] Got 0 sessions for read:user,repo,user:email,workflow...
2025-08-14 18:58:58.979 [info] Getting sessions for user:email...
2025-08-14 18:58:58.979 [info] Got 1 sessions for user:email...
2025-08-14 18:58:58.983 [info] Getting sessions for all scopes...
2025-08-14 18:58:58.983 [info] Got 1 sessions for ...
2025-08-14 18:58:58.986 [info] Getting sessions for read:user,repo,user:email,workflow...
2025-08-14 18:58:58.986 [info] Got 0 sessions for read:user,repo,user:email,workflow...
2025-08-14 18:58:58.994 [info] Getting sessions for user:email...
2025-08-14 18:58:58.994 [info] Got 1 sessions for user:email...
2025-08-14 18:59:01.815 [info] Getting sessions for all scopes...
2025-08-14 18:59:01.815 [info] Got 1 sessions for ...
2025-08-14 18:59:01.922 [info] Getting sessions for read:user,repo,user:email,workflow...
2025-08-14 18:59:01.922 [info] Got 0 sessions for read:user,repo,user:email,workflow...
2025-08-14 18:59:01.933 [info] Getting sessions for user:email...
2025-08-14 18:59:01.933 [info] Got 1 sessions for user:email...
2025-08-14 18:59:02.446 [info] Getting sessions for all scopes...
2025-08-14 18:59:02.446 [info] Got 1 sessions for ...
2025-08-14 18:59:02.451 [info] Getting sessions for read:user,repo,user:email,workflow...
2025-08-14 18:59:02.451 [info] Got 0 sessions for read:user,repo,user:email,workflow...
2025-08-14 18:59:02.455 [info] Getting sessions for user:email...
2025-08-14 18:59:02.455 [info] Got 1 sessions for user:email...
2025-08-14 18:59:02.833 [info] Getting sessions for all scopes...
2025-08-14 18:59:02.833 [info] Got 1 sessions for ...
2025-08-14 18:59:02.834 [info] Getting sessions for all scopes...
2025-08-14 18:59:02.834 [info] Got 1 sessions for ...
2025-08-14 18:59:02.889 [info] Getting sessions for read:user,repo,user:email,workflow...
2025-08-14 18:59:02.889 [info] Got 0 sessions for read:user,repo,user:email,workflow...
2025-08-14 18:59:02.895 [info] Getting sessions for user:email...
2025-08-14 18:59:02.895 [info] Got 1 sessions for user:email...
2025-08-14 18:59:02.896 [info] Getting sessions for read:user,repo,user:email,workflow...
2025-08-14 18:59:02.896 [info] Got 0 sessions for read:user,repo,user:email,workflow...
2025-08-14 18:59:02.903 [info] Getting sessions for all scopes...
2025-08-14 18:59:02.903 [info] Got 1 sessions for ...
2025-08-14 18:59:02.909 [info] Getting sessions for read:user,repo,user:email,workflow...
2025-08-14 18:59:02.909 [info] Got 0 sessions for read:user,repo,user:email,workflow...
2025-08-14 18:59:03.082 [info] Getting sessions for user:email...
2025-08-14 18:59:03.083 [info] Got 1 sessions for user:email...
2025-08-14 18:59:03.356 [info] Getting sessions for all scopes...
2025-08-14 18:59:03.356 [info] Got 1 sessions for ...
2025-08-14 18:59:03.358 [info] Getting sessions for all scopes...
2025-08-14 18:59:03.358 [info] Got 1 sessions for ...
2025-08-14 18:59:03.368 [info] Getting sessions for read:user,repo,user:email,workflow...
2025-08-14 18:59:03.368 [info] Got 0 sessions for read:user,repo,user:email,workflow...
2025-08-14 18:59:03.372 [info] Getting sessions for user:email...
2025-08-14 18:59:03.372 [info] Got 1 sessions for user:email...
2025-08-14 18:59:03.372 [info] Getting sessions for read:user,repo,user:email,workflow...
2025-08-14 18:59:03.372 [info] Got 0 sessions for read:user,repo,user:email,workflow...
2025-08-14 18:59:03.390 [info] Getting sessions for all scopes...
2025-08-14 18:59:03.390 [info] Got 1 sessions for ...
2025-08-14 18:59:03.395 [info] Getting sessions for all scopes...
2025-08-14 18:59:03.395 [info] Got 1 sessions for ...
2025-08-14 18:59:03.396 [info] Getting sessions for all scopes...
2025-08-14 18:59:03.396 [info] Got 1 sessions for ...
2025-08-14 18:59:03.406 [info] Getting sessions for read:user,repo,user:email,workflow...
2025-08-14 18:59:03.406 [info] Got 0 sessions for read:user,repo,user:email,workflow...
2025-08-14 18:59:03.411 [info] Getting sessions for user:email...
2025-08-14 18:59:03.411 [info] Got 1 sessions for user:email...
2025-08-14 18:59:07.880 [info] Getting sessions for all scopes...
2025-08-14 18:59:07.880 [info] Got 1 sessions for ...
2025-08-14 18:59:08.368 [info] Getting sessions for all scopes...
2025-08-14 18:59:08.368 [info] Got 1 sessions for ...
2025-08-14 18:59:08.373 [info] Getting sessions for read:user,repo,user:email,workflow...
2025-08-14 18:59:08.373 [info] Got 0 sessions for read:user,repo,user:email,workflow...
2025-08-14 18:59:08.380 [info] Getting sessions for user:email...
2025-08-14 18:59:08.380 [info] Got 1 sessions for user:email...
2025-08-14 18:59:12.117 [info] Getting sessions for all scopes...
2025-08-14 18:59:12.117 [info] Got 1 sessions for ...
2025-08-14 18:59:12.119 [info] Getting sessions for read:user,repo,user:email,workflow...
2025-08-14 18:59:12.119 [info] Got 0 sessions for read:user,repo,user:email,workflow...
2025-08-14 18:59:12.121 [info] Getting sessions for user:email...
2025-08-14 18:59:12.121 [info] Got 1 sessions for user:email...
2025-08-14 18:59:15.261 [info] Getting sessions for all scopes...
2025-08-14 18:59:15.261 [info] Got 1 sessions for ...
2025-08-14 18:59:15.264 [info] Getting sessions for read:user,repo,user:email,workflow...
2025-08-14 18:59:15.264 [info] Got 0 sessions for read:user,repo,user:email,workflow...
2025-08-14 18:59:15.269 [info] Getting sessions for user:email...
2025-08-14 18:59:15.269 [info] Got 1 sessions for user:email...
2025-08-14 18:59:20.568 [info] Getting sessions for all scopes...
2025-08-14 18:59:20.568 [info] Got 1 sessions for ...
2025-08-14 18:59:20.570 [info] Getting sessions for read:user,repo,user:email,workflow...
2025-08-14 18:59:20.570 [info] Got 0 sessions for read:user,repo,user:email,workflow...
2025-08-14 18:59:20.572 [info] Getting sessions for user:email...
2025-08-14 18:59:20.572 [info] Got 1 sessions for user:email...
2025-08-14 19:13:02.733 [info] Getting sessions for read:user,repo,user:email,workflow...
2025-08-14 19:13:02.733 [info] Got 0 sessions for read:user,repo,user:email,workflow...
2025-08-14 19:13:08.545 [info] Logging in with 'any' account...
2025-08-14 19:13:08.545 [info] Logging in for the following scopes: read:user repo user:email workflow
2025-08-14 19:13:08.634 [info] Trying with local server... (read:user repo user:email workflow)
2025-08-14 19:13:18.146 [info] Exchanging code for token...
2025-08-14 19:13:18.854 [info] Token exchange success!
2025-08-14 19:13:18.858 [info] Getting user info...
2025-08-14 19:13:20.069 [info] Got account info!
2025-08-14 19:13:20.070 [info] Storing 2 sessions...
2025-08-14 19:13:20.082 [info] Reading sessions from keychain...
2025-08-14 19:13:20.083 [info] Stored 2 sessions!
2025-08-14 19:13:20.083 [info] Login success!
2025-08-14 19:13:20.089 [info] Getting sessions for all scopes...
2025-08-14 19:13:20.099 [info] Got stored sessions!
2025-08-14 19:13:20.099 [info] Got 2 verified sessions.
2025-08-14 19:13:20.099 [info] Got 2 sessions for ...
2025-08-14 19:13:20.101 [info] Getting sessions for user:email...
2025-08-14 19:13:20.101 [info] Got 1 sessions for user:email...
2025-08-14 19:13:20.102 [info] Getting sessions for all scopes...
2025-08-14 19:13:20.102 [info] Got 2 sessions for ...
2025-08-14 19:13:20.104 [info] Getting sessions for all scopes...
2025-08-14 19:13:20.104 [info] Got 2 sessions for ...
2025-08-14 19:13:20.109 [info] Getting sessions for user:email...
2025-08-14 19:13:20.109 [info] Got 1 sessions for user:email...
2025-08-14 19:13:20.111 [info] Getting sessions for all scopes...
2025-08-14 19:13:20.111 [info] Got 2 sessions for ...
2025-08-14 19:13:20.134 [info] Getting sessions for all scopes...
2025-08-14 19:13:20.134 [info] Got 2 sessions for ...
2025-08-14 19:13:20.144 [info] Getting sessions for all scopes...
2025-08-14 19:13:20.145 [info] Got 2 sessions for ...
2025-08-14 19:13:20.169 [info] Getting sessions for all scopes...
2025-08-14 19:13:20.169 [info] Got 2 sessions for ...
2025-08-14 19:13:20.177 [info] Getting sessions for all scopes...
2025-08-14 19:13:20.177 [info] Got 2 sessions for ...
2025-08-14 19:13:20.179 [info] Getting sessions for read:user,repo,user:email,workflow...
2025-08-14 19:13:20.180 [info] Got 1 sessions for read:user,repo,user:email,workflow...
2025-08-14 19:13:20.250 [info] Getting sessions for read:user,repo,user:email,workflow...
2025-08-14 19:13:20.253 [info] Got 1 sessions for read:user,repo,user:email,workflow...
2025-08-14 19:13:20.286 [info] Getting sessions for all scopes...
2025-08-14 19:13:20.286 [info] Got 2 sessions for ...
2025-08-14 19:13:20.356 [info] Getting sessions for read:user,repo,user:email,workflow...
2025-08-14 19:13:20.356 [info] Got 1 sessions for read:user,repo,user:email,workflow...
2025-08-14 19:13:20.387 [info] Getting sessions for all scopes...
2025-08-14 19:13:20.387 [info] Got 2 sessions for ...
2025-08-14 19:13:20.400 [info] Getting sessions for read:user,repo,user:email,workflow...
2025-08-14 19:13:20.400 [info] Got 1 sessions for read:user,repo,user:email,workflow...
2025-08-14 19:13:22.464 [info] Getting sessions for all scopes...
2025-08-14 19:13:22.465 [info] Got 2 sessions for ...
2025-08-14 19:13:22.469 [info] Getting sessions for all scopes...
2025-08-14 19:13:22.469 [info] Got 2 sessions for ...
2025-08-14 19:13:22.486 [info] Getting sessions for read:user,repo,user:email,workflow...
2025-08-14 19:13:22.486 [info] Got 1 sessions for read:user,repo,user:email,workflow...
2025-08-14 19:13:22.502 [info] Getting sessions for all scopes...
2025-08-14 19:13:22.502 [info] Got 2 sessions for ...
2025-08-14 19:13:22.521 [info] Getting sessions for read:user,repo,user:email,workflow...
2025-08-14 19:13:22.521 [info] Got 1 sessions for read:user,repo,user:email,workflow...
2025-08-14 19:13:22.575 [info] Getting sessions for all scopes...
2025-08-14 19:13:22.575 [info] Got 2 sessions for ...
2025-08-14 19:13:22.590 [info] Getting sessions for read:user,repo,user:email,workflow...
2025-08-14 19:13:22.590 [info] Got 1 sessions for read:user,repo,user:email,workflow...
2025-08-14 19:13:22.660 [info] Getting sessions for all scopes...
2025-08-14 19:13:22.664 [info] Got 2 sessions for ...
2025-08-14 19:13:22.706 [info] Getting sessions for read:user,repo,user:email,workflow...
2025-08-14 19:13:22.706 [info] Got 1 sessions for read:user,repo,user:email,workflow...
