2025-08-16 15:48:15.114 [info] [main] Log level: Info
2025-08-16 15:48:15.114 [info] [main] Validating found git in: "git"
2025-08-16 15:48:15.114 [info] [main] Using git "2.43.0" from "git"
2025-08-16 15:48:15.114 [info] [Model][doInitialScan] Initial repository scan started
2025-08-16 15:48:15.114 [info] > git rev-parse --show-toplevel [38ms]
2025-08-16 15:48:15.114 [info] > git rev-parse --git-dir --git-common-dir [6ms]
2025-08-16 15:48:15.114 [info] [Model][openRepository] Opened repository (path): /home/aniket
2025-08-16 15:48:15.114 [info] [Model][openRepository] Opened repository (real path): /home/aniket
2025-08-16 15:48:15.114 [info] [Model][doInitialScan] Initial repository scan completed - repositories (1), closed repositories (0), parent repositories (0), unsafe repositories (0)
2025-08-16 15:48:15.114 [info] > git config --get commit.template [99ms]
2025-08-16 15:48:15.119 [info] > git for-each-ref --format=%(refname)%00%(upstream:short)%00%(objectname)%00%(upstream:track)%00%(upstream:remotename)%00%(upstream:remoteref) refs/heads/main refs/remotes/main [6ms]
2025-08-16 15:48:15.173 [info] > git for-each-ref --sort -committerdate --format %(refname)%00%(objectname)%00%(*objectname) [8ms]
2025-08-16 15:48:23.786 [info] > git status -z -uall [8650ms]
2025-08-16 15:48:28.811 [info] > git check-ignore -v -z --stdin [4230ms]
2025-08-16 15:48:28.813 [info] > git show --textconv :13_aug.sql [1356ms]
2025-08-16 15:48:28.814 [info] > git ls-files --stage -- 13_aug.sql [633ms]
2025-08-16 15:48:28.856 [info] > git for-each-ref --format=%(refname)%00%(upstream:short)%00%(objectname)%00%(upstream:track)%00%(upstream:remotename)%00%(upstream:remoteref) refs/heads/main refs/remotes/main [4391ms]
2025-08-16 15:48:29.125 [info] > git config --get --local branch.main.vscode-merge-base [224ms]
2025-08-16 15:48:29.126 [warning] [Git][config] git config failed: Failed to execute git
2025-08-16 15:48:29.186 [info] > git cat-file -s f21c837f982f943c82492df49ad67fd5b371b850 [333ms]
2025-08-16 15:48:29.191 [info] > git config --get commit.template [384ms]
2025-08-16 15:48:30.646 [info] > git reflog main --grep-reflog=branch: Created from *. [1460ms]
2025-08-16 15:48:31.044 [info] > git symbolic-ref --short refs/remotes/origin/HEAD [355ms]
2025-08-16 15:48:31.044 [info] fatal: ref refs/remotes/origin/HEAD is not a symbolic ref
2025-08-16 15:48:31.044 [warning] [Repository][getDefaultBranch] Failed to get default branch details: Failed to execute git.
2025-08-16 15:48:31.069 [info] > git for-each-ref --format=%(refname)%00%(upstream:short)%00%(objectname)%00%(upstream:track)%00%(upstream:remotename)%00%(upstream:remoteref) refs/heads/main refs/remotes/main [91ms]
2025-08-16 15:48:31.215 [info] > git for-each-ref --sort -committerdate --format %(refname)%00%(objectname)%00%(*objectname) [7ms]
2025-08-16 15:48:31.459 [info] > git blame --root --incremental 23998e76c1ce0292256b4402d387e0362a5ec7ba -- 13_aug.sql [22ms]
2025-08-16 15:48:32.528 [info] > git status -z -uall [1395ms]
2025-08-16 15:48:43.017 [info] > git config --get commit.template [8ms]
2025-08-16 15:48:43.104 [info] > git for-each-ref --format=%(refname)%00%(upstream:short)%00%(objectname)%00%(upstream:track)%00%(upstream:remotename)%00%(upstream:remoteref) refs/heads/main refs/remotes/main [7ms]
2025-08-16 15:48:43.386 [info] > git for-each-ref --sort -committerdate --format %(refname)%00%(objectname)%00%(*objectname) [17ms]
2025-08-16 15:48:44.299 [info] > git status -z -uall [1126ms]
2025-08-16 15:51:40.739 [info] > git config --get commit.template [5ms]
2025-08-16 15:51:40.802 [info] > git for-each-ref --format=%(refname)%00%(upstream:short)%00%(objectname)%00%(upstream:track)%00%(upstream:remotename)%00%(upstream:remoteref) refs/heads/main refs/remotes/main [7ms]
2025-08-16 15:51:40.934 [info] > git for-each-ref --sort -committerdate --format %(refname)%00%(objectname)%00%(*objectname) [10ms]
2025-08-16 15:51:42.094 [info] > git status -z -uall [1245ms]
2025-08-16 15:52:10.458 [info] > git config --get commit.template [62ms]
2025-08-16 15:52:10.460 [info] > git for-each-ref --format=%(refname)%00%(upstream:short)%00%(objectname)%00%(upstream:track)%00%(upstream:remotename)%00%(upstream:remoteref) refs/heads/main refs/remotes/main [5ms]
2025-08-16 15:52:10.621 [info] > git for-each-ref --sort -committerdate --format %(refname)%00%(objectname)%00%(*objectname) [7ms]
2025-08-16 15:52:11.735 [info] > git status -z -uall [1227ms]
2025-08-16 15:52:37.495 [info] > git config --get commit.template [87ms]
2025-08-16 15:52:37.499 [info] > git for-each-ref --format=%(refname)%00%(upstream:short)%00%(objectname)%00%(upstream:track)%00%(upstream:remotename)%00%(upstream:remoteref) refs/heads/main refs/remotes/main [8ms]
2025-08-16 15:52:37.805 [info] > git for-each-ref --sort -committerdate --format %(refname)%00%(objectname)%00%(*objectname) [6ms]
2025-08-16 15:52:39.075 [info] > git status -z -uall [1479ms]
2025-08-16 15:52:59.420 [info] > git config --get commit.template [42ms]
2025-08-16 15:52:59.422 [info] > git for-each-ref --format=%(refname)%00%(upstream:short)%00%(objectname)%00%(upstream:track)%00%(upstream:remotename)%00%(upstream:remoteref) refs/heads/main refs/remotes/main [4ms]
2025-08-16 15:52:59.652 [info] > git for-each-ref --sort -committerdate --format %(refname)%00%(objectname)%00%(*objectname) [11ms]
2025-08-16 15:53:01.080 [info] > git status -z -uall [1614ms]
2025-08-16 15:53:06.351 [info] > git config --get commit.template [71ms]
2025-08-16 15:53:06.356 [info] > git for-each-ref --format=%(refname)%00%(upstream:short)%00%(objectname)%00%(upstream:track)%00%(upstream:remotename)%00%(upstream:remoteref) refs/heads/main refs/remotes/main [7ms]
2025-08-16 15:53:06.519 [info] > git for-each-ref --sort -committerdate --format %(refname)%00%(objectname)%00%(*objectname) [11ms]
2025-08-16 15:53:07.376 [info] > git status -z -uall [964ms]
2025-08-16 15:53:12.666 [info] > git config --get commit.template [84ms]
2025-08-16 15:53:12.670 [info] > git for-each-ref --format=%(refname)%00%(upstream:short)%00%(objectname)%00%(upstream:track)%00%(upstream:remotename)%00%(upstream:remoteref) refs/heads/main refs/remotes/main [6ms]
2025-08-16 15:53:12.809 [info] > git for-each-ref --sort -committerdate --format %(refname)%00%(objectname)%00%(*objectname) [4ms]
2025-08-16 15:53:13.712 [info] > git status -z -uall [979ms]
2025-08-16 15:53:18.895 [info] > git config --get commit.template [5ms]
2025-08-16 15:53:18.959 [info] > git for-each-ref --format=%(refname)%00%(upstream:short)%00%(objectname)%00%(upstream:track)%00%(upstream:remotename)%00%(upstream:remoteref) refs/heads/main refs/remotes/main [4ms]
2025-08-16 15:53:19.090 [info] > git for-each-ref --sort -committerdate --format %(refname)%00%(objectname)%00%(*objectname) [2ms]
2025-08-16 15:53:20.108 [info] > git status -z -uall [1096ms]
2025-08-16 15:53:25.262 [info] > git config --get commit.template [5ms]
2025-08-16 15:53:25.317 [info] > git for-each-ref --format=%(refname)%00%(upstream:short)%00%(objectname)%00%(upstream:track)%00%(upstream:remotename)%00%(upstream:remoteref) refs/heads/main refs/remotes/main [4ms]
2025-08-16 15:53:25.459 [info] > git for-each-ref --sort -committerdate --format %(refname)%00%(objectname)%00%(*objectname) [9ms]
2025-08-16 15:53:26.644 [info] > git status -z -uall [1276ms]
2025-08-16 15:53:31.970 [info] > git config --get commit.template [114ms]
2025-08-16 15:53:31.977 [info] > git for-each-ref --format=%(refname)%00%(upstream:short)%00%(objectname)%00%(upstream:track)%00%(upstream:remotename)%00%(upstream:remoteref) refs/heads/main refs/remotes/main [12ms]
2025-08-16 15:53:32.184 [info] > git for-each-ref --sort -committerdate --format %(refname)%00%(objectname)%00%(*objectname) [4ms]
2025-08-16 15:53:33.224 [info] > git status -z -uall [1165ms]
2025-08-16 15:53:45.111 [info] > git config --get commit.template [77ms]
2025-08-16 15:53:45.115 [info] > git for-each-ref --format=%(refname)%00%(upstream:short)%00%(objectname)%00%(upstream:track)%00%(upstream:remotename)%00%(upstream:remoteref) refs/heads/main refs/remotes/main [6ms]
2025-08-16 15:53:45.326 [info] > git for-each-ref --sort -committerdate --format %(refname)%00%(objectname)%00%(*objectname) [18ms]
2025-08-16 15:53:46.453 [info] > git status -z -uall [1269ms]
2025-08-16 15:54:08.826 [info] > git config --get commit.template [3ms]
2025-08-16 15:54:08.883 [info] > git for-each-ref --format=%(refname)%00%(upstream:short)%00%(objectname)%00%(upstream:track)%00%(upstream:remotename)%00%(upstream:remoteref) refs/heads/main refs/remotes/main [5ms]
2025-08-16 15:54:09.027 [info] > git for-each-ref --sort -committerdate --format %(refname)%00%(objectname)%00%(*objectname) [7ms]
2025-08-16 15:54:10.193 [info] > git status -z -uall [1262ms]
2025-08-16 15:54:53.892 [info] > git config --get commit.template [9ms]
2025-08-16 15:54:53.988 [info] > git for-each-ref --format=%(refname)%00%(upstream:short)%00%(objectname)%00%(upstream:track)%00%(upstream:remotename)%00%(upstream:remoteref) refs/heads/main refs/remotes/main [6ms]
2025-08-16 15:54:54.153 [info] > git for-each-ref --sort -committerdate --format %(refname)%00%(objectname)%00%(*objectname) [4ms]
2025-08-16 15:54:55.217 [info] > git status -z -uall [1164ms]
2025-08-16 15:55:49.980 [info] > git config --get commit.template [47ms]
2025-08-16 15:55:49.982 [info] > git for-each-ref --format=%(refname)%00%(upstream:short)%00%(objectname)%00%(upstream:track)%00%(upstream:remotename)%00%(upstream:remoteref) refs/heads/main refs/remotes/main [5ms]
2025-08-16 15:55:50.194 [info] > git for-each-ref --sort -committerdate --format %(refname)%00%(objectname)%00%(*objectname) [27ms]
2025-08-16 15:55:51.278 [info] > git status -z -uall [1227ms]
2025-08-16 15:55:56.684 [info] > git config --get commit.template [111ms]
2025-08-16 15:55:56.687 [info] > git for-each-ref --format=%(refname)%00%(upstream:short)%00%(objectname)%00%(upstream:track)%00%(upstream:remotename)%00%(upstream:remoteref) refs/heads/main refs/remotes/main [15ms]
2025-08-16 15:55:56.916 [info] > git for-each-ref --sort -committerdate --format %(refname)%00%(objectname)%00%(*objectname) [5ms]
2025-08-16 15:55:58.314 [info] > git status -z -uall [1507ms]
2025-08-16 15:56:18.494 [info] > git config --get commit.template [14ms]
2025-08-16 15:56:18.612 [info] > git for-each-ref --format=%(refname)%00%(upstream:short)%00%(objectname)%00%(upstream:track)%00%(upstream:remotename)%00%(upstream:remoteref) refs/heads/main refs/remotes/main [11ms]
2025-08-16 15:56:18.856 [info] > git for-each-ref --sort -committerdate --format %(refname)%00%(objectname)%00%(*objectname) [7ms]
2025-08-16 15:56:19.671 [info] > git status -z -uall [983ms]
2025-08-16 15:57:32.069 [info] > git config --get commit.template [10ms]
2025-08-16 15:57:32.150 [info] > git for-each-ref --format=%(refname)%00%(upstream:short)%00%(objectname)%00%(upstream:track)%00%(upstream:remotename)%00%(upstream:remoteref) refs/heads/main refs/remotes/main [4ms]
2025-08-16 15:57:32.279 [info] > git for-each-ref --sort -committerdate --format %(refname)%00%(objectname)%00%(*objectname) [4ms]
2025-08-16 15:57:33.354 [info] > git status -z -uall [1163ms]
2025-08-16 15:57:38.649 [info] > git config --get commit.template [72ms]
2025-08-16 15:57:38.653 [info] > git for-each-ref --format=%(refname)%00%(upstream:short)%00%(objectname)%00%(upstream:track)%00%(upstream:remotename)%00%(upstream:remoteref) refs/heads/main refs/remotes/main [7ms]
2025-08-16 15:57:38.816 [info] > git for-each-ref --sort -committerdate --format %(refname)%00%(objectname)%00%(*objectname) [6ms]
2025-08-16 15:57:39.657 [info] > git status -z -uall [948ms]
2025-08-16 15:57:44.916 [info] > git config --get commit.template [13ms]
2025-08-16 15:57:45.067 [info] > git for-each-ref --format=%(refname)%00%(upstream:short)%00%(objectname)%00%(upstream:track)%00%(upstream:remotename)%00%(upstream:remoteref) refs/heads/main refs/remotes/main [9ms]
2025-08-16 15:57:45.345 [info] > git for-each-ref --sort -committerdate --format %(refname)%00%(objectname)%00%(*objectname) [4ms]
2025-08-16 15:57:46.156 [info] > git status -z -uall [983ms]
2025-08-16 15:57:51.399 [info] > git config --get commit.template [70ms]
2025-08-16 15:57:51.403 [info] > git for-each-ref --format=%(refname)%00%(upstream:short)%00%(objectname)%00%(upstream:track)%00%(upstream:remotename)%00%(upstream:remoteref) refs/heads/main refs/remotes/main [6ms]
2025-08-16 15:57:51.565 [info] > git for-each-ref --sort -committerdate --format %(refname)%00%(objectname)%00%(*objectname) [4ms]
2025-08-16 15:57:52.288 [info] > git status -z -uall [823ms]
2025-08-16 15:57:57.506 [info] > git config --get commit.template [64ms]
2025-08-16 15:57:57.509 [info] > git for-each-ref --format=%(refname)%00%(upstream:short)%00%(objectname)%00%(upstream:track)%00%(upstream:remotename)%00%(upstream:remoteref) refs/heads/main refs/remotes/main [6ms]
2025-08-16 15:57:57.726 [info] > git for-each-ref --sort -committerdate --format %(refname)%00%(objectname)%00%(*objectname) [9ms]
2025-08-16 15:57:58.466 [info] > git status -z -uall [896ms]
2025-08-16 15:58:03.712 [info] > git config --get commit.template [74ms]
2025-08-16 15:58:03.716 [info] > git for-each-ref --format=%(refname)%00%(upstream:short)%00%(objectname)%00%(upstream:track)%00%(upstream:remotename)%00%(upstream:remoteref) refs/heads/main refs/remotes/main [8ms]
2025-08-16 15:58:03.888 [info] > git for-each-ref --sort -committerdate --format %(refname)%00%(objectname)%00%(*objectname) [4ms]
2025-08-16 15:58:04.653 [info] > git status -z -uall [880ms]
2025-08-16 15:58:09.876 [info] > git config --get commit.template [46ms]
2025-08-16 15:58:09.877 [info] > git for-each-ref --format=%(refname)%00%(upstream:short)%00%(objectname)%00%(upstream:track)%00%(upstream:remotename)%00%(upstream:remoteref) refs/heads/main refs/remotes/main [3ms]
2025-08-16 15:58:10.003 [info] > git for-each-ref --sort -committerdate --format %(refname)%00%(objectname)%00%(*objectname) [4ms]
2025-08-16 15:58:10.843 [info] > git status -z -uall [929ms]
2025-08-16 15:58:16.181 [info] > git config --get commit.template [71ms]
2025-08-16 15:58:16.183 [info] > git for-each-ref --format=%(refname)%00%(upstream:short)%00%(objectname)%00%(upstream:track)%00%(upstream:remotename)%00%(upstream:remoteref) refs/heads/main refs/remotes/main [4ms]
2025-08-16 15:58:16.364 [info] > git for-each-ref --sort -committerdate --format %(refname)%00%(objectname)%00%(*objectname) [4ms]
2025-08-16 15:58:17.303 [info] > git status -z -uall [1048ms]
2025-08-16 15:58:31.090 [info] > git config --get commit.template [63ms]
2025-08-16 15:58:31.092 [info] > git for-each-ref --format=%(refname)%00%(upstream:short)%00%(objectname)%00%(upstream:track)%00%(upstream:remotename)%00%(upstream:remoteref) refs/heads/main refs/remotes/main [4ms]
2025-08-16 15:58:31.375 [info] > git for-each-ref --sort -committerdate --format %(refname)%00%(objectname)%00%(*objectname) [4ms]
2025-08-16 15:58:32.443 [info] > git status -z -uall [1308ms]
2025-08-16 15:58:37.729 [info] > git config --get commit.template [76ms]
2025-08-16 15:58:37.731 [info] > git for-each-ref --format=%(refname)%00%(upstream:short)%00%(objectname)%00%(upstream:track)%00%(upstream:remotename)%00%(upstream:remoteref) refs/heads/main refs/remotes/main [8ms]
2025-08-16 15:58:37.966 [info] > git for-each-ref --sort -committerdate --format %(refname)%00%(objectname)%00%(*objectname) [8ms]
2025-08-16 15:58:38.794 [info] > git status -z -uall [995ms]
2025-08-16 15:58:45.984 [info] > git config --get commit.template [62ms]
2025-08-16 15:58:45.987 [info] > git for-each-ref --format=%(refname)%00%(upstream:short)%00%(objectname)%00%(upstream:track)%00%(upstream:remotename)%00%(upstream:remoteref) refs/heads/main refs/remotes/main [5ms]
2025-08-16 15:58:46.142 [info] > git for-each-ref --sort -committerdate --format %(refname)%00%(objectname)%00%(*objectname) [7ms]
2025-08-16 15:58:47.138 [info] > git status -z -uall [1098ms]
2025-08-16 15:59:22.834 [info] > git config --get commit.template [92ms]
2025-08-16 15:59:22.844 [info] > git for-each-ref --format=%(refname)%00%(upstream:short)%00%(objectname)%00%(upstream:track)%00%(upstream:remotename)%00%(upstream:remoteref) refs/heads/main refs/remotes/main [16ms]
2025-08-16 15:59:23.022 [info] > git for-each-ref --sort -committerdate --format %(refname)%00%(objectname)%00%(*objectname) [4ms]
2025-08-16 15:59:24.062 [info] > git status -z -uall [1139ms]
2025-08-16 15:59:29.336 [info] > git config --get commit.template [76ms]
2025-08-16 15:59:29.340 [info] > git for-each-ref --format=%(refname)%00%(upstream:short)%00%(objectname)%00%(upstream:track)%00%(upstream:remotename)%00%(upstream:remoteref) refs/heads/main refs/remotes/main [8ms]
2025-08-16 15:59:29.577 [info] > git for-each-ref --sort -committerdate --format %(refname)%00%(objectname)%00%(*objectname) [8ms]
2025-08-16 15:59:30.381 [info] > git status -z -uall [970ms]
2025-08-16 15:59:35.658 [info] > git config --get commit.template [75ms]
2025-08-16 15:59:35.662 [info] > git for-each-ref --format=%(refname)%00%(upstream:short)%00%(objectname)%00%(upstream:track)%00%(upstream:remotename)%00%(upstream:remoteref) refs/heads/main refs/remotes/main [8ms]
2025-08-16 15:59:35.921 [info] > git for-each-ref --sort -committerdate --format %(refname)%00%(objectname)%00%(*objectname) [8ms]
2025-08-16 15:59:36.746 [info] > git status -z -uall [1015ms]
2025-08-16 15:59:41.984 [info] > git config --get commit.template [72ms]
2025-08-16 15:59:41.988 [info] > git for-each-ref --format=%(refname)%00%(upstream:short)%00%(objectname)%00%(upstream:track)%00%(upstream:remotename)%00%(upstream:remoteref) refs/heads/main refs/remotes/main [7ms]
2025-08-16 15:59:42.236 [info] > git for-each-ref --sort -committerdate --format %(refname)%00%(objectname)%00%(*objectname) [7ms]
2025-08-16 15:59:43.190 [info] > git status -z -uall [1133ms]
2025-08-16 15:59:48.527 [info] > git config --get commit.template [116ms]
2025-08-16 15:59:48.533 [info] > git for-each-ref --format=%(refname)%00%(upstream:short)%00%(objectname)%00%(upstream:track)%00%(upstream:remotename)%00%(upstream:remoteref) refs/heads/main refs/remotes/main [9ms]
2025-08-16 15:59:48.827 [info] > git for-each-ref --sort -committerdate --format %(refname)%00%(objectname)%00%(*objectname) [4ms]
2025-08-16 15:59:49.942 [info] > git status -z -uall [1311ms]
2025-08-16 15:59:55.177 [info] > git config --get commit.template [72ms]
2025-08-16 15:59:55.181 [info] > git for-each-ref --format=%(refname)%00%(upstream:short)%00%(objectname)%00%(upstream:track)%00%(upstream:remotename)%00%(upstream:remoteref) refs/heads/main refs/remotes/main [7ms]
2025-08-16 15:59:55.372 [info] > git for-each-ref --sort -committerdate --format %(refname)%00%(objectname)%00%(*objectname) [5ms]
2025-08-16 15:59:56.133 [info] > git status -z -uall [885ms]
2025-08-16 16:00:01.361 [info] > git config --get commit.template [73ms]
2025-08-16 16:00:01.364 [info] > git for-each-ref --format=%(refname)%00%(upstream:short)%00%(objectname)%00%(upstream:track)%00%(upstream:remotename)%00%(upstream:remoteref) refs/heads/main refs/remotes/main [7ms]
2025-08-16 16:00:01.525 [info] > git for-each-ref --sort -committerdate --format %(refname)%00%(objectname)%00%(*objectname) [6ms]
2025-08-16 16:00:02.299 [info] > git status -z -uall [879ms]
2025-08-16 16:00:07.540 [info] > git config --get commit.template [75ms]
2025-08-16 16:00:07.544 [info] > git for-each-ref --format=%(refname)%00%(upstream:short)%00%(objectname)%00%(upstream:track)%00%(upstream:remotename)%00%(upstream:remoteref) refs/heads/main refs/remotes/main [7ms]
2025-08-16 16:00:07.677 [info] > git for-each-ref --sort -committerdate --format %(refname)%00%(objectname)%00%(*objectname) [3ms]
2025-08-16 16:00:08.493 [info] > git status -z -uall [898ms]
2025-08-16 16:00:13.773 [info] > git config --get commit.template [73ms]
2025-08-16 16:00:13.777 [info] > git for-each-ref --format=%(refname)%00%(upstream:short)%00%(objectname)%00%(upstream:track)%00%(upstream:remotename)%00%(upstream:remoteref) refs/heads/main refs/remotes/main [6ms]
2025-08-16 16:00:14.013 [info] > git for-each-ref --sort -committerdate --format %(refname)%00%(objectname)%00%(*objectname) [9ms]
2025-08-16 16:00:14.792 [info] > git status -z -uall [946ms]
2025-08-16 16:00:51.658 [info] > git config --get commit.template [67ms]
2025-08-16 16:00:51.661 [info] > git for-each-ref --format=%(refname)%00%(upstream:short)%00%(objectname)%00%(upstream:track)%00%(upstream:remotename)%00%(upstream:remoteref) refs/heads/main refs/remotes/main [6ms]
2025-08-16 16:00:51.865 [info] > git for-each-ref --sort -committerdate --format %(refname)%00%(objectname)%00%(*objectname) [6ms]
2025-08-16 16:00:52.945 [info] > git status -z -uall [1213ms]
2025-08-16 16:00:58.227 [info] > git config --get commit.template [70ms]
2025-08-16 16:00:58.230 [info] > git for-each-ref --format=%(refname)%00%(upstream:short)%00%(objectname)%00%(upstream:track)%00%(upstream:remotename)%00%(upstream:remoteref) refs/heads/main refs/remotes/main [7ms]
2025-08-16 16:00:58.408 [info] > git for-each-ref --sort -committerdate --format %(refname)%00%(objectname)%00%(*objectname) [5ms]
2025-08-16 16:00:59.136 [info] > git status -z -uall [845ms]
2025-08-16 16:01:04.379 [info] > git config --get commit.template [66ms]
2025-08-16 16:01:04.382 [info] > git for-each-ref --format=%(refname)%00%(upstream:short)%00%(objectname)%00%(upstream:track)%00%(upstream:remotename)%00%(upstream:remoteref) refs/heads/main refs/remotes/main [6ms]
2025-08-16 16:01:04.592 [info] > git for-each-ref --sort -committerdate --format %(refname)%00%(objectname)%00%(*objectname) [7ms]
2025-08-16 16:01:05.335 [info] > git status -z -uall [892ms]
2025-08-16 16:01:10.574 [info] > git config --get commit.template [67ms]
2025-08-16 16:01:10.578 [info] > git for-each-ref --format=%(refname)%00%(upstream:short)%00%(objectname)%00%(upstream:track)%00%(upstream:remotename)%00%(upstream:remoteref) refs/heads/main refs/remotes/main [7ms]
2025-08-16 16:01:10.791 [info] > git for-each-ref --sort -committerdate --format %(refname)%00%(objectname)%00%(*objectname) [7ms]
2025-08-16 16:01:11.527 [info] > git status -z -uall [886ms]
2025-08-16 16:01:16.750 [info] > git config --get commit.template [67ms]
2025-08-16 16:01:16.753 [info] > git for-each-ref --format=%(refname)%00%(upstream:short)%00%(objectname)%00%(upstream:track)%00%(upstream:remotename)%00%(upstream:remoteref) refs/heads/main refs/remotes/main [7ms]
2025-08-16 16:01:16.958 [info] > git for-each-ref --sort -committerdate --format %(refname)%00%(objectname)%00%(*objectname) [8ms]
2025-08-16 16:01:17.691 [info] > git status -z -uall [876ms]
2025-08-16 16:19:45.627 [info] > git config --get commit.template [56ms]
2025-08-16 16:19:45.629 [info] > git for-each-ref --format=%(refname)%00%(upstream:short)%00%(objectname)%00%(upstream:track)%00%(upstream:remotename)%00%(upstream:remoteref) refs/heads/main refs/remotes/main [5ms]
2025-08-16 16:19:45.725 [info] > git for-each-ref --sort -committerdate --format %(refname)%00%(objectname)%00%(*objectname) [6ms]
2025-08-16 16:19:46.461 [info] > git status -z -uall [796ms]
2025-08-16 16:19:51.657 [info] > git config --get commit.template [35ms]
2025-08-16 16:19:51.658 [info] > git for-each-ref --format=%(refname)%00%(upstream:short)%00%(objectname)%00%(upstream:track)%00%(upstream:remotename)%00%(upstream:remoteref) refs/heads/main refs/remotes/main [3ms]
2025-08-16 16:19:51.735 [info] > git for-each-ref --sort -committerdate --format %(refname)%00%(objectname)%00%(*objectname) [2ms]
2025-08-16 16:19:52.312 [info] > git status -z -uall [623ms]
2025-08-16 16:19:57.485 [info] > git config --get commit.template [30ms]
2025-08-16 16:19:57.486 [info] > git for-each-ref --format=%(refname)%00%(upstream:short)%00%(objectname)%00%(upstream:track)%00%(upstream:remotename)%00%(upstream:remoteref) refs/heads/main refs/remotes/main [2ms]
2025-08-16 16:19:57.568 [info] > git for-each-ref --sort -committerdate --format %(refname)%00%(objectname)%00%(*objectname) [2ms]
2025-08-16 16:19:58.181 [info] > git status -z -uall [667ms]
2025-08-16 16:20:04.687 [info] > git config --get commit.template [7ms]
2025-08-16 16:20:04.746 [info] > git for-each-ref --format=%(refname)%00%(upstream:short)%00%(objectname)%00%(upstream:track)%00%(upstream:remotename)%00%(upstream:remoteref) refs/heads/main refs/remotes/main [4ms]
2025-08-16 16:20:04.844 [info] > git for-each-ref --sort -committerdate --format %(refname)%00%(objectname)%00%(*objectname) [4ms]
2025-08-16 16:20:05.514 [info] > git status -z -uall [728ms]
2025-08-16 16:20:43.268 [info] > git config --get commit.template [4ms]
2025-08-16 16:20:43.313 [info] > git for-each-ref --format=%(refname)%00%(upstream:short)%00%(objectname)%00%(upstream:track)%00%(upstream:remotename)%00%(upstream:remoteref) refs/heads/main refs/remotes/main [4ms]
2025-08-16 16:20:43.404 [info] > git for-each-ref --sort -committerdate --format %(refname)%00%(objectname)%00%(*objectname) [4ms]
2025-08-16 16:20:44.016 [info] > git status -z -uall [668ms]
2025-08-16 16:20:49.208 [info] > git config --get commit.template [28ms]
2025-08-16 16:20:49.209 [info] > git for-each-ref --format=%(refname)%00%(upstream:short)%00%(objectname)%00%(upstream:track)%00%(upstream:remotename)%00%(upstream:remoteref) refs/heads/main refs/remotes/main [2ms]
2025-08-16 16:20:49.279 [info] > git for-each-ref --sort -committerdate --format %(refname)%00%(objectname)%00%(*objectname) [2ms]
2025-08-16 16:20:49.867 [info] > git status -z -uall [634ms]
2025-08-16 16:20:55.006 [info] > git config --get commit.template [2ms]
2025-08-16 16:20:55.032 [info] > git for-each-ref --format=%(refname)%00%(upstream:short)%00%(objectname)%00%(upstream:track)%00%(upstream:remotename)%00%(upstream:remoteref) refs/heads/main refs/remotes/main [2ms]
2025-08-16 16:20:55.109 [info] > git for-each-ref --sort -committerdate --format %(refname)%00%(objectname)%00%(*objectname) [3ms]
2025-08-16 16:20:55.684 [info] > git status -z -uall [628ms]
2025-08-16 16:21:01.582 [info] > git config --get commit.template [47ms]
2025-08-16 16:21:01.583 [info] > git for-each-ref --format=%(refname)%00%(upstream:short)%00%(objectname)%00%(upstream:track)%00%(upstream:remotename)%00%(upstream:remoteref) refs/heads/main refs/remotes/main [5ms]
2025-08-16 16:21:01.676 [info] > git for-each-ref --sort -committerdate --format %(refname)%00%(objectname)%00%(*objectname) [2ms]
2025-08-16 16:21:02.327 [info] > git status -z -uall [705ms]
2025-08-16 16:21:07.556 [info] > git config --get commit.template [28ms]
2025-08-16 16:21:07.557 [info] > git for-each-ref --format=%(refname)%00%(upstream:short)%00%(objectname)%00%(upstream:track)%00%(upstream:remotename)%00%(upstream:remoteref) refs/heads/main refs/remotes/main [2ms]
2025-08-16 16:21:07.631 [info] > git for-each-ref --sort -committerdate --format %(refname)%00%(objectname)%00%(*objectname) [2ms]
2025-08-16 16:21:08.212 [info] > git status -z -uall [629ms]
2025-08-16 16:21:27.531 [info] > git config --get commit.template [3ms]
2025-08-16 16:21:27.578 [info] > git for-each-ref --format=%(refname)%00%(upstream:short)%00%(objectname)%00%(upstream:track)%00%(upstream:remotename)%00%(upstream:remoteref) refs/heads/main refs/remotes/main [2ms]
2025-08-16 16:21:27.680 [info] > git for-each-ref --sort -committerdate --format %(refname)%00%(objectname)%00%(*objectname) [2ms]
2025-08-16 16:21:28.298 [info] > git status -z -uall [681ms]
2025-08-16 16:21:37.789 [info] > git config --get commit.template [62ms]
2025-08-16 16:21:37.791 [info] > git for-each-ref --format=%(refname)%00%(upstream:short)%00%(objectname)%00%(upstream:track)%00%(upstream:remotename)%00%(upstream:remoteref) refs/heads/main refs/remotes/main [6ms]
2025-08-16 16:21:37.953 [info] > git for-each-ref --sort -committerdate --format %(refname)%00%(objectname)%00%(*objectname) [2ms]
2025-08-16 16:21:38.725 [info] > git status -z -uall [882ms]
2025-08-16 16:21:43.944 [info] > git config --get commit.template [26ms]
2025-08-16 16:21:43.945 [info] > git for-each-ref --format=%(refname)%00%(upstream:short)%00%(objectname)%00%(upstream:track)%00%(upstream:remotename)%00%(upstream:remoteref) refs/heads/main refs/remotes/main [2ms]
2025-08-16 16:21:44.015 [info] > git for-each-ref --sort -committerdate --format %(refname)%00%(objectname)%00%(*objectname) [2ms]
2025-08-16 16:21:44.582 [info] > git status -z -uall [613ms]
2025-08-16 16:21:49.726 [info] > git config --get commit.template [27ms]
2025-08-16 16:21:49.727 [info] > git for-each-ref --format=%(refname)%00%(upstream:short)%00%(objectname)%00%(upstream:track)%00%(upstream:remotename)%00%(upstream:remoteref) refs/heads/main refs/remotes/main [2ms]
2025-08-16 16:21:49.805 [info] > git for-each-ref --sort -committerdate --format %(refname)%00%(objectname)%00%(*objectname) [3ms]
2025-08-16 16:21:50.366 [info] > git status -z -uall [612ms]
2025-08-16 16:21:55.655 [info] > git config --get commit.template [77ms]
2025-08-16 16:21:55.659 [info] > git for-each-ref --format=%(refname)%00%(upstream:short)%00%(objectname)%00%(upstream:track)%00%(upstream:remotename)%00%(upstream:remoteref) refs/heads/main refs/remotes/main [7ms]
2025-08-16 16:21:55.767 [info] > git for-each-ref --sort -committerdate --format %(refname)%00%(objectname)%00%(*objectname) [4ms]
2025-08-16 16:21:56.403 [info] > git status -z -uall [708ms]
2025-08-16 16:22:01.517 [info] > git config --get commit.template [1ms]
2025-08-16 16:22:01.545 [info] > git for-each-ref --format=%(refname)%00%(upstream:short)%00%(objectname)%00%(upstream:track)%00%(upstream:remotename)%00%(upstream:remoteref) refs/heads/main refs/remotes/main [3ms]
2025-08-16 16:22:01.645 [info] > git for-each-ref --sort -committerdate --format %(refname)%00%(objectname)%00%(*objectname) [4ms]
2025-08-16 16:22:02.235 [info] > git status -z -uall [665ms]
2025-08-16 16:22:10.435 [info] > git config --get commit.template [50ms]
2025-08-16 16:22:10.437 [info] > git for-each-ref --format=%(refname)%00%(upstream:short)%00%(objectname)%00%(upstream:track)%00%(upstream:remotename)%00%(upstream:remoteref) refs/heads/main refs/remotes/main [3ms]
2025-08-16 16:22:10.542 [info] > git for-each-ref --sort -committerdate --format %(refname)%00%(objectname)%00%(*objectname) [4ms]
2025-08-16 16:22:11.236 [info] > git status -z -uall [763ms]
2025-08-16 16:22:16.410 [info] > git config --get commit.template [26ms]
2025-08-16 16:22:16.411 [info] > git for-each-ref --format=%(refname)%00%(upstream:short)%00%(objectname)%00%(upstream:track)%00%(upstream:remotename)%00%(upstream:remoteref) refs/heads/main refs/remotes/main [2ms]
2025-08-16 16:22:16.477 [info] > git for-each-ref --sort -committerdate --format %(refname)%00%(objectname)%00%(*objectname) [2ms]
2025-08-16 16:22:17.038 [info] > git status -z -uall [603ms]
2025-08-16 16:22:22.183 [info] > git config --get commit.template [26ms]
2025-08-16 16:22:22.185 [info] > git for-each-ref --format=%(refname)%00%(upstream:short)%00%(objectname)%00%(upstream:track)%00%(upstream:remotename)%00%(upstream:remoteref) refs/heads/main refs/remotes/main [2ms]
2025-08-16 16:22:22.257 [info] > git for-each-ref --sort -committerdate --format %(refname)%00%(objectname)%00%(*objectname) [2ms]
2025-08-16 16:22:22.815 [info] > git status -z -uall [604ms]
2025-08-16 16:22:27.949 [info] > git config --get commit.template [26ms]
2025-08-16 16:22:27.951 [info] > git for-each-ref --format=%(refname)%00%(upstream:short)%00%(objectname)%00%(upstream:track)%00%(upstream:remotename)%00%(upstream:remoteref) refs/heads/main refs/remotes/main [2ms]
2025-08-16 16:22:28.022 [info] > git for-each-ref --sort -committerdate --format %(refname)%00%(objectname)%00%(*objectname) [2ms]
2025-08-16 16:22:28.579 [info] > git status -z -uall [601ms]
2025-08-16 16:22:33.715 [info] > git config --get commit.template [27ms]
2025-08-16 16:22:33.716 [info] > git for-each-ref --format=%(refname)%00%(upstream:short)%00%(objectname)%00%(upstream:track)%00%(upstream:remotename)%00%(upstream:remoteref) refs/heads/main refs/remotes/main [2ms]
2025-08-16 16:22:33.790 [info] > git for-each-ref --sort -committerdate --format %(refname)%00%(objectname)%00%(*objectname) [2ms]
2025-08-16 16:22:34.342 [info] > git status -z -uall [601ms]
2025-08-16 16:22:39.523 [info] > git config --get commit.template [36ms]
2025-08-16 16:22:39.525 [info] > git for-each-ref --format=%(refname)%00%(upstream:short)%00%(objectname)%00%(upstream:track)%00%(upstream:remotename)%00%(upstream:remoteref) refs/heads/main refs/remotes/main [3ms]
2025-08-16 16:22:39.601 [info] > git for-each-ref --sort -committerdate --format %(refname)%00%(objectname)%00%(*objectname) [2ms]
2025-08-16 16:22:40.151 [info] > git status -z -uall [600ms]
2025-08-16 16:22:45.281 [info] > git config --get commit.template [27ms]
2025-08-16 16:22:45.282 [info] > git for-each-ref --format=%(refname)%00%(upstream:short)%00%(objectname)%00%(upstream:track)%00%(upstream:remotename)%00%(upstream:remoteref) refs/heads/main refs/remotes/main [2ms]
2025-08-16 16:22:45.360 [info] > git for-each-ref --sort -committerdate --format %(refname)%00%(objectname)%00%(*objectname) [3ms]
2025-08-16 16:22:45.903 [info] > git status -z -uall [596ms]
2025-08-16 16:22:51.065 [info] > git config --get commit.template [27ms]
2025-08-16 16:22:51.066 [info] > git for-each-ref --format=%(refname)%00%(upstream:short)%00%(objectname)%00%(upstream:track)%00%(upstream:remotename)%00%(upstream:remoteref) refs/heads/main refs/remotes/main [2ms]
2025-08-16 16:22:51.136 [info] > git for-each-ref --sort -committerdate --format %(refname)%00%(objectname)%00%(*objectname) [3ms]
2025-08-16 16:22:51.692 [info] > git status -z -uall [600ms]
2025-08-16 16:22:56.845 [info] > git config --get commit.template [26ms]
2025-08-16 16:22:56.846 [info] > git for-each-ref --format=%(refname)%00%(upstream:short)%00%(objectname)%00%(upstream:track)%00%(upstream:remotename)%00%(upstream:remoteref) refs/heads/main refs/remotes/main [2ms]
2025-08-16 16:22:56.934 [info] > git for-each-ref --sort -committerdate --format %(refname)%00%(objectname)%00%(*objectname) [10ms]
2025-08-16 16:22:57.653 [info] > git status -z -uall [781ms]
2025-08-16 16:23:02.855 [info] > git config --get commit.template [33ms]
2025-08-16 16:23:02.856 [info] > git for-each-ref --format=%(refname)%00%(upstream:short)%00%(objectname)%00%(upstream:track)%00%(upstream:remotename)%00%(upstream:remoteref) refs/heads/main refs/remotes/main [2ms]
2025-08-16 16:23:02.931 [info] > git for-each-ref --sort -committerdate --format %(refname)%00%(objectname)%00%(*objectname) [2ms]
2025-08-16 16:23:03.522 [info] > git status -z -uall [638ms]
2025-08-16 16:23:08.660 [info] > git config --get commit.template [27ms]
2025-08-16 16:23:08.662 [info] > git for-each-ref --format=%(refname)%00%(upstream:short)%00%(objectname)%00%(upstream:track)%00%(upstream:remotename)%00%(upstream:remoteref) refs/heads/main refs/remotes/main [1ms]
2025-08-16 16:23:08.728 [info] > git for-each-ref --sort -committerdate --format %(refname)%00%(objectname)%00%(*objectname) [2ms]
2025-08-16 16:23:09.310 [info] > git status -z -uall [623ms]
2025-08-16 16:23:37.673 [info] > git config --get commit.template [6ms]
2025-08-16 16:23:37.729 [info] > git for-each-ref --format=%(refname)%00%(upstream:short)%00%(objectname)%00%(upstream:track)%00%(upstream:remotename)%00%(upstream:remoteref) refs/heads/main refs/remotes/main [4ms]
2025-08-16 16:23:37.823 [info] > git for-each-ref --sort -committerdate --format %(refname)%00%(objectname)%00%(*objectname) [2ms]
2025-08-16 16:23:38.413 [info] > git status -z -uall [642ms]
2025-08-16 16:23:43.614 [info] > git config --get commit.template [11ms]
2025-08-16 16:23:43.665 [info] > git for-each-ref --format=%(refname)%00%(upstream:short)%00%(objectname)%00%(upstream:track)%00%(upstream:remotename)%00%(upstream:remoteref) refs/heads/main refs/remotes/main [3ms]
2025-08-16 16:23:43.752 [info] > git for-each-ref --sort -committerdate --format %(refname)%00%(objectname)%00%(*objectname) [4ms]
2025-08-16 16:23:44.348 [info] > git status -z -uall [653ms]
2025-08-16 16:23:49.501 [info] > git config --get commit.template [31ms]
2025-08-16 16:23:49.502 [info] > git for-each-ref --format=%(refname)%00%(upstream:short)%00%(objectname)%00%(upstream:track)%00%(upstream:remotename)%00%(upstream:remoteref) refs/heads/main refs/remotes/main [2ms]
2025-08-16 16:23:49.578 [info] > git for-each-ref --sort -committerdate --format %(refname)%00%(objectname)%00%(*objectname) [2ms]
2025-08-16 16:23:50.141 [info] > git status -z -uall [610ms]
2025-08-16 16:23:57.300 [info] > git config --get commit.template [44ms]
2025-08-16 16:23:57.302 [info] > git for-each-ref --format=%(refname)%00%(upstream:short)%00%(objectname)%00%(upstream:track)%00%(upstream:remotename)%00%(upstream:remoteref) refs/heads/main refs/remotes/main [6ms]
2025-08-16 16:23:57.410 [info] > git for-each-ref --sort -committerdate --format %(refname)%00%(objectname)%00%(*objectname) [6ms]
2025-08-16 16:23:58.060 [info] > git status -z -uall [717ms]
2025-08-16 16:24:03.237 [info] > git config --get commit.template [5ms]
2025-08-16 16:24:03.296 [info] > git for-each-ref --format=%(refname)%00%(upstream:short)%00%(objectname)%00%(upstream:track)%00%(upstream:remotename)%00%(upstream:remoteref) refs/heads/main refs/remotes/main [3ms]
2025-08-16 16:24:03.396 [info] > git for-each-ref --sort -committerdate --format %(refname)%00%(objectname)%00%(*objectname) [6ms]
2025-08-16 16:24:04.035 [info] > git status -z -uall [692ms]
2025-08-16 16:24:09.263 [info] > git config --get commit.template [40ms]
2025-08-16 16:24:09.264 [info] > git for-each-ref --format=%(refname)%00%(upstream:short)%00%(objectname)%00%(upstream:track)%00%(upstream:remotename)%00%(upstream:remoteref) refs/heads/main refs/remotes/main [2ms]
2025-08-16 16:24:09.362 [info] > git for-each-ref --sort -committerdate --format %(refname)%00%(objectname)%00%(*objectname) [3ms]
2025-08-16 16:24:09.995 [info] > git status -z -uall [694ms]
2025-08-16 16:24:15.164 [info] > git config --get commit.template [39ms]
2025-08-16 16:24:15.166 [info] > git for-each-ref --format=%(refname)%00%(upstream:short)%00%(objectname)%00%(upstream:track)%00%(upstream:remotename)%00%(upstream:remoteref) refs/heads/main refs/remotes/main [3ms]
2025-08-16 16:24:15.247 [info] > git for-each-ref --sort -committerdate --format %(refname)%00%(objectname)%00%(*objectname) [2ms]
2025-08-16 16:24:15.807 [info] > git status -z -uall [610ms]
2025-08-16 16:24:20.996 [info] > git config --get commit.template [31ms]
2025-08-16 16:24:20.997 [info] > git for-each-ref --format=%(refname)%00%(upstream:short)%00%(objectname)%00%(upstream:track)%00%(upstream:remotename)%00%(upstream:remoteref) refs/heads/main refs/remotes/main [2ms]
2025-08-16 16:24:21.071 [info] > git for-each-ref --sort -committerdate --format %(refname)%00%(objectname)%00%(*objectname) [2ms]
2025-08-16 16:24:21.635 [info] > git status -z -uall [612ms]
2025-08-16 16:24:26.746 [info] > git config --get commit.template [8ms]
2025-08-16 16:24:26.782 [info] > git for-each-ref --format=%(refname)%00%(upstream:short)%00%(objectname)%00%(upstream:track)%00%(upstream:remotename)%00%(upstream:remoteref) refs/heads/main refs/remotes/main [1ms]
2025-08-16 16:24:26.865 [info] > git for-each-ref --sort -committerdate --format %(refname)%00%(objectname)%00%(*objectname) [3ms]
2025-08-16 16:24:27.539 [info] > git status -z -uall [725ms]
2025-08-16 16:24:32.737 [info] > git config --get commit.template [27ms]
2025-08-16 16:24:32.738 [info] > git for-each-ref --format=%(refname)%00%(upstream:short)%00%(objectname)%00%(upstream:track)%00%(upstream:remotename)%00%(upstream:remoteref) refs/heads/main refs/remotes/main [2ms]
2025-08-16 16:24:32.817 [info] > git for-each-ref --sort -committerdate --format %(refname)%00%(objectname)%00%(*objectname) [2ms]
2025-08-16 16:24:33.400 [info] > git status -z -uall [637ms]
2025-08-16 16:24:45.267 [info] > git config --get commit.template [40ms]
2025-08-16 16:24:45.269 [info] > git for-each-ref --format=%(refname)%00%(upstream:short)%00%(objectname)%00%(upstream:track)%00%(upstream:remotename)%00%(upstream:remoteref) refs/heads/main refs/remotes/main [3ms]
2025-08-16 16:24:45.354 [info] > git for-each-ref --sort -committerdate --format %(refname)%00%(objectname)%00%(*objectname) [4ms]
2025-08-16 16:24:46.007 [info] > git status -z -uall [701ms]
2025-08-16 16:24:51.175 [info] > git config --get commit.template [26ms]
2025-08-16 16:24:51.176 [info] > git for-each-ref --format=%(refname)%00%(upstream:short)%00%(objectname)%00%(upstream:track)%00%(upstream:remotename)%00%(upstream:remoteref) refs/heads/main refs/remotes/main [2ms]
2025-08-16 16:24:51.243 [info] > git for-each-ref --sort -committerdate --format %(refname)%00%(objectname)%00%(*objectname) [2ms]
2025-08-16 16:24:51.804 [info] > git status -z -uall [603ms]
2025-08-16 16:25:24.611 [info] > git config --get commit.template [4ms]
2025-08-16 16:25:24.657 [info] > git for-each-ref --format=%(refname)%00%(upstream:short)%00%(objectname)%00%(upstream:track)%00%(upstream:remotename)%00%(upstream:remoteref) refs/heads/main refs/remotes/main [5ms]
2025-08-16 16:25:24.751 [info] > git for-each-ref --sort -committerdate --format %(refname)%00%(objectname)%00%(*objectname) [3ms]
2025-08-16 16:25:25.326 [info] > git status -z -uall [630ms]
2025-08-16 16:25:30.504 [info] > git config --get commit.template [34ms]
2025-08-16 16:25:30.505 [info] > git for-each-ref --format=%(refname)%00%(upstream:short)%00%(objectname)%00%(upstream:track)%00%(upstream:remotename)%00%(upstream:remoteref) refs/heads/main refs/remotes/main [2ms]
2025-08-16 16:25:30.585 [info] > git for-each-ref --sort -committerdate --format %(refname)%00%(objectname)%00%(*objectname) [2ms]
2025-08-16 16:25:31.164 [info] > git status -z -uall [634ms]
2025-08-16 16:25:36.317 [info] > git config --get commit.template [27ms]
2025-08-16 16:25:36.318 [info] > git for-each-ref --format=%(refname)%00%(upstream:short)%00%(objectname)%00%(upstream:track)%00%(upstream:remotename)%00%(upstream:remoteref) refs/heads/main refs/remotes/main [3ms]
2025-08-16 16:25:36.394 [info] > git for-each-ref --sort -committerdate --format %(refname)%00%(objectname)%00%(*objectname) [4ms]
2025-08-16 16:25:36.981 [info] > git status -z -uall [638ms]
