2025-08-16 15:48:13.830 [info] Reading sessions from keychain...
2025-08-16 15:48:13.830 [info] Getting sessions for all scopes...
2025-08-16 15:48:14.262 [info] Got stored sessions!
2025-08-16 15:48:14.262 [info] Got 2 verified sessions.
2025-08-16 15:48:14.262 [info] Got 2 sessions for ...
2025-08-16 15:48:14.262 [info] Getting sessions for all scopes...
2025-08-16 15:48:14.262 [info] Got 2 sessions for ...
2025-08-16 15:48:14.263 [info] Getting sessions for all scopes...
2025-08-16 15:48:14.263 [info] Got 2 sessions for ...
2025-08-16 15:48:14.264 [info] Getting sessions for all scopes...
2025-08-16 15:48:14.264 [info] Got 2 sessions for ...
2025-08-16 15:48:14.264 [info] Getting sessions for all scopes...
2025-08-16 15:48:14.264 [info] Got 2 sessions for ...
2025-08-16 15:48:14.264 [info] Getting sessions for all scopes...
2025-08-16 15:48:14.264 [info] Got 2 sessions for ...
2025-08-16 15:48:14.264 [info] Getting sessions for all scopes...
2025-08-16 15:48:14.264 [info] Got 2 sessions for ...
2025-08-16 15:48:14.265 [info] Getting sessions for all scopes...
2025-08-16 15:48:14.265 [info] Got 2 sessions for ...
2025-08-16 15:48:14.265 [info] Getting sessions for all scopes...
2025-08-16 15:48:14.265 [info] Got 2 sessions for ...
2025-08-16 15:48:14.626 [info] Getting sessions for all scopes...
2025-08-16 15:48:14.626 [info] Got 2 sessions for ...
2025-08-16 15:48:14.630 [info] Getting sessions for all scopes...
2025-08-16 15:48:14.630 [info] Got 2 sessions for ...
2025-08-16 15:48:14.631 [info] Getting sessions for all scopes...
2025-08-16 15:48:14.631 [info] Got 2 sessions for ...
2025-08-16 15:48:14.631 [info] Getting sessions for all scopes...
2025-08-16 15:48:14.631 [info] Got 2 sessions for ...
2025-08-16 15:48:14.632 [info] Getting sessions for all scopes...
2025-08-16 15:48:14.632 [info] Got 2 sessions for ...
2025-08-16 15:48:14.632 [info] Getting sessions for all scopes...
2025-08-16 15:48:14.632 [info] Got 2 sessions for ...
2025-08-16 15:48:23.428 [info] Getting sessions for user:email...
2025-08-16 15:48:23.428 [info] Got 1 sessions for user:email...
2025-08-16 15:48:23.447 [info] Getting sessions for all scopes...
2025-08-16 15:48:23.447 [info] Got 2 sessions for ...
2025-08-16 15:48:23.473 [info] Getting sessions for all scopes...
2025-08-16 15:48:23.473 [info] Got 2 sessions for ...
2025-08-16 15:48:23.474 [info] Getting sessions for all scopes...
2025-08-16 15:48:23.474 [info] Got 2 sessions for ...
2025-08-16 15:48:23.475 [info] Getting sessions for all scopes...
2025-08-16 15:48:23.475 [info] Got 2 sessions for ...
2025-08-16 15:48:27.398 [info] Getting sessions for all scopes...
2025-08-16 15:48:27.398 [info] Got 2 sessions for ...
2025-08-16 15:48:27.399 [info] Getting sessions for all scopes...
2025-08-16 15:48:27.399 [info] Got 2 sessions for ...
2025-08-16 15:48:31.048 [info] Getting sessions for read:user,repo,user:email,workflow...
2025-08-16 15:48:31.048 [info] Got 1 sessions for read:user,repo,user:email,workflow...
2025-08-16 15:48:31.051 [info] Getting sessions for all scopes...
2025-08-16 15:48:31.051 [info] Got 2 sessions for ...
2025-08-16 15:48:31.247 [info] Getting sessions for all scopes...
2025-08-16 15:48:31.247 [info] Got 2 sessions for ...
2025-08-16 15:48:31.248 [info] Getting sessions for read:user,repo,user:email,workflow...
2025-08-16 15:48:31.248 [info] Got 1 sessions for read:user,repo,user:email,workflow...
2025-08-16 15:48:31.488 [info] Getting sessions for all scopes...
2025-08-16 15:48:31.488 [info] Got 2 sessions for ...
2025-08-16 15:48:31.810 [info] Getting sessions for read:user,repo,user:email,workflow...
2025-08-16 15:48:31.810 [info] Got 1 sessions for read:user,repo,user:email,workflow...
2025-08-16 15:48:31.838 [info] Getting sessions for all scopes...
2025-08-16 15:48:31.838 [info] Got 2 sessions for ...
2025-08-16 15:48:31.842 [info] Getting sessions for read:user,repo,user:email,workflow...
2025-08-16 15:48:31.843 [info] Got 1 sessions for read:user,repo,user:email,workflow...
2025-08-16 15:48:34.237 [info] Getting sessions for read:user,repo,user:email,workflow...
2025-08-16 15:48:34.237 [info] Got 1 sessions for read:user,repo,user:email,workflow...
2025-08-16 15:48:34.417 [info] Getting sessions for all scopes...
2025-08-16 15:48:34.418 [info] Got 2 sessions for ...
2025-08-16 15:48:34.419 [info] Getting sessions for all scopes...
2025-08-16 15:48:34.419 [info] Got 2 sessions for ...
2025-08-16 15:48:34.427 [info] Getting sessions for read:user,repo,user:email,workflow...
2025-08-16 15:48:34.427 [info] Got 1 sessions for read:user,repo,user:email,workflow...
2025-08-16 15:48:34.507 [info] Getting sessions for all scopes...
2025-08-16 15:48:34.508 [info] Got 2 sessions for ...
2025-08-16 15:48:34.514 [info] Getting sessions for read:user,repo,user:email,workflow...
2025-08-16 15:48:34.514 [info] Got 1 sessions for read:user,repo,user:email,workflow...
2025-08-16 15:48:42.490 [info] Getting sessions for all scopes...
2025-08-16 15:48:42.490 [info] Got 2 sessions for ...
2025-08-16 15:48:42.493 [info] Getting sessions for read:user,repo,user:email,workflow...
2025-08-16 15:48:42.493 [info] Got 1 sessions for read:user,repo,user:email,workflow...
2025-08-16 15:48:42.508 [info] Getting sessions for all scopes...
2025-08-16 15:48:42.508 [info] Got 2 sessions for ...
2025-08-16 15:48:42.509 [info] Getting sessions for all scopes...
2025-08-16 15:48:42.509 [info] Got 2 sessions for ...
2025-08-16 15:48:42.512 [info] Getting sessions for read:user,repo,user:email,workflow...
2025-08-16 15:48:42.512 [info] Got 1 sessions for read:user,repo,user:email,workflow...
2025-08-16 15:48:43.099 [info] Getting sessions for all scopes...
2025-08-16 15:48:43.099 [info] Got 2 sessions for ...
2025-08-16 15:48:43.428 [info] Getting sessions for read:user,repo,user:email,workflow...
2025-08-16 15:48:43.428 [info] Got 1 sessions for read:user,repo,user:email,workflow...
2025-08-16 15:48:43.460 [info] Getting sessions for all scopes...
2025-08-16 15:48:43.460 [info] Got 2 sessions for ...
2025-08-16 15:48:43.465 [info] Getting sessions for read:user,repo,user:email,workflow...
2025-08-16 15:48:43.465 [info] Got 1 sessions for read:user,repo,user:email,workflow...
2025-08-16 15:48:43.470 [info] Getting sessions for all scopes...
2025-08-16 15:48:43.470 [info] Got 2 sessions for ...
2025-08-16 15:48:43.475 [info] Getting sessions for read:user,repo,user:email,workflow...
2025-08-16 15:48:43.475 [info] Got 1 sessions for read:user,repo,user:email,workflow...
2025-08-16 15:48:43.485 [info] Getting sessions for all scopes...
2025-08-16 15:48:43.485 [info] Got 2 sessions for ...
2025-08-16 15:48:43.489 [info] Getting sessions for read:user,repo,user:email,workflow...
2025-08-16 15:48:43.489 [info] Got 1 sessions for read:user,repo,user:email,workflow...
2025-08-16 15:48:45.600 [info] Getting sessions for all scopes...
2025-08-16 15:48:45.600 [info] Got 2 sessions for ...
2025-08-16 15:48:45.653 [info] Getting sessions for read:user,repo,user:email,workflow...
2025-08-16 15:48:45.653 [info] Got 1 sessions for read:user,repo,user:email,workflow...
2025-08-16 15:48:46.474 [info] Getting sessions for all scopes...
2025-08-16 15:48:46.474 [info] Got 2 sessions for ...
2025-08-16 16:03:46.966 [info] Getting sessions for all scopes...
2025-08-16 16:03:46.969 [info] Got 2 sessions for ...
2025-08-16 16:03:46.983 [info] Getting sessions for read:user,repo,user:email,workflow...
2025-08-16 16:03:46.983 [info] Got 1 sessions for read:user,repo,user:email,workflow...
2025-08-16 16:18:46.995 [info] Getting sessions for all scopes...
2025-08-16 16:18:46.999 [info] Got 2 sessions for ...
2025-08-16 16:18:47.004 [info] Getting sessions for read:user,repo,user:email,workflow...
2025-08-16 16:18:47.005 [info] Got 1 sessions for read:user,repo,user:email,workflow...
2025-08-16 16:18:47.010 [info] Getting sessions for all scopes...
2025-08-16 16:18:47.010 [info] Got 2 sessions for ...
2025-08-16 16:18:47.012 [info] Getting sessions for read:user,repo,user:email,workflow...
2025-08-16 16:18:47.013 [info] Got 1 sessions for read:user,repo,user:email,workflow...
2025-08-16 16:18:48.214 [info] Getting sessions for all scopes...
2025-08-16 16:18:48.214 [info] Got 2 sessions for ...
2025-08-16 16:18:48.215 [info] Getting sessions for all scopes...
2025-08-16 16:18:48.215 [info] Got 2 sessions for ...
2025-08-16 16:18:48.218 [info] Getting sessions for read:user,repo,user:email,workflow...
2025-08-16 16:18:48.218 [info] Got 1 sessions for read:user,repo,user:email,workflow...
2025-08-16 16:18:48.222 [info] Getting sessions for all scopes...
2025-08-16 16:18:48.222 [info] Got 2 sessions for ...
2025-08-16 16:18:48.226 [info] Getting sessions for read:user,repo,user:email,workflow...
2025-08-16 16:18:48.226 [info] Got 1 sessions for read:user,repo,user:email,workflow...
2025-08-16 16:18:48.235 [info] Getting sessions for all scopes...
2025-08-16 16:18:48.235 [info] Got 2 sessions for ...
2025-08-16 16:18:48.236 [info] Getting sessions for all scopes...
2025-08-16 16:18:48.237 [info] Got 2 sessions for ...
2025-08-16 16:18:48.240 [info] Getting sessions for read:user,repo,user:email,workflow...
2025-08-16 16:18:48.240 [info] Got 1 sessions for read:user,repo,user:email,workflow...
2025-08-16 16:18:48.249 [info] Getting sessions for all scopes...
2025-08-16 16:18:48.249 [info] Got 2 sessions for ...
2025-08-16 16:18:48.255 [info] Getting sessions for all scopes...
2025-08-16 16:18:48.255 [info] Got 2 sessions for ...
