2025-08-16 10:15:41.375 [info] Reading sessions from keychain...
2025-08-16 10:15:41.375 [info] Getting sessions for all scopes...
2025-08-16 10:15:41.862 [info] Got stored sessions!
2025-08-16 10:15:41.862 [info] Got 2 verified sessions.
2025-08-16 10:15:41.862 [info] Got 2 sessions for ...
2025-08-16 10:15:41.862 [info] Getting sessions for all scopes...
2025-08-16 10:15:41.862 [info] Got 2 sessions for ...
2025-08-16 10:15:41.863 [info] Getting sessions for all scopes...
2025-08-16 10:15:41.863 [info] Got 2 sessions for ...
2025-08-16 10:15:41.863 [info] Getting sessions for all scopes...
2025-08-16 10:15:41.863 [info] Got 2 sessions for ...
2025-08-16 10:15:41.864 [info] Getting sessions for all scopes...
2025-08-16 10:15:41.864 [info] Got 2 sessions for ...
2025-08-16 10:15:41.864 [info] Getting sessions for all scopes...
2025-08-16 10:15:41.864 [info] Got 2 sessions for ...
2025-08-16 10:15:41.865 [info] Getting sessions for all scopes...
2025-08-16 10:15:41.865 [info] Got 2 sessions for ...
2025-08-16 10:15:42.032 [info] Getting sessions for all scopes...
2025-08-16 10:15:42.032 [info] Got 2 sessions for ...
2025-08-16 10:15:42.033 [info] Getting sessions for all scopes...
2025-08-16 10:15:42.033 [info] Got 2 sessions for ...
2025-08-16 10:15:42.035 [info] Getting sessions for all scopes...
2025-08-16 10:15:42.035 [info] Got 2 sessions for ...
2025-08-16 10:15:42.036 [info] Getting sessions for all scopes...
2025-08-16 10:15:42.036 [info] Got 2 sessions for ...
2025-08-16 10:15:42.037 [info] Getting sessions for all scopes...
2025-08-16 10:15:42.037 [info] Got 2 sessions for ...
2025-08-16 10:15:42.039 [info] Getting sessions for all scopes...
2025-08-16 10:15:42.040 [info] Got 2 sessions for ...
2025-08-16 10:15:50.950 [info] Getting sessions for all scopes...
2025-08-16 10:15:50.950 [info] Got 2 sessions for ...
2025-08-16 10:15:50.971 [info] Getting sessions for user:email...
2025-08-16 10:15:50.971 [info] Got 1 sessions for user:email...
2025-08-16 10:15:50.987 [info] Getting sessions for all scopes...
2025-08-16 10:15:50.987 [info] Got 2 sessions for ...
2025-08-16 10:15:51.013 [info] Getting sessions for all scopes...
2025-08-16 10:15:51.013 [info] Got 2 sessions for ...
2025-08-16 10:15:51.014 [info] Getting sessions for all scopes...
2025-08-16 10:15:51.014 [info] Got 2 sessions for ...
2025-08-16 10:15:51.015 [info] Getting sessions for all scopes...
2025-08-16 10:15:51.015 [info] Got 2 sessions for ...
2025-08-16 10:15:52.148 [info] Getting sessions for all scopes...
2025-08-16 10:15:52.148 [info] Got 2 sessions for ...
2025-08-16 10:15:52.153 [info] Getting sessions for all scopes...
2025-08-16 10:15:52.153 [info] Got 2 sessions for ...
2025-08-16 10:15:53.975 [info] Getting sessions for read:user,repo,user:email,workflow...
2025-08-16 10:15:53.975 [info] Got 1 sessions for read:user,repo,user:email,workflow...
2025-08-16 10:15:53.976 [info] Getting sessions for all scopes...
2025-08-16 10:15:53.976 [info] Got 2 sessions for ...
2025-08-16 10:15:54.012 [info] Getting sessions for all scopes...
2025-08-16 10:15:54.012 [info] Got 2 sessions for ...
2025-08-16 10:15:54.014 [info] Getting sessions for read:user,repo,user:email,workflow...
2025-08-16 10:15:54.014 [info] Got 1 sessions for read:user,repo,user:email,workflow...
2025-08-16 10:15:54.194 [info] Getting sessions for all scopes...
2025-08-16 10:15:54.195 [info] Got 2 sessions for ...
2025-08-16 10:15:54.195 [info] Getting sessions for all scopes...
2025-08-16 10:15:54.195 [info] Got 2 sessions for ...
2025-08-16 10:15:54.478 [info] Getting sessions for read:user,repo,user:email,workflow...
2025-08-16 10:15:54.478 [info] Got 1 sessions for read:user,repo,user:email,workflow...
2025-08-16 10:15:54.552 [info] Getting sessions for all scopes...
2025-08-16 10:15:54.552 [info] Got 2 sessions for ...
2025-08-16 10:15:54.561 [info] Getting sessions for read:user,repo,user:email,workflow...
2025-08-16 10:15:54.562 [info] Got 1 sessions for read:user,repo,user:email,workflow...
2025-08-16 10:15:54.732 [info] Getting sessions for read:user,repo,user:email,workflow...
2025-08-16 10:15:54.732 [info] Got 1 sessions for read:user,repo,user:email,workflow...
2025-08-16 10:16:19.254 [info] Getting sessions for read:user,repo,user:email,workflow...
2025-08-16 10:16:19.254 [info] Got 1 sessions for read:user,repo,user:email,workflow...
2025-08-16 10:16:19.315 [info] Getting sessions for read:user,repo,user:email,workflow...
2025-08-16 10:16:19.315 [info] Got 1 sessions for read:user,repo,user:email,workflow...
2025-08-16 10:16:27.347 [info] Getting sessions for read:user,repo,user:email,workflow...
2025-08-16 10:16:27.348 [info] Got 1 sessions for read:user,repo,user:email,workflow...
2025-08-16 10:16:27.568 [info] Getting sessions for read:user,repo,user:email,workflow...
2025-08-16 10:16:27.568 [info] Got 1 sessions for read:user,repo,user:email,workflow...
2025-08-16 10:16:27.690 [info] Getting sessions for read:user,repo,user:email,workflow...
2025-08-16 10:16:27.690 [info] Got 1 sessions for read:user,repo,user:email,workflow...
2025-08-16 10:16:29.654 [info] Getting sessions for read:user,repo,user:email,workflow...
2025-08-16 10:16:29.654 [info] Got 1 sessions for read:user,repo,user:email,workflow...
2025-08-16 10:16:30.058 [info] Getting sessions for read:user,repo,user:email,workflow...
2025-08-16 10:16:30.058 [info] Got 1 sessions for read:user,repo,user:email,workflow...
2025-08-16 10:16:30.214 [info] Getting sessions for read:user,repo,user:email,workflow...
2025-08-16 10:16:30.214 [info] Got 1 sessions for read:user,repo,user:email,workflow...
2025-08-16 10:16:31.045 [info] Getting sessions for read:user,repo,user:email,workflow...
2025-08-16 10:16:31.046 [info] Got 1 sessions for read:user,repo,user:email,workflow...
2025-08-16 10:16:31.229 [info] Getting sessions for read:user,repo,user:email,workflow...
2025-08-16 10:16:31.229 [info] Got 1 sessions for read:user,repo,user:email,workflow...
2025-08-16 10:16:33.387 [info] Getting sessions for read:user,repo,user:email,workflow...
2025-08-16 10:16:33.387 [info] Got 1 sessions for read:user,repo,user:email,workflow...
2025-08-16 10:16:33.468 [info] Getting sessions for read:user,repo,user:email,workflow...
2025-08-16 10:16:33.468 [info] Got 1 sessions for read:user,repo,user:email,workflow...
2025-08-16 10:16:34.631 [info] Getting sessions for read:user,repo,user:email,workflow...
2025-08-16 10:16:34.631 [info] Got 1 sessions for read:user,repo,user:email,workflow...
2025-08-16 10:16:34.749 [info] Getting sessions for read:user,repo,user:email,workflow...
2025-08-16 10:16:34.749 [info] Got 1 sessions for read:user,repo,user:email,workflow...
2025-08-16 10:16:34.912 [info] Getting sessions for read:user,repo,user:email,workflow...
2025-08-16 10:16:34.914 [info] Got 1 sessions for read:user,repo,user:email,workflow...
2025-08-16 10:16:35.889 [info] Getting sessions for read:user,repo,user:email,workflow...
2025-08-16 10:16:35.891 [info] Got 1 sessions for read:user,repo,user:email,workflow...
2025-08-16 10:16:36.102 [info] Getting sessions for read:user,repo,user:email,workflow...
2025-08-16 10:16:36.102 [info] Got 1 sessions for read:user,repo,user:email,workflow...
2025-08-16 10:16:36.790 [info] Getting sessions for read:user,repo,user:email,workflow...
2025-08-16 10:16:36.791 [info] Got 1 sessions for read:user,repo,user:email,workflow...
2025-08-16 10:16:37.088 [info] Getting sessions for read:user,repo,user:email,workflow...
2025-08-16 10:16:37.089 [info] Got 1 sessions for read:user,repo,user:email,workflow...
2025-08-16 10:16:37.475 [info] Getting sessions for read:user,repo,user:email,workflow...
2025-08-16 10:16:37.476 [info] Got 1 sessions for read:user,repo,user:email,workflow...
2025-08-16 10:16:37.747 [info] Getting sessions for read:user,repo,user:email,workflow...
2025-08-16 10:16:37.747 [info] Got 1 sessions for read:user,repo,user:email,workflow...
2025-08-16 10:16:39.188 [info] Getting sessions for read:user,repo,user:email,workflow...
2025-08-16 10:16:39.188 [info] Got 1 sessions for read:user,repo,user:email,workflow...
2025-08-16 10:16:39.296 [info] Getting sessions for read:user,repo,user:email,workflow...
2025-08-16 10:16:39.296 [info] Got 1 sessions for read:user,repo,user:email,workflow...
2025-08-16 10:16:39.348 [info] Getting sessions for read:user,repo,user:email,workflow...
2025-08-16 10:16:39.348 [info] Got 1 sessions for read:user,repo,user:email,workflow...
2025-08-16 10:16:40.243 [info] Getting sessions for read:user,repo,user:email,workflow...
2025-08-16 10:16:40.243 [info] Got 1 sessions for read:user,repo,user:email,workflow...
2025-08-16 10:16:40.334 [info] Getting sessions for read:user,repo,user:email,workflow...
2025-08-16 10:16:40.335 [info] Got 1 sessions for read:user,repo,user:email,workflow...
2025-08-16 10:16:40.595 [info] Getting sessions for read:user,repo,user:email,workflow...
2025-08-16 10:16:40.595 [info] Got 1 sessions for read:user,repo,user:email,workflow...
2025-08-16 10:16:40.668 [info] Getting sessions for read:user,repo,user:email,workflow...
2025-08-16 10:16:40.668 [info] Got 1 sessions for read:user,repo,user:email,workflow...
2025-08-16 10:16:41.732 [info] Getting sessions for read:user,repo,user:email,workflow...
2025-08-16 10:16:41.732 [info] Got 1 sessions for read:user,repo,user:email,workflow...
2025-08-16 10:16:41.894 [info] Getting sessions for read:user,repo,user:email,workflow...
2025-08-16 10:16:41.894 [info] Got 1 sessions for read:user,repo,user:email,workflow...
2025-08-16 10:16:54.556 [info] Getting sessions for all scopes...
2025-08-16 10:16:54.557 [info] Got 2 sessions for ...
2025-08-16 10:16:54.576 [info] Getting sessions for read:user,repo,user:email,workflow...
2025-08-16 10:16:54.576 [info] Got 1 sessions for read:user,repo,user:email,workflow...
2025-08-16 10:16:54.602 [info] Getting sessions for all scopes...
2025-08-16 10:16:54.602 [info] Got 2 sessions for ...
2025-08-16 10:16:54.616 [info] Getting sessions for read:user,repo,user:email,workflow...
2025-08-16 10:16:54.616 [info] Got 1 sessions for read:user,repo,user:email,workflow...
2025-08-16 10:16:58.297 [info] Getting sessions for read:user,repo,user:email,workflow...
2025-08-16 10:16:58.298 [info] Got 1 sessions for read:user,repo,user:email,workflow...
2025-08-16 10:16:58.493 [info] Getting sessions for read:user,repo,user:email,workflow...
2025-08-16 10:16:58.493 [info] Got 1 sessions for read:user,repo,user:email,workflow...
2025-08-16 10:16:59.936 [info] Getting sessions for read:user,repo,user:email,workflow...
2025-08-16 10:16:59.936 [info] Got 1 sessions for read:user,repo,user:email,workflow...
2025-08-16 10:17:00.072 [info] Getting sessions for read:user,repo,user:email,workflow...
2025-08-16 10:17:00.073 [info] Got 1 sessions for read:user,repo,user:email,workflow...
2025-08-16 10:17:00.306 [info] Getting sessions for read:user,repo,user:email,workflow...
2025-08-16 10:17:00.306 [info] Got 1 sessions for read:user,repo,user:email,workflow...
2025-08-16 10:17:00.411 [info] Getting sessions for read:user,repo,user:email,workflow...
2025-08-16 10:17:00.411 [info] Got 1 sessions for read:user,repo,user:email,workflow...
2025-08-16 10:17:01.382 [info] Getting sessions for read:user,repo,user:email,workflow...
2025-08-16 10:17:01.382 [info] Got 1 sessions for read:user,repo,user:email,workflow...
2025-08-16 10:17:01.451 [info] Getting sessions for read:user,repo,user:email,workflow...
2025-08-16 10:17:01.451 [info] Got 1 sessions for read:user,repo,user:email,workflow...
2025-08-16 10:17:02.660 [info] Getting sessions for read:user,repo,user:email,workflow...
2025-08-16 10:17:02.661 [info] Got 1 sessions for read:user,repo,user:email,workflow...
2025-08-16 10:17:02.824 [info] Getting sessions for read:user,repo,user:email,workflow...
2025-08-16 10:17:02.824 [info] Got 1 sessions for read:user,repo,user:email,workflow...
2025-08-16 10:17:04.025 [info] Getting sessions for read:user,repo,user:email,workflow...
2025-08-16 10:17:04.025 [info] Got 1 sessions for read:user,repo,user:email,workflow...
2025-08-16 10:17:04.242 [info] Getting sessions for read:user,repo,user:email,workflow...
2025-08-16 10:17:04.242 [info] Got 1 sessions for read:user,repo,user:email,workflow...
2025-08-16 10:17:05.163 [info] Getting sessions for read:user,repo,user:email,workflow...
2025-08-16 10:17:05.163 [info] Got 1 sessions for read:user,repo,user:email,workflow...
2025-08-16 10:17:05.436 [info] Getting sessions for read:user,repo,user:email,workflow...
2025-08-16 10:17:05.436 [info] Got 1 sessions for read:user,repo,user:email,workflow...
2025-08-16 10:17:06.826 [info] Getting sessions for read:user,repo,user:email,workflow...
2025-08-16 10:17:06.826 [info] Got 1 sessions for read:user,repo,user:email,workflow...
2025-08-16 10:17:06.963 [info] Getting sessions for read:user,repo,user:email,workflow...
2025-08-16 10:17:06.963 [info] Got 1 sessions for read:user,repo,user:email,workflow...
2025-08-16 10:17:08.191 [info] Getting sessions for read:user,repo,user:email,workflow...
2025-08-16 10:17:08.192 [info] Got 1 sessions for read:user,repo,user:email,workflow...
2025-08-16 10:17:08.269 [info] Getting sessions for read:user,repo,user:email,workflow...
2025-08-16 10:17:08.269 [info] Got 1 sessions for read:user,repo,user:email,workflow...
2025-08-16 10:17:09.792 [info] Getting sessions for read:user,repo,user:email,workflow...
2025-08-16 10:17:09.792 [info] Got 1 sessions for read:user,repo,user:email,workflow...
2025-08-16 10:17:09.909 [info] Getting sessions for read:user,repo,user:email,workflow...
2025-08-16 10:17:09.909 [info] Got 1 sessions for read:user,repo,user:email,workflow...
2025-08-16 10:17:10.087 [info] Getting sessions for read:user,repo,user:email,workflow...
2025-08-16 10:17:10.087 [info] Got 1 sessions for read:user,repo,user:email,workflow...
2025-08-16 10:17:10.265 [info] Getting sessions for read:user,repo,user:email,workflow...
2025-08-16 10:17:10.266 [info] Got 1 sessions for read:user,repo,user:email,workflow...
2025-08-16 10:17:10.386 [info] Getting sessions for read:user,repo,user:email,workflow...
2025-08-16 10:17:10.386 [info] Got 1 sessions for read:user,repo,user:email,workflow...
2025-08-16 10:17:10.456 [info] Getting sessions for read:user,repo,user:email,workflow...
2025-08-16 10:17:10.456 [info] Got 1 sessions for read:user,repo,user:email,workflow...
2025-08-16 10:17:10.564 [info] Getting sessions for read:user,repo,user:email,workflow...
2025-08-16 10:17:10.564 [info] Got 1 sessions for read:user,repo,user:email,workflow...
2025-08-16 10:17:11.721 [info] Getting sessions for read:user,repo,user:email,workflow...
2025-08-16 10:17:11.721 [info] Got 1 sessions for read:user,repo,user:email,workflow...
2025-08-16 10:17:11.911 [info] Getting sessions for read:user,repo,user:email,workflow...
2025-08-16 10:17:11.911 [info] Got 1 sessions for read:user,repo,user:email,workflow...
2025-08-16 10:17:13.642 [info] Getting sessions for read:user,repo,user:email,workflow...
2025-08-16 10:17:13.642 [info] Got 1 sessions for read:user,repo,user:email,workflow...
2025-08-16 10:17:13.760 [info] Getting sessions for read:user,repo,user:email,workflow...
2025-08-16 10:17:13.760 [info] Got 1 sessions for read:user,repo,user:email,workflow...
2025-08-16 10:17:14.060 [info] Getting sessions for read:user,repo,user:email,workflow...
2025-08-16 10:17:14.060 [info] Got 1 sessions for read:user,repo,user:email,workflow...
2025-08-16 10:17:14.146 [info] Getting sessions for read:user,repo,user:email,workflow...
2025-08-16 10:17:14.146 [info] Got 1 sessions for read:user,repo,user:email,workflow...
2025-08-16 10:17:15.215 [info] Getting sessions for read:user,repo,user:email,workflow...
2025-08-16 10:17:15.215 [info] Got 1 sessions for read:user,repo,user:email,workflow...
2025-08-16 10:17:15.460 [info] Getting sessions for read:user,repo,user:email,workflow...
2025-08-16 10:17:15.460 [info] Got 1 sessions for read:user,repo,user:email,workflow...
2025-08-16 10:17:15.695 [info] Getting sessions for read:user,repo,user:email,workflow...
2025-08-16 10:17:15.695 [info] Got 1 sessions for read:user,repo,user:email,workflow...
2025-08-16 10:17:15.834 [info] Getting sessions for read:user,repo,user:email,workflow...
2025-08-16 10:17:15.834 [info] Got 1 sessions for read:user,repo,user:email,workflow...
2025-08-16 10:17:16.855 [info] Getting sessions for read:user,repo,user:email,workflow...
2025-08-16 10:17:16.855 [info] Got 1 sessions for read:user,repo,user:email,workflow...
2025-08-16 10:17:17.065 [info] Getting sessions for read:user,repo,user:email,workflow...
2025-08-16 10:17:17.065 [info] Got 1 sessions for read:user,repo,user:email,workflow...
2025-08-16 10:17:17.897 [info] Getting sessions for read:user,repo,user:email,workflow...
2025-08-16 10:17:17.897 [info] Got 1 sessions for read:user,repo,user:email,workflow...
2025-08-16 10:17:18.106 [info] Getting sessions for read:user,repo,user:email,workflow...
2025-08-16 10:17:18.106 [info] Got 1 sessions for read:user,repo,user:email,workflow...
2025-08-16 10:17:18.584 [info] Getting sessions for read:user,repo,user:email,workflow...
2025-08-16 10:17:18.584 [info] Got 1 sessions for read:user,repo,user:email,workflow...
2025-08-16 10:17:18.762 [info] Getting sessions for read:user,repo,user:email,workflow...
2025-08-16 10:17:18.762 [info] Got 1 sessions for read:user,repo,user:email,workflow...
2025-08-16 10:17:18.874 [info] Getting sessions for read:user,repo,user:email,workflow...
2025-08-16 10:17:18.874 [info] Got 1 sessions for read:user,repo,user:email,workflow...
2025-08-16 10:17:38.366 [info] Getting sessions for read:user,repo,user:email,workflow...
2025-08-16 10:17:38.366 [info] Got 1 sessions for read:user,repo,user:email,workflow...
2025-08-16 10:17:38.555 [info] Getting sessions for read:user,repo,user:email,workflow...
2025-08-16 10:17:38.555 [info] Got 1 sessions for read:user,repo,user:email,workflow...
2025-08-16 10:17:38.925 [info] Getting sessions for read:user,repo,user:email,workflow...
2025-08-16 10:17:38.925 [info] Got 1 sessions for read:user,repo,user:email,workflow...
2025-08-16 10:17:39.137 [info] Getting sessions for read:user,repo,user:email,workflow...
2025-08-16 10:17:39.137 [info] Got 1 sessions for read:user,repo,user:email,workflow...
2025-08-16 10:17:40.120 [info] Getting sessions for read:user,repo,user:email,workflow...
2025-08-16 10:17:40.120 [info] Got 1 sessions for read:user,repo,user:email,workflow...
2025-08-16 10:17:40.195 [info] Getting sessions for read:user,repo,user:email,workflow...
2025-08-16 10:17:40.195 [info] Got 1 sessions for read:user,repo,user:email,workflow...
2025-08-16 10:17:40.958 [info] Getting sessions for read:user,repo,user:email,workflow...
2025-08-16 10:17:40.958 [info] Got 1 sessions for read:user,repo,user:email,workflow...
2025-08-16 10:17:41.095 [info] Getting sessions for read:user,repo,user:email,workflow...
2025-08-16 10:17:41.095 [info] Got 1 sessions for read:user,repo,user:email,workflow...
2025-08-16 10:17:41.291 [info] Getting sessions for read:user,repo,user:email,workflow...
2025-08-16 10:17:41.292 [info] Got 1 sessions for read:user,repo,user:email,workflow...
2025-08-16 10:17:42.046 [info] Getting sessions for read:user,repo,user:email,workflow...
2025-08-16 10:17:42.046 [info] Got 1 sessions for read:user,repo,user:email,workflow...
2025-08-16 10:17:42.208 [info] Getting sessions for read:user,repo,user:email,workflow...
2025-08-16 10:17:42.208 [info] Got 1 sessions for read:user,repo,user:email,workflow...
2025-08-16 10:17:43.033 [info] Getting sessions for read:user,repo,user:email,workflow...
2025-08-16 10:17:43.034 [info] Got 1 sessions for read:user,repo,user:email,workflow...
2025-08-16 10:17:43.333 [info] Getting sessions for read:user,repo,user:email,workflow...
2025-08-16 10:17:43.333 [info] Got 1 sessions for read:user,repo,user:email,workflow...
2025-08-16 10:17:43.512 [info] Getting sessions for read:user,repo,user:email,workflow...
2025-08-16 10:17:43.512 [info] Got 1 sessions for read:user,repo,user:email,workflow...
2025-08-16 10:17:43.613 [info] Getting sessions for read:user,repo,user:email,workflow...
2025-08-16 10:17:43.613 [info] Got 1 sessions for read:user,repo,user:email,workflow...
2025-08-16 10:17:43.752 [info] Getting sessions for read:user,repo,user:email,workflow...
2025-08-16 10:17:43.753 [info] Got 1 sessions for read:user,repo,user:email,workflow...
2025-08-16 10:17:43.841 [info] Getting sessions for read:user,repo,user:email,workflow...
2025-08-16 10:17:43.841 [info] Got 1 sessions for read:user,repo,user:email,workflow...
2025-08-16 10:17:54.672 [info] Getting sessions for all scopes...
2025-08-16 10:17:54.672 [info] Got 2 sessions for ...
2025-08-16 10:17:54.679 [info] Getting sessions for read:user,repo,user:email,workflow...
2025-08-16 10:17:54.679 [info] Got 1 sessions for read:user,repo,user:email,workflow...
2025-08-16 10:17:54.686 [info] Getting sessions for all scopes...
2025-08-16 10:17:54.686 [info] Got 2 sessions for ...
2025-08-16 10:17:54.691 [info] Getting sessions for read:user,repo,user:email,workflow...
2025-08-16 10:17:54.691 [info] Got 1 sessions for read:user,repo,user:email,workflow...
2025-08-16 10:18:51.128 [info] Getting sessions for read:user,repo,user:email,workflow...
2025-08-16 10:18:51.128 [info] Got 1 sessions for read:user,repo,user:email,workflow...
2025-08-16 10:18:51.224 [info] Getting sessions for read:user,repo,user:email,workflow...
2025-08-16 10:18:51.224 [info] Got 1 sessions for read:user,repo,user:email,workflow...
2025-08-16 10:18:51.718 [info] Getting sessions for read:user,repo,user:email,workflow...
2025-08-16 10:18:51.718 [info] Got 1 sessions for read:user,repo,user:email,workflow...
2025-08-16 10:18:51.777 [info] Getting sessions for read:user,repo,user:email,workflow...
2025-08-16 10:18:51.777 [info] Got 1 sessions for read:user,repo,user:email,workflow...
2025-08-16 10:18:51.868 [info] Getting sessions for read:user,repo,user:email,workflow...
2025-08-16 10:18:51.868 [info] Got 1 sessions for read:user,repo,user:email,workflow...
2025-08-16 10:18:51.931 [info] Getting sessions for read:user,repo,user:email,workflow...
2025-08-16 10:18:51.931 [info] Got 1 sessions for read:user,repo,user:email,workflow...
2025-08-16 10:18:52.027 [info] Getting sessions for read:user,repo,user:email,workflow...
2025-08-16 10:18:52.028 [info] Got 1 sessions for read:user,repo,user:email,workflow...
2025-08-16 10:18:52.099 [info] Getting sessions for read:user,repo,user:email,workflow...
2025-08-16 10:18:52.099 [info] Got 1 sessions for read:user,repo,user:email,workflow...
2025-08-16 10:18:52.189 [info] Getting sessions for read:user,repo,user:email,workflow...
2025-08-16 10:18:52.189 [info] Got 1 sessions for read:user,repo,user:email,workflow...
2025-08-16 10:18:52.267 [info] Getting sessions for read:user,repo,user:email,workflow...
2025-08-16 10:18:52.267 [info] Got 1 sessions for read:user,repo,user:email,workflow...
2025-08-16 10:18:52.399 [info] Getting sessions for read:user,repo,user:email,workflow...
2025-08-16 10:18:52.399 [info] Got 1 sessions for read:user,repo,user:email,workflow...
2025-08-16 10:18:52.510 [info] Getting sessions for read:user,repo,user:email,workflow...
2025-08-16 10:18:52.510 [info] Got 1 sessions for read:user,repo,user:email,workflow...
2025-08-16 10:18:53.667 [info] Getting sessions for read:user,repo,user:email,workflow...
2025-08-16 10:18:53.667 [info] Got 1 sessions for read:user,repo,user:email,workflow...
2025-08-16 10:18:53.801 [info] Getting sessions for read:user,repo,user:email,workflow...
2025-08-16 10:18:53.802 [info] Got 1 sessions for read:user,repo,user:email,workflow...
2025-08-16 10:18:53.919 [info] Getting sessions for read:user,repo,user:email,workflow...
2025-08-16 10:18:53.920 [info] Got 1 sessions for read:user,repo,user:email,workflow...
2025-08-16 10:18:53.979 [info] Getting sessions for read:user,repo,user:email,workflow...
2025-08-16 10:18:53.980 [info] Got 1 sessions for read:user,repo,user:email,workflow...
2025-08-16 10:18:54.094 [info] Getting sessions for read:user,repo,user:email,workflow...
2025-08-16 10:18:54.094 [info] Got 1 sessions for read:user,repo,user:email,workflow...
2025-08-16 10:18:54.151 [info] Getting sessions for read:user,repo,user:email,workflow...
2025-08-16 10:18:54.151 [info] Got 1 sessions for read:user,repo,user:email,workflow...
2025-08-16 10:18:54.720 [info] Getting sessions for all scopes...
2025-08-16 10:18:54.720 [info] Got 2 sessions for ...
2025-08-16 10:18:54.727 [info] Getting sessions for read:user,repo,user:email,workflow...
2025-08-16 10:18:54.728 [info] Got 1 sessions for read:user,repo,user:email,workflow...
2025-08-16 10:18:54.735 [info] Getting sessions for all scopes...
2025-08-16 10:18:54.735 [info] Got 2 sessions for ...
2025-08-16 10:18:54.741 [info] Getting sessions for read:user,repo,user:email,workflow...
2025-08-16 10:18:54.742 [info] Got 1 sessions for read:user,repo,user:email,workflow...
2025-08-16 10:18:55.616 [info] Getting sessions for read:user,repo,user:email,workflow...
2025-08-16 10:18:55.616 [info] Got 1 sessions for read:user,repo,user:email,workflow...
2025-08-16 10:18:55.736 [info] Getting sessions for read:user,repo,user:email,workflow...
2025-08-16 10:18:55.736 [info] Got 1 sessions for read:user,repo,user:email,workflow...
2025-08-16 10:18:56.496 [info] Getting sessions for read:user,repo,user:email,workflow...
2025-08-16 10:18:56.496 [info] Got 1 sessions for read:user,repo,user:email,workflow...
2025-08-16 10:18:56.593 [info] Getting sessions for read:user,repo,user:email,workflow...
2025-08-16 10:18:56.593 [info] Got 1 sessions for read:user,repo,user:email,workflow...
2025-08-16 10:18:57.245 [info] Getting sessions for read:user,repo,user:email,workflow...
2025-08-16 10:18:57.246 [info] Got 1 sessions for read:user,repo,user:email,workflow...
2025-08-16 10:18:57.347 [info] Getting sessions for read:user,repo,user:email,workflow...
2025-08-16 10:18:57.347 [info] Got 1 sessions for read:user,repo,user:email,workflow...
2025-08-16 10:18:58.360 [info] Getting sessions for read:user,repo,user:email,workflow...
2025-08-16 10:18:58.360 [info] Got 1 sessions for read:user,repo,user:email,workflow...
2025-08-16 10:18:58.515 [info] Getting sessions for read:user,repo,user:email,workflow...
2025-08-16 10:18:58.515 [info] Got 1 sessions for read:user,repo,user:email,workflow...
2025-08-16 10:18:59.951 [info] Getting sessions for read:user,repo,user:email,workflow...
2025-08-16 10:18:59.951 [info] Got 1 sessions for read:user,repo,user:email,workflow...
2025-08-16 10:19:00.010 [info] Getting sessions for read:user,repo,user:email,workflow...
2025-08-16 10:19:00.010 [info] Got 1 sessions for read:user,repo,user:email,workflow...
2025-08-16 10:19:00.903 [info] Getting sessions for read:user,repo,user:email,workflow...
2025-08-16 10:19:00.904 [info] Got 1 sessions for read:user,repo,user:email,workflow...
2025-08-16 10:19:01.045 [info] Getting sessions for read:user,repo,user:email,workflow...
2025-08-16 10:19:01.045 [info] Got 1 sessions for read:user,repo,user:email,workflow...
2025-08-16 10:19:01.440 [info] Getting sessions for read:user,repo,user:email,workflow...
2025-08-16 10:19:01.440 [info] Got 1 sessions for read:user,repo,user:email,workflow...
2025-08-16 10:19:01.543 [info] Getting sessions for read:user,repo,user:email,workflow...
2025-08-16 10:19:01.543 [info] Got 1 sessions for read:user,repo,user:email,workflow...
2025-08-16 10:19:05.405 [info] Getting sessions for read:user,repo,user:email,workflow...
2025-08-16 10:19:05.405 [info] Got 1 sessions for read:user,repo,user:email,workflow...
2025-08-16 10:19:05.563 [info] Getting sessions for read:user,repo,user:email,workflow...
2025-08-16 10:19:05.563 [info] Got 1 sessions for read:user,repo,user:email,workflow...
2025-08-16 10:19:06.630 [info] Getting sessions for read:user,repo,user:email,workflow...
2025-08-16 10:19:06.630 [info] Got 1 sessions for read:user,repo,user:email,workflow...
2025-08-16 10:19:07.127 [info] Getting sessions for read:user,repo,user:email,workflow...
2025-08-16 10:19:07.127 [info] Got 1 sessions for read:user,repo,user:email,workflow...
2025-08-16 10:19:14.050 [info] Getting sessions for read:user,repo,user:email,workflow...
2025-08-16 10:19:14.051 [info] Got 1 sessions for read:user,repo,user:email,workflow...
2025-08-16 10:19:14.142 [info] Getting sessions for read:user,repo,user:email,workflow...
2025-08-16 10:19:14.142 [info] Got 1 sessions for read:user,repo,user:email,workflow...
2025-08-16 10:19:14.347 [info] Getting sessions for read:user,repo,user:email,workflow...
2025-08-16 10:19:14.348 [info] Got 1 sessions for read:user,repo,user:email,workflow...
2025-08-16 10:19:14.446 [info] Getting sessions for read:user,repo,user:email,workflow...
2025-08-16 10:19:14.447 [info] Got 1 sessions for read:user,repo,user:email,workflow...
2025-08-16 10:19:14.511 [info] Getting sessions for read:user,repo,user:email,workflow...
2025-08-16 10:19:14.511 [info] Got 1 sessions for read:user,repo,user:email,workflow...
2025-08-16 10:19:14.917 [info] Getting sessions for read:user,repo,user:email,workflow...
2025-08-16 10:19:14.917 [info] Got 1 sessions for read:user,repo,user:email,workflow...
2025-08-16 10:19:15.005 [info] Getting sessions for read:user,repo,user:email,workflow...
2025-08-16 10:19:15.005 [info] Got 1 sessions for read:user,repo,user:email,workflow...
2025-08-16 10:19:15.396 [info] Getting sessions for read:user,repo,user:email,workflow...
2025-08-16 10:19:15.397 [info] Got 1 sessions for read:user,repo,user:email,workflow...
2025-08-16 10:19:15.475 [info] Getting sessions for read:user,repo,user:email,workflow...
2025-08-16 10:19:15.475 [info] Got 1 sessions for read:user,repo,user:email,workflow...
2025-08-16 10:19:18.214 [info] Getting sessions for read:user,repo,user:email,workflow...
2025-08-16 10:19:18.214 [info] Got 1 sessions for read:user,repo,user:email,workflow...
2025-08-16 10:19:18.304 [info] Getting sessions for read:user,repo,user:email,workflow...
2025-08-16 10:19:18.304 [info] Got 1 sessions for read:user,repo,user:email,workflow...
2025-08-16 10:19:18.581 [info] Getting sessions for read:user,repo,user:email,workflow...
2025-08-16 10:19:18.581 [info] Got 1 sessions for read:user,repo,user:email,workflow...
2025-08-16 10:19:18.700 [info] Getting sessions for read:user,repo,user:email,workflow...
2025-08-16 10:19:18.700 [info] Got 1 sessions for read:user,repo,user:email,workflow...
2025-08-16 10:19:19.473 [info] Getting sessions for read:user,repo,user:email,workflow...
2025-08-16 10:19:19.473 [info] Got 1 sessions for read:user,repo,user:email,workflow...
2025-08-16 10:19:19.563 [info] Getting sessions for read:user,repo,user:email,workflow...
2025-08-16 10:19:19.563 [info] Got 1 sessions for read:user,repo,user:email,workflow...
2025-08-16 10:19:20.501 [info] Getting sessions for read:user,repo,user:email,workflow...
2025-08-16 10:19:20.502 [info] Got 1 sessions for read:user,repo,user:email,workflow...
2025-08-16 10:19:20.593 [info] Getting sessions for read:user,repo,user:email,workflow...
2025-08-16 10:19:20.593 [info] Got 1 sessions for read:user,repo,user:email,workflow...
2025-08-16 10:19:21.654 [info] Getting sessions for read:user,repo,user:email,workflow...
2025-08-16 10:19:21.655 [info] Got 1 sessions for read:user,repo,user:email,workflow...
2025-08-16 10:19:21.747 [info] Getting sessions for read:user,repo,user:email,workflow...
2025-08-16 10:19:21.747 [info] Got 1 sessions for read:user,repo,user:email,workflow...
2025-08-16 10:19:24.966 [info] Getting sessions for read:user,repo,user:email,workflow...
2025-08-16 10:19:24.966 [info] Got 1 sessions for read:user,repo,user:email,workflow...
2025-08-16 10:19:25.157 [info] Getting sessions for read:user,repo,user:email,workflow...
2025-08-16 10:19:25.157 [info] Got 1 sessions for read:user,repo,user:email,workflow...
2025-08-16 10:19:26.064 [info] Getting sessions for read:user,repo,user:email,workflow...
2025-08-16 10:19:26.064 [info] Got 1 sessions for read:user,repo,user:email,workflow...
2025-08-16 10:19:26.273 [info] Getting sessions for read:user,repo,user:email,workflow...
2025-08-16 10:19:26.273 [info] Got 1 sessions for read:user,repo,user:email,workflow...
2025-08-16 10:19:26.896 [info] Getting sessions for read:user,repo,user:email,workflow...
2025-08-16 10:19:26.896 [info] Got 1 sessions for read:user,repo,user:email,workflow...
2025-08-16 10:19:27.166 [info] Getting sessions for read:user,repo,user:email,workflow...
2025-08-16 10:19:27.166 [info] Got 1 sessions for read:user,repo,user:email,workflow...
2025-08-16 10:19:27.718 [info] Getting sessions for read:user,repo,user:email,workflow...
2025-08-16 10:19:27.718 [info] Got 1 sessions for read:user,repo,user:email,workflow...
2025-08-16 10:19:27.991 [info] Getting sessions for read:user,repo,user:email,workflow...
2025-08-16 10:19:27.991 [info] Got 1 sessions for read:user,repo,user:email,workflow...
2025-08-16 10:19:28.932 [info] Getting sessions for read:user,repo,user:email,workflow...
2025-08-16 10:19:28.932 [info] Got 1 sessions for read:user,repo,user:email,workflow...
2025-08-16 10:19:29.023 [info] Getting sessions for read:user,repo,user:email,workflow...
2025-08-16 10:19:29.023 [info] Got 1 sessions for read:user,repo,user:email,workflow...
2025-08-16 10:19:30.465 [info] Getting sessions for read:user,repo,user:email,workflow...
2025-08-16 10:19:30.466 [info] Got 1 sessions for read:user,repo,user:email,workflow...
2025-08-16 10:19:30.581 [info] Getting sessions for read:user,repo,user:email,workflow...
2025-08-16 10:19:30.581 [info] Got 1 sessions for read:user,repo,user:email,workflow...
2025-08-16 10:19:30.924 [info] Getting sessions for read:user,repo,user:email,workflow...
2025-08-16 10:19:30.924 [info] Got 1 sessions for read:user,repo,user:email,workflow...
2025-08-16 10:19:31.017 [info] Getting sessions for read:user,repo,user:email,workflow...
2025-08-16 10:19:31.017 [info] Got 1 sessions for read:user,repo,user:email,workflow...
2025-08-16 10:19:32.331 [info] Getting sessions for read:user,repo,user:email,workflow...
2025-08-16 10:19:32.331 [info] Got 1 sessions for read:user,repo,user:email,workflow...
2025-08-16 10:19:32.475 [info] Getting sessions for read:user,repo,user:email,workflow...
2025-08-16 10:19:32.475 [info] Got 1 sessions for read:user,repo,user:email,workflow...
2025-08-16 10:19:33.785 [info] Getting sessions for read:user,repo,user:email,workflow...
2025-08-16 10:19:33.786 [info] Got 1 sessions for read:user,repo,user:email,workflow...
2025-08-16 10:19:33.943 [info] Getting sessions for read:user,repo,user:email,workflow...
2025-08-16 10:19:33.943 [info] Got 1 sessions for read:user,repo,user:email,workflow...
2025-08-16 10:19:34.636 [info] Getting sessions for read:user,repo,user:email,workflow...
2025-08-16 10:19:34.637 [info] Got 1 sessions for read:user,repo,user:email,workflow...
2025-08-16 10:19:36.291 [info] Getting sessions for read:user,repo,user:email,workflow...
2025-08-16 10:19:36.291 [info] Got 1 sessions for read:user,repo,user:email,workflow...
2025-08-16 10:25:40.119 [info] Getting sessions for all scopes...
2025-08-16 10:25:40.119 [info] Got 2 sessions for ...
2025-08-16 10:25:40.345 [info] Getting sessions for read:user,repo,user:email,workflow...
2025-08-16 10:25:40.345 [info] Got 1 sessions for read:user,repo,user:email,workflow...
2025-08-16 10:25:40.402 [info] Getting sessions for all scopes...
2025-08-16 10:25:40.402 [info] Got 2 sessions for ...
2025-08-16 10:25:40.409 [info] Getting sessions for read:user,repo,user:email,workflow...
2025-08-16 10:25:40.409 [info] Got 1 sessions for read:user,repo,user:email,workflow...
2025-08-16 10:25:42.270 [info] Getting sessions for all scopes...
2025-08-16 10:25:42.270 [info] Got 2 sessions for ...
2025-08-16 10:25:42.270 [info] Getting sessions for all scopes...
2025-08-16 10:25:42.270 [info] Got 2 sessions for ...
2025-08-16 10:25:42.273 [info] Getting sessions for read:user,repo,user:email,workflow...
2025-08-16 10:25:42.273 [info] Got 1 sessions for read:user,repo,user:email,workflow...
2025-08-16 10:25:42.277 [info] Getting sessions for all scopes...
2025-08-16 10:25:42.277 [info] Got 2 sessions for ...
2025-08-16 10:25:42.280 [info] Getting sessions for read:user,repo,user:email,workflow...
2025-08-16 10:25:42.280 [info] Got 1 sessions for read:user,repo,user:email,workflow...
2025-08-16 10:25:42.501 [info] Getting sessions for all scopes...
2025-08-16 10:25:42.501 [info] Got 2 sessions for ...
2025-08-16 10:25:42.503 [info] Getting sessions for all scopes...
2025-08-16 10:25:42.503 [info] Got 2 sessions for ...
2025-08-16 10:25:42.508 [info] Getting sessions for read:user,repo,user:email,workflow...
2025-08-16 10:25:42.509 [info] Got 1 sessions for read:user,repo,user:email,workflow...
2025-08-16 10:25:42.523 [info] Getting sessions for all scopes...
2025-08-16 10:25:42.524 [info] Got 2 sessions for ...
2025-08-16 10:25:42.531 [info] Getting sessions for all scopes...
2025-08-16 10:25:42.532 [info] Got 2 sessions for ...
2025-08-16 10:25:42.536 [info] Getting sessions for all scopes...
2025-08-16 10:25:42.537 [info] Got 2 sessions for ...
2025-08-16 10:25:42.543 [info] Getting sessions for read:user,repo,user:email,workflow...
2025-08-16 10:25:42.544 [info] Got 1 sessions for read:user,repo,user:email,workflow...
2025-08-16 10:25:44.321 [info] Getting sessions for all scopes...
2025-08-16 10:25:44.321 [info] Got 2 sessions for ...
2025-08-16 10:26:24.856 [info] Getting sessions for read:user,repo,user:email,workflow...
2025-08-16 10:26:24.856 [info] Got 1 sessions for read:user,repo,user:email,workflow...
