2025-08-16 10:02:56.324 [info] Reading sessions from keychain...
2025-08-16 10:02:56.324 [info] Getting sessions for all scopes...
2025-08-16 10:02:56.554 [info] Got stored sessions!
2025-08-16 10:02:56.554 [info] Got 2 verified sessions.
2025-08-16 10:02:56.554 [info] Got 2 sessions for ...
2025-08-16 10:02:56.554 [info] Getting sessions for all scopes...
2025-08-16 10:02:56.555 [info] Got 2 sessions for ...
2025-08-16 10:02:56.555 [info] Getting sessions for all scopes...
2025-08-16 10:02:56.555 [info] Got 2 sessions for ...
2025-08-16 10:02:56.555 [info] Getting sessions for all scopes...
2025-08-16 10:02:56.555 [info] Got 2 sessions for ...
2025-08-16 10:02:56.555 [info] Getting sessions for all scopes...
2025-08-16 10:02:56.555 [info] Got 2 sessions for ...
2025-08-16 10:02:56.556 [info] Getting sessions for all scopes...
2025-08-16 10:02:56.556 [info] Got 2 sessions for ...
2025-08-16 10:02:56.559 [info] Getting sessions for all scopes...
2025-08-16 10:02:56.559 [info] Got 2 sessions for ...
2025-08-16 10:02:56.768 [info] Getting sessions for all scopes...
2025-08-16 10:02:56.768 [info] Got 2 sessions for ...
2025-08-16 10:02:56.769 [info] Getting sessions for all scopes...
2025-08-16 10:02:56.769 [info] Got 2 sessions for ...
2025-08-16 10:02:56.770 [info] Getting sessions for all scopes...
2025-08-16 10:02:56.770 [info] Got 2 sessions for ...
2025-08-16 10:02:56.770 [info] Getting sessions for all scopes...
2025-08-16 10:02:56.770 [info] Got 2 sessions for ...
2025-08-16 10:02:56.772 [info] Getting sessions for all scopes...
2025-08-16 10:02:56.772 [info] Got 2 sessions for ...
2025-08-16 10:02:56.773 [info] Getting sessions for all scopes...
2025-08-16 10:02:56.773 [info] Got 2 sessions for ...
2025-08-16 10:03:04.462 [info] Getting sessions for all scopes...
2025-08-16 10:03:04.462 [info] Got 2 sessions for ...
2025-08-16 10:03:04.538 [info] Getting sessions for user:email...
2025-08-16 10:03:04.538 [info] Got 1 sessions for user:email...
2025-08-16 10:03:04.559 [info] Getting sessions for all scopes...
2025-08-16 10:03:04.559 [info] Got 2 sessions for ...
2025-08-16 10:03:04.607 [info] Getting sessions for all scopes...
2025-08-16 10:03:04.607 [info] Got 2 sessions for ...
2025-08-16 10:03:04.609 [info] Getting sessions for all scopes...
2025-08-16 10:03:04.609 [info] Got 2 sessions for ...
2025-08-16 10:03:04.610 [info] Getting sessions for all scopes...
2025-08-16 10:03:04.610 [info] Got 2 sessions for ...
2025-08-16 10:03:06.297 [info] Getting sessions for all scopes...
2025-08-16 10:03:06.298 [info] Got 2 sessions for ...
2025-08-16 10:03:06.298 [info] Getting sessions for all scopes...
2025-08-16 10:03:06.298 [info] Got 2 sessions for ...
2025-08-16 10:03:08.029 [info] Getting sessions for all scopes...
2025-08-16 10:03:08.030 [info] Got 2 sessions for ...
2025-08-16 10:03:08.041 [info] Getting sessions for read:user,repo,user:email,workflow...
2025-08-16 10:03:08.041 [info] Got 1 sessions for read:user,repo,user:email,workflow...
2025-08-16 10:03:08.132 [info] Getting sessions for all scopes...
2025-08-16 10:03:08.132 [info] Got 2 sessions for ...
2025-08-16 10:03:08.133 [info] Getting sessions for read:user,repo,user:email,workflow...
2025-08-16 10:03:08.133 [info] Got 1 sessions for read:user,repo,user:email,workflow...
2025-08-16 10:03:08.704 [info] Getting sessions for all scopes...
2025-08-16 10:03:08.706 [info] Got 2 sessions for ...
2025-08-16 10:03:08.708 [info] Getting sessions for all scopes...
2025-08-16 10:03:08.708 [info] Got 2 sessions for ...
2025-08-16 10:03:08.715 [info] Getting sessions for read:user,repo,user:email,workflow...
2025-08-16 10:03:08.715 [info] Got 1 sessions for read:user,repo,user:email,workflow...
2025-08-16 10:03:09.784 [info] Getting sessions for all scopes...
2025-08-16 10:03:09.784 [info] Got 2 sessions for ...
2025-08-16 10:03:09.812 [info] Getting sessions for read:user,repo,user:email,workflow...
2025-08-16 10:03:09.812 [info] Got 1 sessions for read:user,repo,user:email,workflow...
2025-08-16 10:03:09.819 [info] Getting sessions for read:user,repo,user:email,workflow...
2025-08-16 10:03:09.820 [info] Got 1 sessions for read:user,repo,user:email,workflow...
2025-08-16 10:03:32.238 [info] Getting sessions for read:user,repo,user:email,workflow...
2025-08-16 10:03:32.238 [info] Got 1 sessions for read:user,repo,user:email,workflow...
2025-08-16 10:03:32.314 [info] Getting sessions for read:user,repo,user:email,workflow...
2025-08-16 10:03:32.314 [info] Got 1 sessions for read:user,repo,user:email,workflow...
2025-08-16 10:03:32.814 [info] Getting sessions for read:user,repo,user:email,workflow...
2025-08-16 10:03:32.815 [info] Got 1 sessions for read:user,repo,user:email,workflow...
2025-08-16 10:03:32.875 [info] Getting sessions for read:user,repo,user:email,workflow...
2025-08-16 10:03:32.875 [info] Got 1 sessions for read:user,repo,user:email,workflow...
2025-08-16 10:03:33.268 [info] Getting sessions for read:user,repo,user:email,workflow...
2025-08-16 10:03:33.268 [info] Got 1 sessions for read:user,repo,user:email,workflow...
2025-08-16 10:03:33.347 [info] Getting sessions for read:user,repo,user:email,workflow...
2025-08-16 10:03:33.347 [info] Got 1 sessions for read:user,repo,user:email,workflow...
2025-08-16 10:03:33.985 [info] Getting sessions for read:user,repo,user:email,workflow...
2025-08-16 10:03:33.986 [info] Got 1 sessions for read:user,repo,user:email,workflow...
2025-08-16 10:03:34.053 [info] Getting sessions for read:user,repo,user:email,workflow...
2025-08-16 10:03:34.053 [info] Got 1 sessions for read:user,repo,user:email,workflow...
2025-08-16 10:03:38.053 [info] Getting sessions for read:user,repo,user:email,workflow...
2025-08-16 10:03:38.053 [info] Got 1 sessions for read:user,repo,user:email,workflow...
2025-08-16 10:03:38.157 [info] Getting sessions for read:user,repo,user:email,workflow...
2025-08-16 10:03:38.157 [info] Got 1 sessions for read:user,repo,user:email,workflow...
2025-08-16 10:03:40.905 [info] Getting sessions for read:user,repo,user:email,workflow...
2025-08-16 10:03:40.905 [info] Got 1 sessions for read:user,repo,user:email,workflow...
2025-08-16 10:03:40.995 [info] Getting sessions for read:user,repo,user:email,workflow...
2025-08-16 10:03:40.996 [info] Got 1 sessions for read:user,repo,user:email,workflow...
2025-08-16 10:04:08.773 [info] Getting sessions for all scopes...
2025-08-16 10:04:08.773 [info] Got 2 sessions for ...
2025-08-16 10:04:08.778 [info] Getting sessions for read:user,repo,user:email,workflow...
2025-08-16 10:04:08.778 [info] Got 1 sessions for read:user,repo,user:email,workflow...
2025-08-16 10:04:08.782 [info] Getting sessions for all scopes...
2025-08-16 10:04:08.782 [info] Got 2 sessions for ...
2025-08-16 10:04:08.787 [info] Getting sessions for read:user,repo,user:email,workflow...
2025-08-16 10:04:08.787 [info] Got 1 sessions for read:user,repo,user:email,workflow...
2025-08-16 10:05:47.150 [info] Getting sessions for all scopes...
2025-08-16 10:05:47.150 [info] Got 2 sessions for ...
2025-08-16 10:05:47.156 [info] Getting sessions for read:user,repo,user:email,workflow...
2025-08-16 10:05:47.156 [info] Got 1 sessions for read:user,repo,user:email,workflow...
2025-08-16 10:05:47.162 [info] Getting sessions for all scopes...
2025-08-16 10:05:47.162 [info] Got 2 sessions for ...
2025-08-16 10:05:47.167 [info] Getting sessions for read:user,repo,user:email,workflow...
2025-08-16 10:05:47.167 [info] Got 1 sessions for read:user,repo,user:email,workflow...
2025-08-16 10:05:48.639 [info] Getting sessions for read:user,repo,user:email,workflow...
2025-08-16 10:05:48.639 [info] Got 1 sessions for read:user,repo,user:email,workflow...
2025-08-16 10:05:48.676 [info] Getting sessions for read:user,repo,user:email,workflow...
2025-08-16 10:05:48.676 [info] Got 1 sessions for read:user,repo,user:email,workflow...
2025-08-16 10:06:47.193 [info] Getting sessions for all scopes...
2025-08-16 10:06:47.194 [info] Got 2 sessions for ...
2025-08-16 10:06:47.198 [info] Getting sessions for read:user,repo,user:email,workflow...
2025-08-16 10:06:47.198 [info] Got 1 sessions for read:user,repo,user:email,workflow...
2025-08-16 10:06:47.205 [info] Getting sessions for all scopes...
2025-08-16 10:06:47.205 [info] Got 2 sessions for ...
2025-08-16 10:06:47.210 [info] Getting sessions for read:user,repo,user:email,workflow...
2025-08-16 10:06:47.210 [info] Got 1 sessions for read:user,repo,user:email,workflow...
2025-08-16 10:06:59.400 [info] Getting sessions for all scopes...
2025-08-16 10:06:59.400 [info] Got 2 sessions for ...
2025-08-16 10:06:59.412 [info] Getting sessions for read:user,repo,user:email,workflow...
2025-08-16 10:06:59.412 [info] Got 1 sessions for read:user,repo,user:email,workflow...
2025-08-16 10:06:59.418 [info] Getting sessions for all scopes...
2025-08-16 10:06:59.419 [info] Got 2 sessions for ...
2025-08-16 10:06:59.424 [info] Getting sessions for read:user,repo,user:email,workflow...
2025-08-16 10:06:59.424 [info] Got 1 sessions for read:user,repo,user:email,workflow...
2025-08-16 10:07:07.921 [info] Getting sessions for read:user,repo,user:email,workflow...
2025-08-16 10:07:07.921 [info] Got 1 sessions for read:user,repo,user:email,workflow...
2025-08-16 10:07:08.010 [info] Getting sessions for read:user,repo,user:email,workflow...
2025-08-16 10:07:08.010 [info] Got 1 sessions for read:user,repo,user:email,workflow...
2025-08-16 10:07:08.060 [info] Getting sessions for read:user,repo,user:email,workflow...
2025-08-16 10:07:08.060 [info] Got 1 sessions for read:user,repo,user:email,workflow...
2025-08-16 10:07:08.157 [info] Getting sessions for read:user,repo,user:email,workflow...
2025-08-16 10:07:08.158 [info] Got 1 sessions for read:user,repo,user:email,workflow...
2025-08-16 10:07:08.261 [info] Getting sessions for read:user,repo,user:email,workflow...
2025-08-16 10:07:08.261 [info] Got 1 sessions for read:user,repo,user:email,workflow...
2025-08-16 10:07:08.351 [info] Getting sessions for read:user,repo,user:email,workflow...
2025-08-16 10:07:08.351 [info] Got 1 sessions for read:user,repo,user:email,workflow...
2025-08-16 10:07:08.499 [info] Getting sessions for read:user,repo,user:email,workflow...
2025-08-16 10:07:08.499 [info] Got 1 sessions for read:user,repo,user:email,workflow...
2025-08-16 10:07:10.112 [info] Getting sessions for read:user,repo,user:email,workflow...
2025-08-16 10:07:10.112 [info] Got 1 sessions for read:user,repo,user:email,workflow...
2025-08-16 10:07:10.222 [info] Getting sessions for read:user,repo,user:email,workflow...
2025-08-16 10:07:10.222 [info] Got 1 sessions for read:user,repo,user:email,workflow...
2025-08-16 10:07:10.741 [info] Getting sessions for read:user,repo,user:email,workflow...
2025-08-16 10:07:10.741 [info] Got 1 sessions for read:user,repo,user:email,workflow...
2025-08-16 10:07:10.839 [info] Getting sessions for read:user,repo,user:email,workflow...
2025-08-16 10:07:10.840 [info] Got 1 sessions for read:user,repo,user:email,workflow...
2025-08-16 10:07:10.999 [info] Getting sessions for read:user,repo,user:email,workflow...
2025-08-16 10:07:10.999 [info] Got 1 sessions for read:user,repo,user:email,workflow...
2025-08-16 10:07:11.071 [info] Getting sessions for read:user,repo,user:email,workflow...
2025-08-16 10:07:11.071 [info] Got 1 sessions for read:user,repo,user:email,workflow...
2025-08-16 10:07:11.246 [info] Getting sessions for read:user,repo,user:email,workflow...
2025-08-16 10:07:11.246 [info] Got 1 sessions for read:user,repo,user:email,workflow...
2025-08-16 10:07:11.331 [info] Getting sessions for read:user,repo,user:email,workflow...
2025-08-16 10:07:11.331 [info] Got 1 sessions for read:user,repo,user:email,workflow...
2025-08-16 10:07:11.445 [info] Getting sessions for read:user,repo,user:email,workflow...
2025-08-16 10:07:11.446 [info] Got 1 sessions for read:user,repo,user:email,workflow...
2025-08-16 10:07:11.528 [info] Getting sessions for read:user,repo,user:email,workflow...
2025-08-16 10:07:11.528 [info] Got 1 sessions for read:user,repo,user:email,workflow...
2025-08-16 10:07:12.278 [info] Getting sessions for read:user,repo,user:email,workflow...
2025-08-16 10:07:12.278 [info] Got 1 sessions for read:user,repo,user:email,workflow...
2025-08-16 10:07:12.525 [info] Getting sessions for read:user,repo,user:email,workflow...
2025-08-16 10:07:12.525 [info] Got 1 sessions for read:user,repo,user:email,workflow...
2025-08-16 10:07:12.657 [info] Getting sessions for read:user,repo,user:email,workflow...
2025-08-16 10:07:12.657 [info] Got 1 sessions for read:user,repo,user:email,workflow...
2025-08-16 10:07:12.745 [info] Getting sessions for read:user,repo,user:email,workflow...
2025-08-16 10:07:12.745 [info] Got 1 sessions for read:user,repo,user:email,workflow...
2025-08-16 10:07:12.849 [info] Getting sessions for read:user,repo,user:email,workflow...
2025-08-16 10:07:12.850 [info] Got 1 sessions for read:user,repo,user:email,workflow...
2025-08-16 10:07:13.411 [info] Getting sessions for read:user,repo,user:email,workflow...
2025-08-16 10:07:13.411 [info] Got 1 sessions for read:user,repo,user:email,workflow...
2025-08-16 10:07:13.715 [info] Getting sessions for read:user,repo,user:email,workflow...
2025-08-16 10:07:13.716 [info] Got 1 sessions for read:user,repo,user:email,workflow...
2025-08-16 10:07:13.870 [info] Getting sessions for read:user,repo,user:email,workflow...
2025-08-16 10:07:13.870 [info] Got 1 sessions for read:user,repo,user:email,workflow...
2025-08-16 10:07:14.426 [info] Getting sessions for read:user,repo,user:email,workflow...
2025-08-16 10:07:14.427 [info] Got 1 sessions for read:user,repo,user:email,workflow...
2025-08-16 10:07:14.642 [info] Getting sessions for read:user,repo,user:email,workflow...
2025-08-16 10:07:14.643 [info] Got 1 sessions for read:user,repo,user:email,workflow...
2025-08-16 10:07:16.657 [info] Getting sessions for read:user,repo,user:email,workflow...
2025-08-16 10:07:16.657 [info] Got 1 sessions for read:user,repo,user:email,workflow...
2025-08-16 10:07:16.802 [info] Getting sessions for read:user,repo,user:email,workflow...
2025-08-16 10:07:16.802 [info] Got 1 sessions for read:user,repo,user:email,workflow...
2025-08-16 10:07:17.207 [info] Getting sessions for read:user,repo,user:email,workflow...
2025-08-16 10:07:17.207 [info] Got 1 sessions for read:user,repo,user:email,workflow...
2025-08-16 10:07:17.293 [info] Getting sessions for read:user,repo,user:email,workflow...
2025-08-16 10:07:17.293 [info] Got 1 sessions for read:user,repo,user:email,workflow...
2025-08-16 10:07:17.399 [info] Getting sessions for read:user,repo,user:email,workflow...
2025-08-16 10:07:17.399 [info] Got 1 sessions for read:user,repo,user:email,workflow...
2025-08-16 10:07:17.472 [info] Getting sessions for read:user,repo,user:email,workflow...
2025-08-16 10:07:17.472 [info] Got 1 sessions for read:user,repo,user:email,workflow...
2025-08-16 10:07:17.968 [info] Getting sessions for read:user,repo,user:email,workflow...
2025-08-16 10:07:17.969 [info] Got 1 sessions for read:user,repo,user:email,workflow...
2025-08-16 10:07:18.224 [info] Getting sessions for read:user,repo,user:email,workflow...
2025-08-16 10:07:18.224 [info] Got 1 sessions for read:user,repo,user:email,workflow...
2025-08-16 10:07:18.318 [info] Getting sessions for read:user,repo,user:email,workflow...
2025-08-16 10:07:18.318 [info] Got 1 sessions for read:user,repo,user:email,workflow...
2025-08-16 10:07:18.713 [info] Getting sessions for read:user,repo,user:email,workflow...
2025-08-16 10:07:18.714 [info] Got 1 sessions for read:user,repo,user:email,workflow...
2025-08-16 10:07:18.934 [info] Getting sessions for read:user,repo,user:email,workflow...
2025-08-16 10:07:18.935 [info] Got 1 sessions for read:user,repo,user:email,workflow...
2025-08-16 10:07:20.995 [info] Getting sessions for read:user,repo,user:email,workflow...
2025-08-16 10:07:20.996 [info] Got 1 sessions for read:user,repo,user:email,workflow...
2025-08-16 10:07:21.227 [info] Getting sessions for read:user,repo,user:email,workflow...
2025-08-16 10:07:21.227 [info] Got 1 sessions for read:user,repo,user:email,workflow...
2025-08-16 10:07:21.364 [info] Getting sessions for read:user,repo,user:email,workflow...
2025-08-16 10:07:21.364 [info] Got 1 sessions for read:user,repo,user:email,workflow...
2025-08-16 10:07:22.229 [info] Getting sessions for read:user,repo,user:email,workflow...
2025-08-16 10:07:22.229 [info] Got 1 sessions for read:user,repo,user:email,workflow...
2025-08-16 10:07:22.434 [info] Getting sessions for read:user,repo,user:email,workflow...
2025-08-16 10:07:22.434 [info] Got 1 sessions for read:user,repo,user:email,workflow...
2025-08-16 10:07:23.751 [info] Getting sessions for read:user,repo,user:email,workflow...
2025-08-16 10:07:23.751 [info] Got 1 sessions for read:user,repo,user:email,workflow...
2025-08-16 10:07:23.831 [info] Getting sessions for read:user,repo,user:email,workflow...
2025-08-16 10:07:23.831 [info] Got 1 sessions for read:user,repo,user:email,workflow...
2025-08-16 10:07:24.431 [info] Getting sessions for read:user,repo,user:email,workflow...
2025-08-16 10:07:24.432 [info] Got 1 sessions for read:user,repo,user:email,workflow...
2025-08-16 10:07:24.532 [info] Getting sessions for read:user,repo,user:email,workflow...
2025-08-16 10:07:24.532 [info] Got 1 sessions for read:user,repo,user:email,workflow...
2025-08-16 10:07:24.679 [info] Getting sessions for read:user,repo,user:email,workflow...
2025-08-16 10:07:24.679 [info] Got 1 sessions for read:user,repo,user:email,workflow...
2025-08-16 10:07:24.815 [info] Getting sessions for read:user,repo,user:email,workflow...
2025-08-16 10:07:24.816 [info] Got 1 sessions for read:user,repo,user:email,workflow...
2025-08-16 10:07:24.908 [info] Getting sessions for read:user,repo,user:email,workflow...
2025-08-16 10:07:24.908 [info] Got 1 sessions for read:user,repo,user:email,workflow...
2025-08-16 10:07:25.867 [info] Getting sessions for read:user,repo,user:email,workflow...
2025-08-16 10:07:25.867 [info] Got 1 sessions for read:user,repo,user:email,workflow...
2025-08-16 10:07:26.160 [info] Getting sessions for read:user,repo,user:email,workflow...
2025-08-16 10:07:26.161 [info] Got 1 sessions for read:user,repo,user:email,workflow...
2025-08-16 10:07:27.619 [info] Getting sessions for read:user,repo,user:email,workflow...
2025-08-16 10:07:27.619 [info] Got 1 sessions for read:user,repo,user:email,workflow...
2025-08-16 10:07:27.724 [info] Getting sessions for read:user,repo,user:email,workflow...
2025-08-16 10:07:27.725 [info] Got 1 sessions for read:user,repo,user:email,workflow...
2025-08-16 10:07:28.287 [info] Getting sessions for read:user,repo,user:email,workflow...
2025-08-16 10:07:28.288 [info] Got 1 sessions for read:user,repo,user:email,workflow...
2025-08-16 10:07:28.498 [info] Getting sessions for read:user,repo,user:email,workflow...
2025-08-16 10:07:28.498 [info] Got 1 sessions for read:user,repo,user:email,workflow...
2025-08-16 10:07:29.976 [info] Getting sessions for read:user,repo,user:email,workflow...
2025-08-16 10:07:29.976 [info] Got 1 sessions for read:user,repo,user:email,workflow...
2025-08-16 10:07:30.200 [info] Getting sessions for read:user,repo,user:email,workflow...
2025-08-16 10:07:30.200 [info] Got 1 sessions for read:user,repo,user:email,workflow...
2025-08-16 10:07:30.270 [info] Getting sessions for read:user,repo,user:email,workflow...
2025-08-16 10:07:30.270 [info] Got 1 sessions for read:user,repo,user:email,workflow...
2025-08-16 10:07:30.440 [info] Getting sessions for read:user,repo,user:email,workflow...
2025-08-16 10:07:30.440 [info] Got 1 sessions for read:user,repo,user:email,workflow...
2025-08-16 10:07:30.534 [info] Getting sessions for read:user,repo,user:email,workflow...
2025-08-16 10:07:30.534 [info] Got 1 sessions for read:user,repo,user:email,workflow...
2025-08-16 10:07:30.633 [info] Getting sessions for read:user,repo,user:email,workflow...
2025-08-16 10:07:30.633 [info] Got 1 sessions for read:user,repo,user:email,workflow...
2025-08-16 10:07:30.756 [info] Getting sessions for read:user,repo,user:email,workflow...
2025-08-16 10:07:30.756 [info] Got 1 sessions for read:user,repo,user:email,workflow...
2025-08-16 10:07:30.834 [info] Getting sessions for read:user,repo,user:email,workflow...
2025-08-16 10:07:30.834 [info] Got 1 sessions for read:user,repo,user:email,workflow...
2025-08-16 10:07:31.515 [info] Getting sessions for read:user,repo,user:email,workflow...
2025-08-16 10:07:31.516 [info] Got 1 sessions for read:user,repo,user:email,workflow...
2025-08-16 10:07:31.824 [info] Getting sessions for read:user,repo,user:email,workflow...
2025-08-16 10:07:31.824 [info] Got 1 sessions for read:user,repo,user:email,workflow...
2025-08-16 10:07:32.012 [info] Getting sessions for read:user,repo,user:email,workflow...
2025-08-16 10:07:32.012 [info] Got 1 sessions for read:user,repo,user:email,workflow...
2025-08-16 10:07:32.462 [info] Getting sessions for read:user,repo,user:email,workflow...
2025-08-16 10:07:32.462 [info] Got 1 sessions for read:user,repo,user:email,workflow...
2025-08-16 10:07:32.711 [info] Getting sessions for read:user,repo,user:email,workflow...
2025-08-16 10:07:32.711 [info] Got 1 sessions for read:user,repo,user:email,workflow...
2025-08-16 10:07:34.196 [info] Getting sessions for read:user,repo,user:email,workflow...
2025-08-16 10:07:34.196 [info] Got 1 sessions for read:user,repo,user:email,workflow...
2025-08-16 10:07:34.618 [info] Getting sessions for read:user,repo,user:email,workflow...
2025-08-16 10:07:34.618 [info] Got 1 sessions for read:user,repo,user:email,workflow...
2025-08-16 10:07:34.782 [info] Getting sessions for read:user,repo,user:email,workflow...
2025-08-16 10:07:34.782 [info] Got 1 sessions for read:user,repo,user:email,workflow...
2025-08-16 10:07:34.866 [info] Getting sessions for read:user,repo,user:email,workflow...
2025-08-16 10:07:34.866 [info] Got 1 sessions for read:user,repo,user:email,workflow...
2025-08-16 10:07:39.664 [info] Getting sessions for read:user,repo,user:email,workflow...
2025-08-16 10:07:39.665 [info] Got 1 sessions for read:user,repo,user:email,workflow...
2025-08-16 10:07:39.916 [info] Getting sessions for read:user,repo,user:email,workflow...
2025-08-16 10:07:39.917 [info] Got 1 sessions for read:user,repo,user:email,workflow...
2025-08-16 10:07:40.185 [info] Getting sessions for read:user,repo,user:email,workflow...
2025-08-16 10:07:40.185 [info] Got 1 sessions for read:user,repo,user:email,workflow...
2025-08-16 10:07:40.626 [info] Getting sessions for read:user,repo,user:email,workflow...
2025-08-16 10:07:40.627 [info] Got 1 sessions for read:user,repo,user:email,workflow...
2025-08-16 10:07:40.787 [info] Getting sessions for read:user,repo,user:email,workflow...
2025-08-16 10:07:40.787 [info] Got 1 sessions for read:user,repo,user:email,workflow...
2025-08-16 10:07:43.020 [info] Getting sessions for read:user,repo,user:email,workflow...
2025-08-16 10:07:43.020 [info] Got 1 sessions for read:user,repo,user:email,workflow...
2025-08-16 10:07:43.141 [info] Getting sessions for read:user,repo,user:email,workflow...
2025-08-16 10:07:43.142 [info] Got 1 sessions for read:user,repo,user:email,workflow...
2025-08-16 10:07:53.536 [info] Getting sessions for read:user,repo,user:email,workflow...
2025-08-16 10:07:53.536 [info] Got 1 sessions for read:user,repo,user:email,workflow...
2025-08-16 10:07:53.616 [info] Getting sessions for read:user,repo,user:email,workflow...
2025-08-16 10:07:53.616 [info] Got 1 sessions for read:user,repo,user:email,workflow...
2025-08-16 10:07:54.601 [info] Getting sessions for read:user,repo,user:email,workflow...
2025-08-16 10:07:54.601 [info] Got 1 sessions for read:user,repo,user:email,workflow...
2025-08-16 10:07:54.673 [info] Getting sessions for read:user,repo,user:email,workflow...
2025-08-16 10:07:54.673 [info] Got 1 sessions for read:user,repo,user:email,workflow...
2025-08-16 10:07:56.861 [info] Getting sessions for read:user,repo,user:email,workflow...
2025-08-16 10:07:56.861 [info] Got 1 sessions for read:user,repo,user:email,workflow...
2025-08-16 10:07:56.926 [info] Getting sessions for read:user,repo,user:email,workflow...
2025-08-16 10:07:56.926 [info] Got 1 sessions for read:user,repo,user:email,workflow...
2025-08-16 10:07:59.449 [info] Getting sessions for all scopes...
2025-08-16 10:07:59.449 [info] Got 2 sessions for ...
2025-08-16 10:07:59.461 [info] Getting sessions for read:user,repo,user:email,workflow...
2025-08-16 10:07:59.461 [info] Got 1 sessions for read:user,repo,user:email,workflow...
2025-08-16 10:07:59.469 [info] Getting sessions for all scopes...
2025-08-16 10:07:59.469 [info] Got 2 sessions for ...
2025-08-16 10:07:59.476 [info] Getting sessions for read:user,repo,user:email,workflow...
2025-08-16 10:07:59.477 [info] Got 1 sessions for read:user,repo,user:email,workflow...
2025-08-16 10:08:02.002 [info] Getting sessions for read:user,repo,user:email,workflow...
2025-08-16 10:08:02.002 [info] Got 1 sessions for read:user,repo,user:email,workflow...
2025-08-16 10:08:02.057 [info] Getting sessions for read:user,repo,user:email,workflow...
2025-08-16 10:08:02.057 [info] Got 1 sessions for read:user,repo,user:email,workflow...
2025-08-16 10:08:05.934 [info] Getting sessions for read:user,repo,user:email,workflow...
2025-08-16 10:08:05.934 [info] Got 1 sessions for read:user,repo,user:email,workflow...
2025-08-16 10:08:06.023 [info] Getting sessions for read:user,repo,user:email,workflow...
2025-08-16 10:08:06.023 [info] Got 1 sessions for read:user,repo,user:email,workflow...
2025-08-16 10:08:06.656 [info] Getting sessions for read:user,repo,user:email,workflow...
2025-08-16 10:08:06.656 [info] Got 1 sessions for read:user,repo,user:email,workflow...
2025-08-16 10:08:06.743 [info] Getting sessions for read:user,repo,user:email,workflow...
2025-08-16 10:08:06.744 [info] Got 1 sessions for read:user,repo,user:email,workflow...
2025-08-16 10:08:07.732 [info] Getting sessions for read:user,repo,user:email,workflow...
2025-08-16 10:08:07.732 [info] Got 1 sessions for read:user,repo,user:email,workflow...
2025-08-16 10:08:07.790 [info] Getting sessions for read:user,repo,user:email,workflow...
2025-08-16 10:08:07.790 [info] Got 1 sessions for read:user,repo,user:email,workflow...
2025-08-16 10:08:09.923 [info] Getting sessions for read:user,repo,user:email,workflow...
2025-08-16 10:08:09.923 [info] Got 1 sessions for read:user,repo,user:email,workflow...
2025-08-16 10:08:10.031 [info] Getting sessions for read:user,repo,user:email,workflow...
2025-08-16 10:08:10.031 [info] Got 1 sessions for read:user,repo,user:email,workflow...
2025-08-16 10:08:11.883 [info] Getting sessions for read:user,repo,user:email,workflow...
2025-08-16 10:08:11.883 [info] Got 1 sessions for read:user,repo,user:email,workflow...
2025-08-16 10:08:12.002 [info] Getting sessions for read:user,repo,user:email,workflow...
2025-08-16 10:08:12.002 [info] Got 1 sessions for read:user,repo,user:email,workflow...
2025-08-16 10:08:12.580 [info] Getting sessions for read:user,repo,user:email,workflow...
2025-08-16 10:08:12.580 [info] Got 1 sessions for read:user,repo,user:email,workflow...
2025-08-16 10:08:12.690 [info] Getting sessions for read:user,repo,user:email,workflow...
2025-08-16 10:08:12.690 [info] Got 1 sessions for read:user,repo,user:email,workflow...
2025-08-16 10:08:13.262 [info] Getting sessions for read:user,repo,user:email,workflow...
2025-08-16 10:08:13.262 [info] Got 1 sessions for read:user,repo,user:email,workflow...
2025-08-16 10:08:13.375 [info] Getting sessions for read:user,repo,user:email,workflow...
2025-08-16 10:08:13.375 [info] Got 1 sessions for read:user,repo,user:email,workflow...
2025-08-16 10:08:19.551 [info] Getting sessions for read:user,repo,user:email,workflow...
2025-08-16 10:08:19.551 [info] Got 1 sessions for read:user,repo,user:email,workflow...
2025-08-16 10:08:19.663 [info] Getting sessions for read:user,repo,user:email,workflow...
2025-08-16 10:08:19.663 [info] Got 1 sessions for read:user,repo,user:email,workflow...
2025-08-16 10:08:19.739 [info] Getting sessions for read:user,repo,user:email,workflow...
2025-08-16 10:08:19.739 [info] Got 1 sessions for read:user,repo,user:email,workflow...
2025-08-16 10:08:19.794 [info] Getting sessions for read:user,repo,user:email,workflow...
2025-08-16 10:08:19.794 [info] Got 1 sessions for read:user,repo,user:email,workflow...
2025-08-16 10:08:21.849 [info] Getting sessions for read:user,repo,user:email,workflow...
2025-08-16 10:08:21.849 [info] Got 1 sessions for read:user,repo,user:email,workflow...
2025-08-16 10:08:22.046 [info] Getting sessions for read:user,repo,user:email,workflow...
2025-08-16 10:08:22.047 [info] Got 1 sessions for read:user,repo,user:email,workflow...
2025-08-16 10:08:22.134 [info] Getting sessions for read:user,repo,user:email,workflow...
2025-08-16 10:08:22.134 [info] Got 1 sessions for read:user,repo,user:email,workflow...
2025-08-16 10:08:37.158 [info] Getting sessions for read:user,repo,user:email,workflow...
2025-08-16 10:08:37.158 [info] Got 1 sessions for read:user,repo,user:email,workflow...
2025-08-16 10:08:37.265 [info] Getting sessions for read:user,repo,user:email,workflow...
2025-08-16 10:08:37.265 [info] Got 1 sessions for read:user,repo,user:email,workflow...
2025-08-16 10:08:37.376 [info] Getting sessions for read:user,repo,user:email,workflow...
2025-08-16 10:08:37.376 [info] Got 1 sessions for read:user,repo,user:email,workflow...
2025-08-16 10:08:37.471 [info] Getting sessions for read:user,repo,user:email,workflow...
2025-08-16 10:08:37.471 [info] Got 1 sessions for read:user,repo,user:email,workflow...
2025-08-16 10:08:37.855 [info] Getting sessions for read:user,repo,user:email,workflow...
2025-08-16 10:08:37.856 [info] Got 1 sessions for read:user,repo,user:email,workflow...
2025-08-16 10:08:38.041 [info] Getting sessions for read:user,repo,user:email,workflow...
2025-08-16 10:08:38.042 [info] Got 1 sessions for read:user,repo,user:email,workflow...
2025-08-16 10:08:38.355 [info] Getting sessions for read:user,repo,user:email,workflow...
2025-08-16 10:08:38.355 [info] Got 1 sessions for read:user,repo,user:email,workflow...
2025-08-16 10:08:38.434 [info] Getting sessions for read:user,repo,user:email,workflow...
2025-08-16 10:08:38.434 [info] Got 1 sessions for read:user,repo,user:email,workflow...
2025-08-16 10:08:42.692 [info] Getting sessions for read:user,repo,user:email,workflow...
2025-08-16 10:08:42.693 [info] Got 1 sessions for read:user,repo,user:email,workflow...
2025-08-16 10:08:42.812 [info] Getting sessions for read:user,repo,user:email,workflow...
2025-08-16 10:08:42.812 [info] Got 1 sessions for read:user,repo,user:email,workflow...
2025-08-16 10:08:43.015 [info] Getting sessions for read:user,repo,user:email,workflow...
2025-08-16 10:08:43.015 [info] Got 1 sessions for read:user,repo,user:email,workflow...
2025-08-16 10:08:43.121 [info] Getting sessions for read:user,repo,user:email,workflow...
2025-08-16 10:08:43.121 [info] Got 1 sessions for read:user,repo,user:email,workflow...
2025-08-16 10:08:44.389 [info] Getting sessions for read:user,repo,user:email,workflow...
2025-08-16 10:08:44.389 [info] Got 1 sessions for read:user,repo,user:email,workflow...
2025-08-16 10:08:44.537 [info] Getting sessions for read:user,repo,user:email,workflow...
2025-08-16 10:08:44.537 [info] Got 1 sessions for read:user,repo,user:email,workflow...
2025-08-16 10:08:45.276 [info] Getting sessions for read:user,repo,user:email,workflow...
2025-08-16 10:08:45.279 [info] Got 1 sessions for read:user,repo,user:email,workflow...
2025-08-16 10:08:45.424 [info] Getting sessions for read:user,repo,user:email,workflow...
2025-08-16 10:08:45.424 [info] Got 1 sessions for read:user,repo,user:email,workflow...
2025-08-16 10:08:45.784 [info] Getting sessions for read:user,repo,user:email,workflow...
2025-08-16 10:08:45.784 [info] Got 1 sessions for read:user,repo,user:email,workflow...
2025-08-16 10:08:45.851 [info] Getting sessions for read:user,repo,user:email,workflow...
2025-08-16 10:08:45.851 [info] Got 1 sessions for read:user,repo,user:email,workflow...
2025-08-16 10:08:58.190 [info] Getting sessions for read:user,repo,user:email,workflow...
2025-08-16 10:08:58.191 [info] Got 1 sessions for read:user,repo,user:email,workflow...
2025-08-16 10:08:58.841 [info] Getting sessions for read:user,repo,user:email,workflow...
2025-08-16 10:08:58.842 [info] Got 1 sessions for read:user,repo,user:email,workflow...
2025-08-16 10:08:59.114 [info] Getting sessions for read:user,repo,user:email,workflow...
2025-08-16 10:08:59.115 [info] Got 1 sessions for read:user,repo,user:email,workflow...
2025-08-16 10:08:59.505 [info] Getting sessions for all scopes...
2025-08-16 10:08:59.505 [info] Got 2 sessions for ...
2025-08-16 10:08:59.510 [info] Getting sessions for read:user,repo,user:email,workflow...
2025-08-16 10:08:59.510 [info] Got 1 sessions for read:user,repo,user:email,workflow...
2025-08-16 10:08:59.515 [info] Getting sessions for all scopes...
2025-08-16 10:08:59.515 [info] Got 2 sessions for ...
2025-08-16 10:08:59.523 [info] Getting sessions for read:user,repo,user:email,workflow...
2025-08-16 10:08:59.523 [info] Got 1 sessions for read:user,repo,user:email,workflow...
2025-08-16 10:09:00.514 [info] Getting sessions for read:user,repo,user:email,workflow...
2025-08-16 10:09:00.515 [info] Got 1 sessions for read:user,repo,user:email,workflow...
2025-08-16 10:09:00.579 [info] Getting sessions for read:user,repo,user:email,workflow...
2025-08-16 10:09:00.580 [info] Got 1 sessions for read:user,repo,user:email,workflow...
2025-08-16 10:09:02.877 [info] Getting sessions for read:user,repo,user:email,workflow...
2025-08-16 10:09:02.877 [info] Got 1 sessions for read:user,repo,user:email,workflow...
2025-08-16 10:09:02.970 [info] Getting sessions for read:user,repo,user:email,workflow...
2025-08-16 10:09:02.970 [info] Got 1 sessions for read:user,repo,user:email,workflow...
2025-08-16 10:09:03.902 [info] Getting sessions for read:user,repo,user:email,workflow...
2025-08-16 10:09:03.902 [info] Got 1 sessions for read:user,repo,user:email,workflow...
2025-08-16 10:09:05.255 [info] Getting sessions for read:user,repo,user:email,workflow...
2025-08-16 10:09:05.255 [info] Got 1 sessions for read:user,repo,user:email,workflow...
2025-08-16 10:09:05.354 [info] Getting sessions for read:user,repo,user:email,workflow...
2025-08-16 10:09:05.354 [info] Got 1 sessions for read:user,repo,user:email,workflow...
2025-08-16 10:09:05.448 [info] Getting sessions for read:user,repo,user:email,workflow...
2025-08-16 10:09:05.448 [info] Got 1 sessions for read:user,repo,user:email,workflow...
2025-08-16 10:09:05.590 [info] Getting sessions for read:user,repo,user:email,workflow...
2025-08-16 10:09:05.591 [info] Got 1 sessions for read:user,repo,user:email,workflow...
2025-08-16 10:09:05.720 [info] Getting sessions for read:user,repo,user:email,workflow...
2025-08-16 10:09:05.720 [info] Got 1 sessions for read:user,repo,user:email,workflow...
2025-08-16 10:09:05.842 [info] Getting sessions for read:user,repo,user:email,workflow...
2025-08-16 10:09:05.842 [info] Got 1 sessions for read:user,repo,user:email,workflow...
2025-08-16 10:09:05.921 [info] Getting sessions for read:user,repo,user:email,workflow...
2025-08-16 10:09:05.921 [info] Got 1 sessions for read:user,repo,user:email,workflow...
2025-08-16 10:09:06.089 [info] Getting sessions for read:user,repo,user:email,workflow...
2025-08-16 10:09:06.089 [info] Got 1 sessions for read:user,repo,user:email,workflow...
2025-08-16 10:09:06.926 [info] Getting sessions for read:user,repo,user:email,workflow...
2025-08-16 10:09:06.927 [info] Got 1 sessions for read:user,repo,user:email,workflow...
2025-08-16 10:09:07.008 [info] Getting sessions for read:user,repo,user:email,workflow...
2025-08-16 10:09:07.009 [info] Got 1 sessions for read:user,repo,user:email,workflow...
2025-08-16 10:09:19.931 [info] Getting sessions for read:user,repo,user:email,workflow...
2025-08-16 10:09:19.931 [info] Got 1 sessions for read:user,repo,user:email,workflow...
2025-08-16 10:09:20.033 [info] Getting sessions for read:user,repo,user:email,workflow...
2025-08-16 10:09:20.033 [info] Got 1 sessions for read:user,repo,user:email,workflow...
2025-08-16 10:09:43.733 [info] Getting sessions for read:user,repo,user:email,workflow...
2025-08-16 10:09:43.733 [info] Got 1 sessions for read:user,repo,user:email,workflow...
2025-08-16 10:09:43.922 [info] Getting sessions for read:user,repo,user:email,workflow...
2025-08-16 10:09:43.922 [info] Got 1 sessions for read:user,repo,user:email,workflow...
2025-08-16 10:09:44.077 [info] Getting sessions for read:user,repo,user:email,workflow...
2025-08-16 10:09:44.077 [info] Got 1 sessions for read:user,repo,user:email,workflow...
2025-08-16 10:09:44.630 [info] Getting sessions for read:user,repo,user:email,workflow...
2025-08-16 10:09:44.631 [info] Got 1 sessions for read:user,repo,user:email,workflow...
2025-08-16 10:09:44.693 [info] Getting sessions for read:user,repo,user:email,workflow...
2025-08-16 10:09:44.693 [info] Got 1 sessions for read:user,repo,user:email,workflow...
2025-08-16 10:09:44.846 [info] Getting sessions for read:user,repo,user:email,workflow...
2025-08-16 10:09:44.846 [info] Got 1 sessions for read:user,repo,user:email,workflow...
2025-08-16 10:09:45.003 [info] Getting sessions for read:user,repo,user:email,workflow...
2025-08-16 10:09:45.004 [info] Got 1 sessions for read:user,repo,user:email,workflow...
2025-08-16 10:09:45.129 [info] Getting sessions for read:user,repo,user:email,workflow...
2025-08-16 10:09:45.129 [info] Got 1 sessions for read:user,repo,user:email,workflow...
2025-08-16 10:09:45.220 [info] Getting sessions for read:user,repo,user:email,workflow...
2025-08-16 10:09:45.221 [info] Got 1 sessions for read:user,repo,user:email,workflow...
2025-08-16 10:09:45.629 [info] Getting sessions for read:user,repo,user:email,workflow...
2025-08-16 10:09:45.629 [info] Got 1 sessions for read:user,repo,user:email,workflow...
2025-08-16 10:09:45.771 [info] Getting sessions for read:user,repo,user:email,workflow...
2025-08-16 10:09:45.771 [info] Got 1 sessions for read:user,repo,user:email,workflow...
2025-08-16 10:09:46.563 [info] Getting sessions for read:user,repo,user:email,workflow...
2025-08-16 10:09:46.563 [info] Got 1 sessions for read:user,repo,user:email,workflow...
2025-08-16 10:09:46.657 [info] Getting sessions for read:user,repo,user:email,workflow...
2025-08-16 10:09:46.657 [info] Got 1 sessions for read:user,repo,user:email,workflow...
2025-08-16 10:09:46.855 [info] Getting sessions for read:user,repo,user:email,workflow...
2025-08-16 10:09:46.855 [info] Got 1 sessions for read:user,repo,user:email,workflow...
2025-08-16 10:09:46.918 [info] Getting sessions for read:user,repo,user:email,workflow...
2025-08-16 10:09:46.919 [info] Got 1 sessions for read:user,repo,user:email,workflow...
2025-08-16 10:09:47.067 [info] Getting sessions for read:user,repo,user:email,workflow...
2025-08-16 10:09:47.067 [info] Got 1 sessions for read:user,repo,user:email,workflow...
2025-08-16 10:09:47.165 [info] Getting sessions for read:user,repo,user:email,workflow...
2025-08-16 10:09:47.165 [info] Got 1 sessions for read:user,repo,user:email,workflow...
2025-08-16 10:09:48.209 [info] Getting sessions for read:user,repo,user:email,workflow...
2025-08-16 10:09:48.209 [info] Got 1 sessions for read:user,repo,user:email,workflow...
2025-08-16 10:09:48.297 [info] Getting sessions for read:user,repo,user:email,workflow...
2025-08-16 10:09:48.297 [info] Got 1 sessions for read:user,repo,user:email,workflow...
2025-08-16 10:09:48.971 [info] Getting sessions for read:user,repo,user:email,workflow...
2025-08-16 10:09:48.972 [info] Got 1 sessions for read:user,repo,user:email,workflow...
2025-08-16 10:09:49.048 [info] Getting sessions for read:user,repo,user:email,workflow...
2025-08-16 10:09:49.048 [info] Got 1 sessions for read:user,repo,user:email,workflow...
2025-08-16 10:09:49.199 [info] Getting sessions for read:user,repo,user:email,workflow...
2025-08-16 10:09:49.199 [info] Got 1 sessions for read:user,repo,user:email,workflow...
2025-08-16 10:09:49.400 [info] Getting sessions for read:user,repo,user:email,workflow...
2025-08-16 10:09:49.400 [info] Got 1 sessions for read:user,repo,user:email,workflow...
2025-08-16 10:09:49.520 [info] Getting sessions for read:user,repo,user:email,workflow...
2025-08-16 10:09:49.520 [info] Got 1 sessions for read:user,repo,user:email,workflow...
2025-08-16 10:09:49.783 [info] Getting sessions for read:user,repo,user:email,workflow...
2025-08-16 10:09:49.783 [info] Got 1 sessions for read:user,repo,user:email,workflow...
2025-08-16 10:09:49.940 [info] Getting sessions for read:user,repo,user:email,workflow...
2025-08-16 10:09:49.941 [info] Got 1 sessions for read:user,repo,user:email,workflow...
2025-08-16 10:09:50.486 [info] Getting sessions for read:user,repo,user:email,workflow...
2025-08-16 10:09:50.487 [info] Got 1 sessions for read:user,repo,user:email,workflow...
2025-08-16 10:09:50.735 [info] Getting sessions for read:user,repo,user:email,workflow...
2025-08-16 10:09:50.736 [info] Got 1 sessions for read:user,repo,user:email,workflow...
2025-08-16 10:09:51.291 [info] Getting sessions for read:user,repo,user:email,workflow...
2025-08-16 10:09:51.291 [info] Got 1 sessions for read:user,repo,user:email,workflow...
2025-08-16 10:09:51.485 [info] Getting sessions for read:user,repo,user:email,workflow...
2025-08-16 10:09:51.486 [info] Got 1 sessions for read:user,repo,user:email,workflow...
2025-08-16 10:09:51.860 [info] Getting sessions for read:user,repo,user:email,workflow...
2025-08-16 10:09:51.860 [info] Got 1 sessions for read:user,repo,user:email,workflow...
2025-08-16 10:09:52.005 [info] Getting sessions for read:user,repo,user:email,workflow...
2025-08-16 10:09:52.005 [info] Got 1 sessions for read:user,repo,user:email,workflow...
2025-08-16 10:09:54.110 [info] Getting sessions for read:user,repo,user:email,workflow...
2025-08-16 10:09:54.111 [info] Got 1 sessions for read:user,repo,user:email,workflow...
2025-08-16 10:09:54.238 [info] Getting sessions for read:user,repo,user:email,workflow...
2025-08-16 10:09:54.238 [info] Got 1 sessions for read:user,repo,user:email,workflow...
2025-08-16 10:09:59.580 [info] Getting sessions for all scopes...
2025-08-16 10:09:59.580 [info] Got 2 sessions for ...
2025-08-16 10:09:59.595 [info] Getting sessions for read:user,repo,user:email,workflow...
2025-08-16 10:09:59.595 [info] Got 1 sessions for read:user,repo,user:email,workflow...
2025-08-16 10:09:59.726 [info] Getting sessions for all scopes...
2025-08-16 10:09:59.726 [info] Got 2 sessions for ...
2025-08-16 10:09:59.743 [info] Getting sessions for read:user,repo,user:email,workflow...
2025-08-16 10:09:59.743 [info] Got 1 sessions for read:user,repo,user:email,workflow...
2025-08-16 10:10:08.946 [info] Getting sessions for read:user,repo,user:email,workflow...
2025-08-16 10:10:08.946 [info] Got 1 sessions for read:user,repo,user:email,workflow...
2025-08-16 10:10:09.158 [info] Getting sessions for read:user,repo,user:email,workflow...
2025-08-16 10:10:09.158 [info] Got 1 sessions for read:user,repo,user:email,workflow...
2025-08-16 10:10:09.235 [info] Getting sessions for read:user,repo,user:email,workflow...
2025-08-16 10:10:09.235 [info] Got 1 sessions for read:user,repo,user:email,workflow...
2025-08-16 10:10:09.684 [info] Getting sessions for read:user,repo,user:email,workflow...
2025-08-16 10:10:09.685 [info] Got 1 sessions for read:user,repo,user:email,workflow...
2025-08-16 10:10:09.870 [info] Getting sessions for read:user,repo,user:email,workflow...
2025-08-16 10:10:09.870 [info] Got 1 sessions for read:user,repo,user:email,workflow...
2025-08-16 10:10:10.471 [info] Getting sessions for read:user,repo,user:email,workflow...
2025-08-16 10:10:10.471 [info] Got 1 sessions for read:user,repo,user:email,workflow...
2025-08-16 10:10:10.604 [info] Getting sessions for read:user,repo,user:email,workflow...
2025-08-16 10:10:10.604 [info] Got 1 sessions for read:user,repo,user:email,workflow...
2025-08-16 10:10:11.549 [info] Getting sessions for read:user,repo,user:email,workflow...
2025-08-16 10:10:11.549 [info] Got 1 sessions for read:user,repo,user:email,workflow...
2025-08-16 10:10:11.616 [info] Getting sessions for read:user,repo,user:email,workflow...
2025-08-16 10:10:11.616 [info] Got 1 sessions for read:user,repo,user:email,workflow...
2025-08-16 10:10:11.755 [info] Getting sessions for read:user,repo,user:email,workflow...
2025-08-16 10:10:11.755 [info] Got 1 sessions for read:user,repo,user:email,workflow...
2025-08-16 10:10:11.820 [info] Getting sessions for read:user,repo,user:email,workflow...
2025-08-16 10:10:11.820 [info] Got 1 sessions for read:user,repo,user:email,workflow...
2025-08-16 10:10:12.153 [info] Getting sessions for read:user,repo,user:email,workflow...
2025-08-16 10:10:12.153 [info] Got 1 sessions for read:user,repo,user:email,workflow...
2025-08-16 10:10:12.219 [info] Getting sessions for read:user,repo,user:email,workflow...
2025-08-16 10:10:12.219 [info] Got 1 sessions for read:user,repo,user:email,workflow...
2025-08-16 10:10:13.550 [info] Getting sessions for read:user,repo,user:email,workflow...
2025-08-16 10:10:13.550 [info] Got 1 sessions for read:user,repo,user:email,workflow...
2025-08-16 10:10:13.608 [info] Getting sessions for read:user,repo,user:email,workflow...
2025-08-16 10:10:13.608 [info] Got 1 sessions for read:user,repo,user:email,workflow...
2025-08-16 10:10:13.682 [info] Getting sessions for read:user,repo,user:email,workflow...
2025-08-16 10:10:13.682 [info] Got 1 sessions for read:user,repo,user:email,workflow...
2025-08-16 10:10:14.534 [info] Getting sessions for read:user,repo,user:email,workflow...
2025-08-16 10:10:14.534 [info] Got 1 sessions for read:user,repo,user:email,workflow...
2025-08-16 10:10:14.696 [info] Getting sessions for read:user,repo,user:email,workflow...
2025-08-16 10:10:14.697 [info] Got 1 sessions for read:user,repo,user:email,workflow...
2025-08-16 10:10:16.659 [info] Getting sessions for read:user,repo,user:email,workflow...
2025-08-16 10:10:16.659 [info] Got 1 sessions for read:user,repo,user:email,workflow...
2025-08-16 10:10:16.777 [info] Getting sessions for read:user,repo,user:email,workflow...
2025-08-16 10:10:16.777 [info] Got 1 sessions for read:user,repo,user:email,workflow...
2025-08-16 10:10:17.181 [info] Getting sessions for read:user,repo,user:email,workflow...
2025-08-16 10:10:17.181 [info] Got 1 sessions for read:user,repo,user:email,workflow...
2025-08-16 10:10:17.268 [info] Getting sessions for read:user,repo,user:email,workflow...
2025-08-16 10:10:17.268 [info] Got 1 sessions for read:user,repo,user:email,workflow...
2025-08-16 10:10:18.621 [info] Getting sessions for read:user,repo,user:email,workflow...
2025-08-16 10:10:18.621 [info] Got 1 sessions for read:user,repo,user:email,workflow...
2025-08-16 10:10:18.670 [info] Getting sessions for read:user,repo,user:email,workflow...
2025-08-16 10:10:18.670 [info] Got 1 sessions for read:user,repo,user:email,workflow...
2025-08-16 10:10:20.014 [info] Getting sessions for read:user,repo,user:email,workflow...
2025-08-16 10:10:20.014 [info] Got 1 sessions for read:user,repo,user:email,workflow...
2025-08-16 10:10:20.127 [info] Getting sessions for read:user,repo,user:email,workflow...
2025-08-16 10:10:20.127 [info] Got 1 sessions for read:user,repo,user:email,workflow...
2025-08-16 10:10:21.001 [info] Getting sessions for read:user,repo,user:email,workflow...
2025-08-16 10:10:21.001 [info] Got 1 sessions for read:user,repo,user:email,workflow...
2025-08-16 10:10:21.193 [info] Getting sessions for read:user,repo,user:email,workflow...
2025-08-16 10:10:21.193 [info] Got 1 sessions for read:user,repo,user:email,workflow...
2025-08-16 10:10:21.596 [info] Getting sessions for read:user,repo,user:email,workflow...
2025-08-16 10:10:21.596 [info] Got 1 sessions for read:user,repo,user:email,workflow...
2025-08-16 10:10:21.702 [info] Getting sessions for read:user,repo,user:email,workflow...
2025-08-16 10:10:21.702 [info] Got 1 sessions for read:user,repo,user:email,workflow...
2025-08-16 10:10:21.836 [info] Getting sessions for read:user,repo,user:email,workflow...
2025-08-16 10:10:21.837 [info] Got 1 sessions for read:user,repo,user:email,workflow...
2025-08-16 10:10:22.092 [info] Getting sessions for read:user,repo,user:email,workflow...
2025-08-16 10:10:22.092 [info] Got 1 sessions for read:user,repo,user:email,workflow...
2025-08-16 10:10:22.280 [info] Getting sessions for read:user,repo,user:email,workflow...
2025-08-16 10:10:22.281 [info] Got 1 sessions for read:user,repo,user:email,workflow...
2025-08-16 10:10:22.919 [info] Getting sessions for read:user,repo,user:email,workflow...
2025-08-16 10:10:22.919 [info] Got 1 sessions for read:user,repo,user:email,workflow...
2025-08-16 10:10:23.285 [info] Getting sessions for read:user,repo,user:email,workflow...
2025-08-16 10:10:23.285 [info] Got 1 sessions for read:user,repo,user:email,workflow...
2025-08-16 10:10:24.108 [info] Getting sessions for read:user,repo,user:email,workflow...
2025-08-16 10:10:24.108 [info] Got 1 sessions for read:user,repo,user:email,workflow...
2025-08-16 10:10:24.960 [info] Getting sessions for read:user,repo,user:email,workflow...
2025-08-16 10:10:24.960 [info] Got 1 sessions for read:user,repo,user:email,workflow...
2025-08-16 10:10:25.249 [info] Getting sessions for read:user,repo,user:email,workflow...
2025-08-16 10:10:25.249 [info] Got 1 sessions for read:user,repo,user:email,workflow...
2025-08-16 10:10:25.957 [info] Getting sessions for read:user,repo,user:email,workflow...
2025-08-16 10:10:25.958 [info] Got 1 sessions for read:user,repo,user:email,workflow...
2025-08-16 10:10:26.178 [info] Getting sessions for read:user,repo,user:email,workflow...
2025-08-16 10:10:26.178 [info] Got 1 sessions for read:user,repo,user:email,workflow...
2025-08-16 10:10:29.842 [info] Getting sessions for read:user,repo,user:email,workflow...
2025-08-16 10:10:29.842 [info] Got 1 sessions for read:user,repo,user:email,workflow...
2025-08-16 10:10:29.902 [info] Getting sessions for read:user,repo,user:email,workflow...
2025-08-16 10:10:29.902 [info] Got 1 sessions for read:user,repo,user:email,workflow...
2025-08-16 10:10:30.751 [info] Getting sessions for read:user,repo,user:email,workflow...
2025-08-16 10:10:30.751 [info] Got 1 sessions for read:user,repo,user:email,workflow...
2025-08-16 10:10:30.876 [info] Getting sessions for read:user,repo,user:email,workflow...
2025-08-16 10:10:30.876 [info] Got 1 sessions for read:user,repo,user:email,workflow...
2025-08-16 10:10:31.309 [info] Getting sessions for read:user,repo,user:email,workflow...
2025-08-16 10:10:31.309 [info] Got 1 sessions for read:user,repo,user:email,workflow...
2025-08-16 10:10:31.783 [info] Getting sessions for read:user,repo,user:email,workflow...
2025-08-16 10:10:31.783 [info] Got 1 sessions for read:user,repo,user:email,workflow...
2025-08-16 10:10:31.929 [info] Getting sessions for read:user,repo,user:email,workflow...
2025-08-16 10:10:31.929 [info] Got 1 sessions for read:user,repo,user:email,workflow...
2025-08-16 10:10:32.630 [info] Getting sessions for read:user,repo,user:email,workflow...
2025-08-16 10:10:32.630 [info] Got 1 sessions for read:user,repo,user:email,workflow...
2025-08-16 10:10:32.909 [info] Getting sessions for read:user,repo,user:email,workflow...
2025-08-16 10:10:32.910 [info] Got 1 sessions for read:user,repo,user:email,workflow...
2025-08-16 10:11:00.626 [info] Getting sessions for all scopes...
2025-08-16 10:11:00.627 [info] Got 2 sessions for ...
2025-08-16 10:11:00.631 [info] Getting sessions for read:user,repo,user:email,workflow...
2025-08-16 10:11:00.631 [info] Got 1 sessions for read:user,repo,user:email,workflow...
2025-08-16 10:11:00.634 [info] Getting sessions for all scopes...
2025-08-16 10:11:00.634 [info] Got 2 sessions for ...
2025-08-16 10:11:00.637 [info] Getting sessions for read:user,repo,user:email,workflow...
2025-08-16 10:11:00.637 [info] Got 1 sessions for read:user,repo,user:email,workflow...
2025-08-16 10:12:00.660 [info] Getting sessions for all scopes...
2025-08-16 10:12:00.660 [info] Got 2 sessions for ...
2025-08-16 10:12:00.669 [info] Getting sessions for read:user,repo,user:email,workflow...
2025-08-16 10:12:00.669 [info] Got 1 sessions for read:user,repo,user:email,workflow...
2025-08-16 10:12:00.674 [info] Getting sessions for all scopes...
2025-08-16 10:12:00.674 [info] Got 2 sessions for ...
2025-08-16 10:12:00.678 [info] Getting sessions for read:user,repo,user:email,workflow...
2025-08-16 10:12:00.678 [info] Got 1 sessions for read:user,repo,user:email,workflow...
2025-08-16 10:12:18.892 [info] Getting sessions for read:user,repo,user:email,workflow...
2025-08-16 10:12:18.892 [info] Got 1 sessions for read:user,repo,user:email,workflow...
2025-08-16 10:12:19.099 [info] Getting sessions for read:user,repo,user:email,workflow...
2025-08-16 10:12:19.100 [info] Got 1 sessions for read:user,repo,user:email,workflow...
2025-08-16 10:12:19.207 [info] Getting sessions for read:user,repo,user:email,workflow...
2025-08-16 10:12:19.207 [info] Got 1 sessions for read:user,repo,user:email,workflow...
2025-08-16 10:12:21.167 [info] Getting sessions for read:user,repo,user:email,workflow...
2025-08-16 10:12:21.168 [info] Got 1 sessions for read:user,repo,user:email,workflow...
2025-08-16 10:12:21.221 [info] Getting sessions for read:user,repo,user:email,workflow...
2025-08-16 10:12:21.221 [info] Got 1 sessions for read:user,repo,user:email,workflow...
2025-08-16 10:12:21.327 [info] Getting sessions for read:user,repo,user:email,workflow...
2025-08-16 10:12:21.328 [info] Got 1 sessions for read:user,repo,user:email,workflow...
2025-08-16 10:12:21.379 [info] Getting sessions for read:user,repo,user:email,workflow...
2025-08-16 10:12:21.379 [info] Got 1 sessions for read:user,repo,user:email,workflow...
2025-08-16 10:12:25.816 [info] Getting sessions for read:user,repo,user:email,workflow...
2025-08-16 10:12:25.817 [info] Got 1 sessions for read:user,repo,user:email,workflow...
2025-08-16 10:12:25.905 [info] Getting sessions for read:user,repo,user:email,workflow...
2025-08-16 10:12:25.905 [info] Got 1 sessions for read:user,repo,user:email,workflow...
2025-08-16 10:12:26.478 [info] Getting sessions for read:user,repo,user:email,workflow...
2025-08-16 10:12:26.478 [info] Got 1 sessions for read:user,repo,user:email,workflow...
2025-08-16 10:12:26.573 [info] Getting sessions for read:user,repo,user:email,workflow...
2025-08-16 10:12:26.573 [info] Got 1 sessions for read:user,repo,user:email,workflow...
2025-08-16 10:12:26.625 [info] Getting sessions for read:user,repo,user:email,workflow...
2025-08-16 10:12:26.625 [info] Got 1 sessions for read:user,repo,user:email,workflow...
2025-08-16 10:12:30.338 [info] Getting sessions for read:user,repo,user:email,workflow...
2025-08-16 10:12:30.338 [info] Got 1 sessions for read:user,repo,user:email,workflow...
2025-08-16 10:12:30.500 [info] Getting sessions for read:user,repo,user:email,workflow...
2025-08-16 10:12:30.500 [info] Got 1 sessions for read:user,repo,user:email,workflow...
2025-08-16 10:12:30.565 [info] Getting sessions for read:user,repo,user:email,workflow...
2025-08-16 10:12:30.565 [info] Got 1 sessions for read:user,repo,user:email,workflow...
2025-08-16 10:12:31.607 [info] Getting sessions for read:user,repo,user:email,workflow...
2025-08-16 10:12:31.607 [info] Got 1 sessions for read:user,repo,user:email,workflow...
2025-08-16 10:12:31.851 [info] Getting sessions for read:user,repo,user:email,workflow...
2025-08-16 10:12:31.851 [info] Got 1 sessions for read:user,repo,user:email,workflow...
2025-08-16 10:12:32.598 [info] Getting sessions for read:user,repo,user:email,workflow...
2025-08-16 10:12:32.598 [info] Got 1 sessions for read:user,repo,user:email,workflow...
2025-08-16 10:12:32.914 [info] Getting sessions for read:user,repo,user:email,workflow...
2025-08-16 10:12:32.914 [info] Got 1 sessions for read:user,repo,user:email,workflow...
2025-08-16 10:12:33.039 [info] Getting sessions for read:user,repo,user:email,workflow...
2025-08-16 10:12:33.039 [info] Got 1 sessions for read:user,repo,user:email,workflow...
2025-08-16 10:12:34.289 [info] Getting sessions for read:user,repo,user:email,workflow...
2025-08-16 10:12:34.290 [info] Got 1 sessions for read:user,repo,user:email,workflow...
2025-08-16 10:12:34.609 [info] Getting sessions for read:user,repo,user:email,workflow...
2025-08-16 10:12:34.610 [info] Got 1 sessions for read:user,repo,user:email,workflow...
2025-08-16 10:12:34.709 [info] Getting sessions for read:user,repo,user:email,workflow...
2025-08-16 10:12:34.709 [info] Got 1 sessions for read:user,repo,user:email,workflow...
2025-08-16 10:12:36.188 [info] Getting sessions for read:user,repo,user:email,workflow...
2025-08-16 10:12:36.188 [info] Got 1 sessions for read:user,repo,user:email,workflow...
2025-08-16 10:12:36.299 [info] Getting sessions for read:user,repo,user:email,workflow...
2025-08-16 10:12:36.299 [info] Got 1 sessions for read:user,repo,user:email,workflow...
2025-08-16 10:12:38.750 [info] Getting sessions for read:user,repo,user:email,workflow...
2025-08-16 10:12:38.750 [info] Got 1 sessions for read:user,repo,user:email,workflow...
2025-08-16 10:12:38.979 [info] Getting sessions for read:user,repo,user:email,workflow...
2025-08-16 10:12:38.979 [info] Got 1 sessions for read:user,repo,user:email,workflow...
2025-08-16 10:12:40.746 [info] Getting sessions for read:user,repo,user:email,workflow...
2025-08-16 10:12:40.746 [info] Got 1 sessions for read:user,repo,user:email,workflow...
2025-08-16 10:12:40.835 [info] Getting sessions for read:user,repo,user:email,workflow...
2025-08-16 10:12:40.835 [info] Got 1 sessions for read:user,repo,user:email,workflow...
2025-08-16 10:12:41.232 [info] Getting sessions for read:user,repo,user:email,workflow...
2025-08-16 10:12:41.232 [info] Got 1 sessions for read:user,repo,user:email,workflow...
2025-08-16 10:12:41.289 [info] Getting sessions for read:user,repo,user:email,workflow...
2025-08-16 10:12:41.289 [info] Got 1 sessions for read:user,repo,user:email,workflow...
2025-08-16 10:12:42.360 [info] Getting sessions for read:user,repo,user:email,workflow...
2025-08-16 10:12:42.360 [info] Got 1 sessions for read:user,repo,user:email,workflow...
2025-08-16 10:12:42.608 [info] Getting sessions for read:user,repo,user:email,workflow...
2025-08-16 10:12:42.608 [info] Got 1 sessions for read:user,repo,user:email,workflow...
2025-08-16 10:12:45.998 [info] Getting sessions for read:user,repo,user:email,workflow...
2025-08-16 10:12:45.998 [info] Got 1 sessions for read:user,repo,user:email,workflow...
2025-08-16 10:12:46.122 [info] Getting sessions for read:user,repo,user:email,workflow...
2025-08-16 10:12:46.122 [info] Got 1 sessions for read:user,repo,user:email,workflow...
2025-08-16 10:12:46.187 [info] Getting sessions for read:user,repo,user:email,workflow...
2025-08-16 10:12:46.187 [info] Got 1 sessions for read:user,repo,user:email,workflow...
2025-08-16 10:12:46.929 [info] Getting sessions for read:user,repo,user:email,workflow...
2025-08-16 10:12:46.929 [info] Got 1 sessions for read:user,repo,user:email,workflow...
2025-08-16 10:12:46.975 [info] Getting sessions for read:user,repo,user:email,workflow...
2025-08-16 10:12:46.975 [info] Got 1 sessions for read:user,repo,user:email,workflow...
2025-08-16 10:12:47.375 [info] Getting sessions for read:user,repo,user:email,workflow...
2025-08-16 10:12:47.375 [info] Got 1 sessions for read:user,repo,user:email,workflow...
2025-08-16 10:12:48.055 [info] Getting sessions for read:user,repo,user:email,workflow...
2025-08-16 10:12:48.055 [info] Got 1 sessions for read:user,repo,user:email,workflow...
2025-08-16 10:12:48.341 [info] Getting sessions for read:user,repo,user:email,workflow...
2025-08-16 10:12:48.341 [info] Got 1 sessions for read:user,repo,user:email,workflow...
2025-08-16 10:12:48.868 [info] Getting sessions for read:user,repo,user:email,workflow...
2025-08-16 10:12:48.868 [info] Got 1 sessions for read:user,repo,user:email,workflow...
2025-08-16 10:12:49.034 [info] Getting sessions for read:user,repo,user:email,workflow...
2025-08-16 10:12:49.035 [info] Got 1 sessions for read:user,repo,user:email,workflow...
2025-08-16 10:12:49.767 [info] Getting sessions for read:user,repo,user:email,workflow...
2025-08-16 10:12:49.767 [info] Got 1 sessions for read:user,repo,user:email,workflow...
2025-08-16 10:12:49.862 [info] Getting sessions for read:user,repo,user:email,workflow...
2025-08-16 10:12:49.862 [info] Got 1 sessions for read:user,repo,user:email,workflow...
2025-08-16 10:12:50.548 [info] Getting sessions for read:user,repo,user:email,workflow...
2025-08-16 10:12:50.549 [info] Got 1 sessions for read:user,repo,user:email,workflow...
2025-08-16 10:12:50.723 [info] Getting sessions for read:user,repo,user:email,workflow...
2025-08-16 10:12:50.723 [info] Got 1 sessions for read:user,repo,user:email,workflow...
2025-08-16 10:13:00.692 [info] Getting sessions for all scopes...
2025-08-16 10:13:00.692 [info] Got 2 sessions for ...
2025-08-16 10:13:00.697 [info] Getting sessions for read:user,repo,user:email,workflow...
2025-08-16 10:13:00.697 [info] Got 1 sessions for read:user,repo,user:email,workflow...
2025-08-16 10:13:00.701 [info] Getting sessions for all scopes...
2025-08-16 10:13:00.701 [info] Got 2 sessions for ...
2025-08-16 10:13:00.706 [info] Getting sessions for read:user,repo,user:email,workflow...
2025-08-16 10:13:00.706 [info] Got 1 sessions for read:user,repo,user:email,workflow...
                                                                                                                                                                                                                                                                                                                                                                                                                                                                                                                                                                                                                                                                                                                                                                                                                                                                                                                                                                                                                                                                                                                                                                                                                                                                                                                                                            