2025-08-15 13:26:04.917 [info] [main] Log level: Info
2025-08-15 13:26:04.917 [info] [main] Validating found git in: "git"
2025-08-15 13:26:04.917 [info] [main] Using git "2.43.0" from "git"
2025-08-15 13:26:04.917 [info] [Model][doInitialScan] Initial repository scan started
2025-08-15 13:26:04.917 [info] > git rev-parse --show-toplevel [24ms]
2025-08-15 13:26:04.917 [info] > git rev-parse --show-toplevel [16ms]
2025-08-15 13:26:04.917 [info] [Model][doInitialScan] Initial repository scan completed - repositories (0), closed repositories (0), parent repositories (1), unsafe repositories (0)
2025-08-15 13:27:07.452 [info] > git rev-parse --show-toplevel [28ms]
2025-08-15 13:27:07.662 [info] > git rev-parse --show-toplevel [11ms]
2025-08-15 13:27:07.754 [info] > git rev-parse --show-toplevel [13ms]
2025-08-15 14:34:57.475 [info] > git rev-parse --show-toplevel [13ms]
2025-08-15 14:34:57.605 [info] > git rev-parse --show-toplevel [5ms]
2025-08-15 14:37:07.788 [info] > git rev-parse --show-toplevel [15ms]
2025-08-15 14:40:52.243 [info] > git rev-parse --show-toplevel [8ms]
2025-08-15 22:08:21.536 [info] > git rev-parse --show-toplevel [3ms]
2025-08-15 22:16:17.144 [info] > git rev-parse --show-toplevel [5ms]
2025-08-15 22:33:36.825 [info] > git rev-parse --show-toplevel [6ms]
2025-08-15 22:36:04.403 [info] > git rev-parse --show-toplevel [19ms]
2025-08-15 22:57:47.217 [info] > git rev-parse --show-toplevel [7ms]
2025-08-15 22:58:32.881 [info] > git rev-parse --show-toplevel [4ms]
2025-08-15 23:01:56.465 [info] > git rev-parse --show-toplevel [7ms]
2025-08-15 23:02:19.949 [info] > git rev-parse --show-toplevel [3ms]
2025-08-15 23:05:30.104 [info] > git rev-parse --show-toplevel [7ms]
2025-08-15 23:05:41.622 [info] > git rev-parse --show-toplevel [5ms]
2025-08-15 23:38:54.066 [info] > git rev-parse --show-toplevel [16ms]
2025-08-15 23:39:23.993 [info] > git rev-parse --show-toplevel [2ms]
2025-08-15 23:43:08.753 [info] > git rev-parse --show-toplevel [12ms]
2025-08-15 23:43:40.759 [info] > git rev-parse --show-toplevel [7ms]
