2025-08-16 10:02:57.723 [info] [main] Log level: Info
2025-08-16 10:02:57.723 [info] [main] Validating found git in: "git"
2025-08-16 10:02:57.723 [info] [main] Using git "2.43.0" from "git"
2025-08-16 10:02:57.723 [info] [Model][doInitialScan] Initial repository scan started
2025-08-16 10:02:57.723 [info] > git rev-parse --show-toplevel [17ms]
2025-08-16 10:02:57.723 [info] > git rev-parse --git-dir --git-common-dir [11ms]
2025-08-16 10:02:57.723 [info] [Model][openRepository] Opened repository (path): /home/aniket
2025-08-16 10:02:57.723 [info] [Model][openRepository] Opened repository (real path): /home/aniket
2025-08-16 10:02:57.723 [info] [Model][doInitialScan] Initial repository scan completed - repositories (1), closed repositories (0), parent repositories (0), unsafe repositories (0)
2025-08-16 10:02:57.723 [info] > git config --get commit.template [19ms]
2025-08-16 10:02:57.723 [info] > git for-each-ref --format=%(refname)%00%(upstream:short)%00%(objectname)%00%(upstream:track)%00%(upstream:remotename)%00%(upstream:remoteref) refs/heads/main refs/remotes/main [16ms]
2025-08-16 10:02:57.723 [info] > git for-each-ref --sort -committerdate --format %(refname)%00%(objectname)%00%(*objectname) [41ms]
2025-08-16 10:03:04.724 [info] > git status -z -uall [7414ms]
2025-08-16 10:03:04.724 [info] > git check-ignore -v -z --stdin [267ms]
2025-08-16 10:03:06.023 [info] > git show --textconv :13_aug.sql [320ms]
2025-08-16 10:03:06.024 [info] > git ls-files --stage -- 13_aug.sql [249ms]
2025-08-16 10:03:06.102 [info] > git for-each-ref --format=%(refname)%00%(upstream:short)%00%(objectname)%00%(upstream:track)%00%(upstream:remotename)%00%(upstream:remoteref) refs/heads/main refs/remotes/main [1210ms]
2025-08-16 10:03:06.226 [info] > git config --get --local branch.main.vscode-merge-base [77ms]
2025-08-16 10:03:06.226 [warning] [Git][config] git config failed: Failed to execute git
2025-08-16 10:03:06.285 [info] > git cat-file -s 0af52c839df6b7f7cd1b8ff646c3610e34a735b2 [184ms]
2025-08-16 10:03:06.287 [info] > git config --get commit.template [417ms]
2025-08-16 10:03:06.845 [info] > git reflog main --grep-reflog=branch: Created from *. [563ms]
2025-08-16 10:03:07.784 [info] > git for-each-ref --format=%(refname)%00%(upstream:short)%00%(objectname)%00%(upstream:track)%00%(upstream:remotename)%00%(upstream:remoteref) refs/heads/main refs/remotes/main [879ms]
2025-08-16 10:03:07.897 [info] > git symbolic-ref --short refs/remotes/origin/HEAD [1024ms]
2025-08-16 10:03:07.897 [info] fatal: ref refs/remotes/origin/HEAD is not a symbolic ref
2025-08-16 10:03:07.897 [warning] [Repository][getDefaultBranch] Failed to get default branch details: Failed to execute git.
2025-08-16 10:03:07.984 [info] > git for-each-ref --sort -committerdate --format %(refname)%00%(objectname)%00%(*objectname) [87ms]
2025-08-16 10:03:08.149 [info] > git blame --root --incremental c4acc18959f4795f3e07ff0c303320ffc0b4710c -- 13_aug.sql [22ms]
2025-08-16 10:03:08.780 [info] > git status -z -uall [966ms]
2025-08-16 10:03:11.296 [info] > git config --get commit.template [63ms]
2025-08-16 10:03:11.300 [info] > git for-each-ref --format=%(refname)%00%(upstream:short)%00%(objectname)%00%(upstream:track)%00%(upstream:remotename)%00%(upstream:remoteref) refs/heads/main refs/remotes/main [7ms]
2025-08-16 10:03:11.501 [info] > git for-each-ref --sort -committerdate --format %(refname)%00%(objectname)%00%(*objectname) [7ms]
2025-08-16 10:03:11.913 [info] > git status -z -uall [553ms]
2025-08-16 10:03:17.085 [info] > git config --get commit.template [70ms]
2025-08-16 10:03:17.090 [info] > git for-each-ref --format=%(refname)%00%(upstream:short)%00%(objectname)%00%(upstream:track)%00%(upstream:remotename)%00%(upstream:remoteref) refs/heads/main refs/remotes/main [7ms]
2025-08-16 10:03:17.287 [info] > git for-each-ref --sort -committerdate --format %(refname)%00%(objectname)%00%(*objectname) [15ms]
2025-08-16 10:03:17.767 [info] > git status -z -uall [613ms]
2025-08-16 10:03:22.970 [info] > git config --get commit.template [81ms]
2025-08-16 10:03:22.974 [info] > git for-each-ref --format=%(refname)%00%(upstream:short)%00%(objectname)%00%(upstream:track)%00%(upstream:remotename)%00%(upstream:remoteref) refs/heads/main refs/remotes/main [7ms]
2025-08-16 10:03:23.128 [info] > git for-each-ref --sort -committerdate --format %(refname)%00%(objectname)%00%(*objectname) [5ms]
2025-08-16 10:03:23.549 [info] > git status -z -uall [497ms]
2025-08-16 10:03:26.668 [info] > git show --textconv :p.sql [64ms]
2025-08-16 10:03:26.686 [info] > git ls-files --stage -- p.sql [20ms]
2025-08-16 10:03:26.756 [info] > git cat-file -s 8c348fee007cacacd0b063dd2c483b6438644239 [6ms]
2025-08-16 10:03:26.923 [info] > git blame --root --incremental c4acc18959f4795f3e07ff0c303320ffc0b4710c -- p.sql [14ms]
2025-08-16 10:03:27.073 [info] > git check-ignore -v -z --stdin [21ms]
2025-08-16 10:03:28.820 [info] > git config --get commit.template [149ms]
2025-08-16 10:03:28.828 [info] > git for-each-ref --format=%(refname)%00%(upstream:short)%00%(objectname)%00%(upstream:track)%00%(upstream:remotename)%00%(upstream:remoteref) refs/heads/main refs/remotes/main [17ms]
2025-08-16 10:03:28.985 [info] > git for-each-ref --sort -committerdate --format %(refname)%00%(objectname)%00%(*objectname) [7ms]
2025-08-16 10:03:29.705 [info] > git status -z -uall [817ms]
2025-08-16 10:03:34.845 [info] > git config --get commit.template [39ms]
2025-08-16 10:03:34.848 [info] > git for-each-ref --format=%(refname)%00%(upstream:short)%00%(objectname)%00%(upstream:track)%00%(upstream:remotename)%00%(upstream:remoteref) refs/heads/main refs/remotes/main [4ms]
2025-08-16 10:03:34.983 [info] > git for-each-ref --sort -committerdate --format %(refname)%00%(objectname)%00%(*objectname) [7ms]
2025-08-16 10:03:35.488 [info] > git status -z -uall [601ms]
2025-08-16 10:03:40.666 [info] > git config --get commit.template [19ms]
2025-08-16 10:03:40.773 [info] > git for-each-ref --format=%(refname)%00%(upstream:short)%00%(objectname)%00%(upstream:track)%00%(upstream:remotename)%00%(upstream:remoteref) refs/heads/main refs/remotes/main [9ms]
2025-08-16 10:03:40.906 [info] > git for-each-ref --sort -committerdate --format %(refname)%00%(objectname)%00%(*objectname) [6ms]
2025-08-16 10:03:41.483 [info] > git status -z -uall [662ms]
2025-08-16 10:03:43.651 [info] > git show --textconv :13_aug.sql [72ms]
2025-08-16 10:03:43.671 [info] > git ls-files --stage -- 13_aug.sql [23ms]
2025-08-16 10:03:43.737 [info] > git cat-file -s 0af52c839df6b7f7cd1b8ff646c3610e34a735b2 [9ms]
2025-08-16 10:03:44.242 [info] > git check-ignore -v -z --stdin [30ms]
2025-08-16 10:03:46.854 [info] > git config --get commit.template [148ms]
2025-08-16 10:03:46.859 [info] > git for-each-ref --format=%(refname)%00%(upstream:short)%00%(objectname)%00%(upstream:track)%00%(upstream:remotename)%00%(upstream:remoteref) refs/heads/main refs/remotes/main [8ms]
2025-08-16 10:03:47.027 [info] > git for-each-ref --sort -committerdate --format %(refname)%00%(objectname)%00%(*objectname) [11ms]
2025-08-16 10:03:47.518 [info] > git status -z -uall [600ms]
2025-08-16 10:03:52.668 [info] > git config --get commit.template [59ms]
2025-08-16 10:03:52.672 [info] > git for-each-ref --format=%(refname)%00%(upstream:short)%00%(objectname)%00%(upstream:track)%00%(upstream:remotename)%00%(upstream:remoteref) refs/heads/main refs/remotes/main [6ms]
2025-08-16 10:03:52.843 [info] > git for-each-ref --sort -committerdate --format %(refname)%00%(objectname)%00%(*objectname) [6ms]
2025-08-16 10:03:53.218 [info] > git status -z -uall [489ms]
2025-08-16 10:03:58.345 [info] > git config --get commit.template [58ms]
2025-08-16 10:03:58.349 [info] > git for-each-ref --format=%(refname)%00%(upstream:short)%00%(objectname)%00%(upstream:track)%00%(upstream:remotename)%00%(upstream:remoteref) refs/heads/main refs/remotes/main [6ms]
2025-08-16 10:03:58.594 [info] > git for-each-ref --sort -committerdate --format %(refname)%00%(objectname)%00%(*objectname) [65ms]
2025-08-16 10:03:58.957 [info] > git status -z -uall [548ms]
2025-08-16 10:04:04.088 [info] > git config --get commit.template [59ms]
2025-08-16 10:04:04.092 [info] > git for-each-ref --format=%(refname)%00%(upstream:short)%00%(objectname)%00%(upstream:track)%00%(upstream:remotename)%00%(upstream:remoteref) refs/heads/main refs/remotes/main [6ms]
2025-08-16 10:04:04.272 [info] > git for-each-ref --sort -committerdate --format %(refname)%00%(objectname)%00%(*objectname) [6ms]
2025-08-16 10:04:04.652 [info] > git status -z -uall [504ms]
2025-08-16 10:04:09.806 [info] > git config --get commit.template [62ms]
2025-08-16 10:04:09.810 [info] > git for-each-ref --format=%(refname)%00%(upstream:short)%00%(objectname)%00%(upstream:track)%00%(upstream:remotename)%00%(upstream:remoteref) refs/heads/main refs/remotes/main [6ms]
2025-08-16 10:04:09.987 [info] > git for-each-ref --sort -committerdate --format %(refname)%00%(objectname)%00%(*objectname) [8ms]
2025-08-16 10:04:10.394 [info] > git status -z -uall [528ms]
2025-08-16 10:04:15.545 [info] > git config --get commit.template [60ms]
2025-08-16 10:04:15.548 [info] > git for-each-ref --format=%(refname)%00%(upstream:short)%00%(objectname)%00%(upstream:track)%00%(upstream:remotename)%00%(upstream:remoteref) refs/heads/main refs/remotes/main [5ms]
2025-08-16 10:04:15.729 [info] > git for-each-ref --sort -committerdate --format %(refname)%00%(objectname)%00%(*objectname) [6ms]
2025-08-16 10:04:16.136 [info] > git status -z -uall [532ms]
2025-08-16 10:04:21.291 [info] > git config --get commit.template [62ms]
2025-08-16 10:04:21.295 [info] > git for-each-ref --format=%(refname)%00%(upstream:short)%00%(objectname)%00%(upstream:track)%00%(upstream:remotename)%00%(upstream:remoteref) refs/heads/main refs/remotes/main [7ms]
2025-08-16 10:04:21.393 [info] > git for-each-ref --sort -committerdate --format %(refname)%00%(objectname)%00%(*objectname) [3ms]
2025-08-16 10:04:21.770 [info] > git status -z -uall [442ms]
2025-08-16 10:04:26.916 [info] > git config --get commit.template [60ms]
2025-08-16 10:04:26.920 [info] > git for-each-ref --format=%(refname)%00%(upstream:short)%00%(objectname)%00%(upstream:track)%00%(upstream:remotename)%00%(upstream:remoteref) refs/heads/main refs/remotes/main [6ms]
2025-08-16 10:04:27.089 [info] > git for-each-ref --sort -committerdate --format %(refname)%00%(objectname)%00%(*objectname) [6ms]
2025-08-16 10:04:27.505 [info] > git status -z -uall [530ms]
2025-08-16 10:04:32.629 [info] > git config --get commit.template [59ms]
2025-08-16 10:04:32.633 [info] > git for-each-ref --format=%(refname)%00%(upstream:short)%00%(objectname)%00%(upstream:track)%00%(upstream:remotename)%00%(upstream:remoteref) refs/heads/main refs/remotes/main [6ms]
2025-08-16 10:04:32.795 [info] > git for-each-ref --sort -committerdate --format %(refname)%00%(objectname)%00%(*objectname) [11ms]
2025-08-16 10:04:33.190 [info] > git status -z -uall [501ms]
2025-08-16 10:04:38.340 [info] > git config --get commit.template [59ms]
2025-08-16 10:04:38.344 [info] > git for-each-ref --format=%(refname)%00%(upstream:short)%00%(objectname)%00%(upstream:track)%00%(upstream:remotename)%00%(upstream:remoteref) refs/heads/main refs/remotes/main [7ms]
2025-08-16 10:04:38.494 [info] > git for-each-ref --sort -committerdate --format %(refname)%00%(objectname)%00%(*objectname) [3ms]
2025-08-16 10:04:38.879 [info] > git status -z -uall [478ms]
2025-08-16 10:04:44.006 [info] > git config --get commit.template [60ms]
2025-08-16 10:04:44.010 [info] > git for-each-ref --format=%(refname)%00%(upstream:short)%00%(objectname)%00%(upstream:track)%00%(upstream:remotename)%00%(upstream:remoteref) refs/heads/main refs/remotes/main [7ms]
2025-08-16 10:04:44.189 [info] > git for-each-ref --sort -committerdate --format %(refname)%00%(objectname)%00%(*objectname) [7ms]
2025-08-16 10:04:44.578 [info] > git status -z -uall [511ms]
2025-08-16 10:04:49.725 [info] > git config --get commit.template [59ms]
2025-08-16 10:04:49.729 [info] > git for-each-ref --format=%(refname)%00%(upstream:short)%00%(objectname)%00%(upstream:track)%00%(upstream:remotename)%00%(upstream:remoteref) refs/heads/main refs/remotes/main [5ms]
2025-08-16 10:04:49.912 [info] > git for-each-ref --sort -committerdate --format %(refname)%00%(objectname)%00%(*objectname) [6ms]
2025-08-16 10:04:50.291 [info] > git status -z -uall [506ms]
2025-08-16 10:04:55.451 [info] > git config --get commit.template [63ms]
2025-08-16 10:04:55.455 [info] > git for-each-ref --format=%(refname)%00%(upstream:short)%00%(objectname)%00%(upstream:track)%00%(upstream:remotename)%00%(upstream:remoteref) refs/heads/main refs/remotes/main [6ms]
2025-08-16 10:04:55.632 [info] > git for-each-ref --sort -committerdate --format %(refname)%00%(objectname)%00%(*objectname) [8ms]
2025-08-16 10:04:56.062 [info] > git status -z -uall [551ms]
2025-08-16 10:05:01.209 [info] > git config --get commit.template [59ms]
2025-08-16 10:05:01.213 [info] > git for-each-ref --format=%(refname)%00%(upstream:short)%00%(objectname)%00%(upstream:track)%00%(upstream:remotename)%00%(upstream:remoteref) refs/heads/main refs/remotes/main [5ms]
2025-08-16 10:05:01.379 [info] > git for-each-ref --sort -committerdate --format %(refname)%00%(objectname)%00%(*objectname) [5ms]
2025-08-16 10:05:01.762 [info] > git status -z -uall [493ms]
2025-08-16 10:05:06.927 [info] > git config --get commit.template [68ms]
2025-08-16 10:05:06.931 [info] > git for-each-ref --format=%(refname)%00%(upstream:short)%00%(objectname)%00%(upstream:track)%00%(upstream:remotename)%00%(upstream:remoteref) refs/heads/main refs/remotes/main [6ms]
2025-08-16 10:05:07.113 [info] > git for-each-ref --sort -committerdate --format %(refname)%00%(objectname)%00%(*objectname) [7ms]
2025-08-16 10:05:07.531 [info] > git status -z -uall [540ms]
2025-08-16 10:05:12.681 [info] > git config --get commit.template [60ms]
2025-08-16 10:05:12.685 [info] > git for-each-ref --format=%(refname)%00%(upstream:short)%00%(objectname)%00%(upstream:track)%00%(upstream:remotename)%00%(upstream:remoteref) refs/heads/main refs/remotes/main [7ms]
2025-08-16 10:05:12.842 [info] > git for-each-ref --sort -committerdate --format %(refname)%00%(objectname)%00%(*objectname) [3ms]
2025-08-16 10:05:13.213 [info] > git status -z -uall [472ms]
2025-08-16 10:05:18.301 [info] > git config --get commit.template [5ms]
2025-08-16 10:05:18.379 [info] > git for-each-ref --format=%(refname)%00%(upstream:short)%00%(objectname)%00%(upstream:track)%00%(upstream:remotename)%00%(upstream:remoteref) refs/heads/main refs/remotes/main [6ms]
2025-08-16 10:05:18.480 [info] > git for-each-ref --sort -committerdate --format %(refname)%00%(objectname)%00%(*objectname) [3ms]
2025-08-16 10:05:18.856 [info] > git status -z -uall [441ms]
2025-08-16 10:05:24.008 [info] > git config --get commit.template [61ms]
2025-08-16 10:05:24.013 [info] > git for-each-ref --format=%(refname)%00%(upstream:short)%00%(objectname)%00%(upstream:track)%00%(upstream:remotename)%00%(upstream:remoteref) refs/heads/main refs/remotes/main [7ms]
2025-08-16 10:05:24.197 [info] > git for-each-ref --sort -committerdate --format %(refname)%00%(objectname)%00%(*objectname) [7ms]
2025-08-16 10:05:24.599 [info] > git status -z -uall [530ms]
2025-08-16 10:05:29.766 [info] > git config --get commit.template [60ms]
2025-08-16 10:05:29.770 [info] > git for-each-ref --format=%(refname)%00%(upstream:short)%00%(objectname)%00%(upstream:track)%00%(upstream:remotename)%00%(upstream:remoteref) refs/heads/main refs/remotes/main [7ms]
2025-08-16 10:05:29.957 [info] > git for-each-ref --sort -committerdate --format %(refname)%00%(objectname)%00%(*objectname) [7ms]
2025-08-16 10:05:30.371 [info] > git status -z -uall [544ms]
2025-08-16 10:05:35.499 [info] > git config --get commit.template [43ms]
2025-08-16 10:05:35.501 [info] > git for-each-ref --format=%(refname)%00%(upstream:short)%00%(objectname)%00%(upstream:track)%00%(upstream:remotename)%00%(upstream:remoteref) refs/heads/main refs/remotes/main [4ms]
2025-08-16 10:05:35.641 [info] > git for-each-ref --sort -committerdate --format %(refname)%00%(objectname)%00%(*objectname) [5ms]
2025-08-16 10:05:36.019 [info] > git status -z -uall [475ms]
2025-08-16 10:05:41.173 [info] > git config --get commit.template [59ms]
2025-08-16 10:05:41.176 [info] > git for-each-ref --format=%(refname)%00%(upstream:short)%00%(objectname)%00%(upstream:track)%00%(upstream:remotename)%00%(upstream:remoteref) refs/heads/main refs/remotes/main [5ms]
2025-08-16 10:05:41.347 [info] > git for-each-ref --sort -committerdate --format %(refname)%00%(objectname)%00%(*objectname) [6ms]
2025-08-16 10:05:41.738 [info] > git status -z -uall [506ms]
2025-08-16 10:05:46.902 [info] > git config --get commit.template [68ms]
2025-08-16 10:05:46.908 [info] > git for-each-ref --format=%(refname)%00%(upstream:short)%00%(objectname)%00%(upstream:track)%00%(upstream:remotename)%00%(upstream:remoteref) refs/heads/main refs/remotes/main [8ms]
2025-08-16 10:05:47.147 [info] > git for-each-ref --sort -committerdate --format %(refname)%00%(objectname)%00%(*objectname) [9ms]
2025-08-16 10:05:47.627 [info] > git status -z -uall [638ms]
2025-08-16 10:05:52.784 [info] > git config --get commit.template [62ms]
2025-08-16 10:05:52.787 [info] > git for-each-ref --format=%(refname)%00%(upstream:short)%00%(objectname)%00%(upstream:track)%00%(upstream:remotename)%00%(upstream:remoteref) refs/heads/main refs/remotes/main [6ms]
2025-08-16 10:05:52.963 [info] > git for-each-ref --sort -committerdate --format %(refname)%00%(objectname)%00%(*objectname) [7ms]
2025-08-16 10:05:53.391 [info] > git status -z -uall [549ms]
2025-08-16 10:05:58.564 [info] > git config --get commit.template [67ms]
2025-08-16 10:05:58.568 [info] > git for-each-ref --format=%(refname)%00%(upstream:short)%00%(objectname)%00%(upstream:track)%00%(upstream:remotename)%00%(upstream:remoteref) refs/heads/main refs/remotes/main [7ms]
2025-08-16 10:05:58.725 [info] > git for-each-ref --sort -committerdate --format %(refname)%00%(objectname)%00%(*objectname) [5ms]
2025-08-16 10:05:59.125 [info] > git status -z -uall [501ms]
2025-08-16 10:06:04.275 [info] > git config --get commit.template [59ms]
2025-08-16 10:06:04.279 [info] > git for-each-ref --format=%(refname)%00%(upstream:short)%00%(objectname)%00%(upstream:track)%00%(upstream:remotename)%00%(upstream:remoteref) refs/heads/main refs/remotes/main [7ms]
2025-08-16 10:06:04.404 [info] > git for-each-ref --sort -committerdate --format %(refname)%00%(objectname)%00%(*objectname) [4ms]
2025-08-16 10:06:04.779 [info] > git status -z -uall [443ms]
2025-08-16 10:06:09.932 [info] > git config --get commit.template [59ms]
2025-08-16 10:06:09.935 [info] > git for-each-ref --format=%(refname)%00%(upstream:short)%00%(objectname)%00%(upstream:track)%00%(upstream:remotename)%00%(upstream:remoteref) refs/heads/main refs/remotes/main [5ms]
2025-08-16 10:06:10.122 [info] > git for-each-ref --sort -committerdate --format %(refname)%00%(objectname)%00%(*objectname) [4ms]
2025-08-16 10:06:10.503 [info] > git status -z -uall [513ms]
2025-08-16 10:06:15.661 [info] > git config --get commit.template [59ms]
2025-08-16 10:06:15.664 [info] > git for-each-ref --format=%(refname)%00%(upstream:short)%00%(objectname)%00%(upstream:track)%00%(upstream:remotename)%00%(upstream:remoteref) refs/heads/main refs/remotes/main [6ms]
2025-08-16 10:06:15.850 [info] > git for-each-ref --sort -committerdate --format %(refname)%00%(objectname)%00%(*objectname) [6ms]
2025-08-16 10:06:16.238 [info] > git status -z -uall [520ms]
2025-08-16 10:06:21.390 [info] > git config --get commit.template [57ms]
2025-08-16 10:06:21.394 [info] > git for-each-ref --format=%(refname)%00%(upstream:short)%00%(objectname)%00%(upstream:track)%00%(upstream:remotename)%00%(upstream:remoteref) refs/heads/main refs/remotes/main [6ms]
2025-08-16 10:06:21.574 [info] > git for-each-ref --sort -committerdate --format %(refname)%00%(objectname)%00%(*objectname) [7ms]
2025-08-16 10:06:21.976 [info] > git status -z -uall [528ms]
2025-08-16 10:06:27.140 [info] > git config --get commit.template [60ms]
2025-08-16 10:06:27.143 [info] > git for-each-ref --format=%(refname)%00%(upstream:short)%00%(objectname)%00%(upstream:track)%00%(upstream:remotename)%00%(upstream:remoteref) refs/heads/main refs/remotes/main [5ms]
2025-08-16 10:06:27.326 [info] > git for-each-ref --sort -committerdate --format %(refname)%00%(objectname)%00%(*objectname) [7ms]
2025-08-16 10:06:27.719 [info] > git status -z -uall [521ms]
2025-08-16 10:06:32.875 [info] > git config --get commit.template [61ms]
2025-08-16 10:06:32.879 [info] > git for-each-ref --format=%(refname)%00%(upstream:short)%00%(objectname)%00%(upstream:track)%00%(upstream:remotename)%00%(upstream:remoteref) refs/heads/main refs/remotes/main [6ms]
2025-08-16 10:06:33.062 [info] > git for-each-ref --sort -committerdate --format %(refname)%00%(objectname)%00%(*objectname) [10ms]
2025-08-16 10:06:33.473 [info] > git status -z -uall [539ms]
2025-08-16 10:06:38.648 [info] > git config --get commit.template [74ms]
2025-08-16 10:06:38.653 [info] > git for-each-ref --format=%(refname)%00%(upstream:short)%00%(objectname)%00%(upstream:track)%00%(upstream:remotename)%00%(upstream:remoteref) refs/heads/main refs/remotes/main [7ms]
2025-08-16 10:06:38.876 [info] > git for-each-ref --sort -committerdate --format %(refname)%00%(objectname)%00%(*objectname) [6ms]
2025-08-16 10:06:39.357 [info] > git status -z -uall [636ms]
2025-08-16 10:06:44.516 [info] > git config --get commit.template [61ms]
2025-08-16 10:06:44.519 [info] > git for-each-ref --format=%(refname)%00%(upstream:short)%00%(objectname)%00%(upstream:track)%00%(upstream:remotename)%00%(upstream:remoteref) refs/heads/main refs/remotes/main [6ms]
2025-08-16 10:06:44.679 [info] > git for-each-ref --sort -committerdate --format %(refname)%00%(objectname)%00%(*objectname) [3ms]
2025-08-16 10:06:45.051 [info] > git status -z -uall [476ms]
2025-08-16 10:06:50.201 [info] > git config --get commit.template [60ms]
2025-08-16 10:06:50.205 [info] > git for-each-ref --format=%(refname)%00%(upstream:short)%00%(objectname)%00%(upstream:track)%00%(upstream:remotename)%00%(upstream:remoteref) refs/heads/main refs/remotes/main [5ms]
2025-08-16 10:06:50.386 [info] > git for-each-ref --sort -committerdate --format %(refname)%00%(objectname)%00%(*objectname) [7ms]
2025-08-16 10:06:50.795 [info] > git status -z -uall [536ms]
2025-08-16 10:06:55.954 [info] > git config --get commit.template [66ms]
2025-08-16 10:06:55.959 [info] > git for-each-ref --format=%(refname)%00%(upstream:short)%00%(objectname)%00%(upstream:track)%00%(upstream:remotename)%00%(upstream:remoteref) refs/heads/main refs/remotes/main [8ms]
2025-08-16 10:06:56.238 [info] > git for-each-ref --sort -committerdate --format %(refname)%00%(objectname)%00%(*objectname) [17ms]
2025-08-16 10:06:56.761 [info] > git status -z -uall [719ms]
2025-08-16 10:07:01.916 [info] > git config --get commit.template [62ms]
2025-08-16 10:07:01.919 [info] > git for-each-ref --format=%(refname)%00%(upstream:short)%00%(objectname)%00%(upstream:track)%00%(upstream:remotename)%00%(upstream:remoteref) refs/heads/main refs/remotes/main [6ms]
2025-08-16 10:07:02.114 [info] > git for-each-ref --sort -committerdate --format %(refname)%00%(objectname)%00%(*objectname) [7ms]
2025-08-16 10:07:02.534 [info] > git status -z -uall [560ms]
2025-08-16 10:07:07.693 [info] > git config --get commit.template [59ms]
2025-08-16 10:07:07.697 [info] > git for-each-ref --format=%(refname)%00%(upstream:short)%00%(objectname)%00%(upstream:track)%00%(upstream:remotename)%00%(upstream:remoteref) refs/heads/main refs/remotes/main [5ms]
2025-08-16 10:07:07.875 [info] > git for-each-ref --sort -committerdate --format %(refname)%00%(objectname)%00%(*objectname) [12ms]
2025-08-16 10:07:08.732 [info] > git status -z -uall [980ms]
2025-08-16 10:07:37.576 [info] > git config --get commit.template [80ms]
2025-08-16 10:07:37.580 [info] > git for-each-ref --format=%(refname)%00%(upstream:short)%00%(objectname)%00%(upstream:track)%00%(upstream:remotename)%00%(upstream:remoteref) refs/heads/main refs/remotes/main [7ms]
2025-08-16 10:07:37.712 [info] > git for-each-ref --sort -committerdate --format %(refname)%00%(objectname)%00%(*objectname) [5ms]
2025-08-16 10:07:38.137 [info] > git status -z -uall [503ms]
2025-08-16 10:07:43.385 [info] > git config --get commit.template [24ms]
2025-08-16 10:07:43.486 [info] > git for-each-ref --format=%(refname)%00%(upstream:short)%00%(objectname)%00%(upstream:track)%00%(upstream:remotename)%00%(upstream:remoteref) refs/heads/main refs/remotes/main [12ms]
2025-08-16 10:07:43.748 [info] > git for-each-ref --sort -committerdate --format %(refname)%00%(objectname)%00%(*objectname) [21ms]
2025-08-16 10:07:44.475 [info] > git status -z -uall [892ms]
2025-08-16 10:07:49.730 [info] > git config --get commit.template [94ms]
2025-08-16 10:07:49.735 [info] > git for-each-ref --format=%(refname)%00%(upstream:short)%00%(objectname)%00%(upstream:track)%00%(upstream:remotename)%00%(upstream:remoteref) refs/heads/main refs/remotes/main [8ms]
2025-08-16 10:07:49.941 [info] > git for-each-ref --sort -committerdate --format %(refname)%00%(objectname)%00%(*objectname) [4ms]
2025-08-16 10:07:50.383 [info] > git status -z -uall [561ms]
2025-08-16 10:07:55.600 [info] > git config --get commit.template [94ms]
2025-08-16 10:07:55.603 [info] > git for-each-ref --format=%(refname)%00%(upstream:short)%00%(objectname)%00%(upstream:track)%00%(upstream:remotename)%00%(upstream:remoteref) refs/heads/main refs/remotes/main [6ms]
2025-08-16 10:07:55.731 [info] > git for-each-ref --sort -committerdate --format %(refname)%00%(objectname)%00%(*objectname) [6ms]
2025-08-16 10:07:56.153 [info] > git status -z -uall [505ms]
2025-08-16 10:08:01.374 [info] > git config --get commit.template [107ms]
2025-08-16 10:08:01.376 [info] > git for-each-ref --format=%(refname)%00%(upstream:short)%00%(objectname)%00%(upstream:track)%00%(upstream:remotename)%00%(upstream:remoteref) refs/heads/main refs/remotes/main [7ms]
2025-08-16 10:08:01.640 [info] > git for-each-ref --sort -committerdate --format %(refname)%00%(objectname)%00%(*objectname) [8ms]
2025-08-16 10:08:02.111 [info] > git status -z -uall [647ms]
2025-08-16 10:08:07.322 [info] > git config --get commit.template [86ms]
2025-08-16 10:08:07.326 [info] > git for-each-ref --format=%(refname)%00%(upstream:short)%00%(objectname)%00%(upstream:track)%00%(upstream:remotename)%00%(upstream:remoteref) refs/heads/main refs/remotes/main [7ms]
2025-08-16 10:08:07.458 [info] > git for-each-ref --sort -committerdate --format %(refname)%00%(objectname)%00%(*objectname) [5ms]
2025-08-16 10:08:07.946 [info] > git status -z -uall [571ms]
2025-08-16 10:08:16.062 [info] > git config --get commit.template [85ms]
2025-08-16 10:08:16.066 [info] > git for-each-ref --format=%(refname)%00%(upstream:short)%00%(objectname)%00%(upstream:track)%00%(upstream:remotename)%00%(upstream:remoteref) refs/heads/main refs/remotes/main [7ms]
2025-08-16 10:08:16.202 [info] > git for-each-ref --sort -committerdate --format %(refname)%00%(objectname)%00%(*objectname) [4ms]
2025-08-16 10:08:16.591 [info] > git status -z -uall [471ms]
2025-08-16 10:08:21.740 [info] > git config --get commit.template [16ms]
2025-08-16 10:08:21.887 [info] > git for-each-ref --format=%(refname)%00%(upstream:short)%00%(objectname)%00%(upstream:track)%00%(upstream:remotename)%00%(upstream:remoteref) refs/heads/main refs/remotes/main [40ms]
2025-08-16 10:08:22.041 [info] > git for-each-ref --sort -committerdate --format %(refname)%00%(objectname)%00%(*objectname) [16ms]
2025-08-16 10:08:22.630 [info] > git status -z -uall [691ms]
2025-08-16 10:08:27.862 [info] > git config --get commit.template [87ms]
2025-08-16 10:08:27.866 [info] > git for-each-ref --format=%(refname)%00%(upstream:short)%00%(objectname)%00%(upstream:track)%00%(upstream:remotename)%00%(upstream:remoteref) refs/heads/main refs/remotes/main [6ms]
2025-08-16 10:08:28.132 [info] > git for-each-ref --sort -committerdate --format %(refname)%00%(objectname)%00%(*objectname) [7ms]
2025-08-16 10:08:28.583 [info] > git status -z -uall [623ms]
2025-08-16 10:08:33.800 [info] > git config --get commit.template [87ms]
2025-08-16 10:08:33.804 [info] > git for-each-ref --format=%(refname)%00%(upstream:short)%00%(objectname)%00%(upstream:track)%00%(upstream:remotename)%00%(upstream:remoteref) refs/heads/main refs/remotes/main [6ms]
2025-08-16 10:08:33.942 [info] > git for-each-ref --sort -committerdate --format %(refname)%00%(objectname)%00%(*objectname) [4ms]
2025-08-16 10:08:34.338 [info] > git status -z -uall [477ms]
2025-08-16 10:08:39.616 [info] > git config --get commit.template [89ms]
2025-08-16 10:08:39.619 [info] > git for-each-ref --format=%(refname)%00%(upstream:short)%00%(objectname)%00%(upstream:track)%00%(upstream:remotename)%00%(upstream:remoteref) refs/heads/main refs/remotes/main [5ms]
2025-08-16 10:08:39.811 [info] > git for-each-ref --sort -committerdate --format %(refname)%00%(objectname)%00%(*objectname) [8ms]
2025-08-16 10:08:40.272 [info] > git status -z -uall [576ms]
2025-08-16 10:08:45.423 [info] > git config --get commit.template [3ms]
2025-08-16 10:08:45.545 [info] > git for-each-ref --format=%(refname)%00%(upstream:short)%00%(objectname)%00%(upstream:track)%00%(upstream:remotename)%00%(upstream:remoteref) refs/heads/main refs/remotes/main [76ms]
2025-08-16 10:08:45.764 [info] > git for-each-ref --sort -committerdate --format %(refname)%00%(objectname)%00%(*objectname) [30ms]
2025-08-16 10:08:46.377 [info] > git status -z -uall [762ms]
2025-08-16 10:08:51.646 [info] > git config --get commit.template [61ms]
2025-08-16 10:08:51.648 [info] > git for-each-ref --format=%(refname)%00%(upstream:short)%00%(objectname)%00%(upstream:track)%00%(upstream:remotename)%00%(upstream:remoteref) refs/heads/main refs/remotes/main [3ms]
2025-08-16 10:08:51.781 [info] > git for-each-ref --sort -committerdate --format %(refname)%00%(objectname)%00%(*objectname) [4ms]
2025-08-16 10:08:52.239 [info] > git status -z -uall [545ms]
2025-08-16 10:08:57.395 [info] > git config --get commit.template [14ms]
2025-08-16 10:08:57.515 [info] > git for-each-ref --format=%(refname)%00%(upstream:short)%00%(objectname)%00%(upstream:track)%00%(upstream:remotename)%00%(upstream:remoteref) refs/heads/main refs/remotes/main [7ms]
2025-08-16 10:08:57.699 [info] > git for-each-ref --sort -committerdate --format %(refname)%00%(objectname)%00%(*objectname) [4ms]
2025-08-16 10:08:58.112 [info] > git status -z -uall [498ms]
2025-08-16 10:09:04.865 [info] > git config --get commit.template [30ms]
2025-08-16 10:09:05.018 [info] > git for-each-ref --format=%(refname)%00%(upstream:short)%00%(objectname)%00%(upstream:track)%00%(upstream:remotename)%00%(upstream:remoteref) refs/heads/main refs/remotes/main [15ms]
2025-08-16 10:09:05.222 [info] > git for-each-ref --sort -committerdate --format %(refname)%00%(objectname)%00%(*objectname) [19ms]
2025-08-16 10:09:06.017 [info] > git status -z -uall [914ms]
2025-08-16 10:09:11.280 [info] > git config --get commit.template [97ms]
2025-08-16 10:09:11.284 [info] > git for-each-ref --format=%(refname)%00%(upstream:short)%00%(objectname)%00%(upstream:track)%00%(upstream:remotename)%00%(upstream:remoteref) refs/heads/main refs/remotes/main [6ms]
2025-08-16 10:09:11.498 [info] > git for-each-ref --sort -committerdate --format %(refname)%00%(objectname)%00%(*objectname) [3ms]
2025-08-16 10:09:11.906 [info] > git status -z -uall [532ms]
2025-08-16 10:09:17.122 [info] > git config --get commit.template [88ms]
2025-08-16 10:09:17.126 [info] > git for-each-ref --format=%(refname)%00%(upstream:short)%00%(objectname)%00%(upstream:track)%00%(upstream:remotename)%00%(upstream:remoteref) refs/heads/main refs/remotes/main [7ms]
2025-08-16 10:09:17.327 [info] > git for-each-ref --sort -committerdate --format %(refname)%00%(objectname)%00%(*objectname) [9ms]
2025-08-16 10:09:17.756 [info] > git status -z -uall [539ms]
2025-08-16 10:09:22.983 [info] > git config --get commit.template [98ms]
2025-08-16 10:09:22.987 [info] > git for-each-ref --format=%(refname)%00%(upstream:short)%00%(objectname)%00%(upstream:track)%00%(upstream:remotename)%00%(upstream:remoteref) refs/heads/main refs/remotes/main [7ms]
2025-08-16 10:09:23.185 [info] > git for-each-ref --sort -committerdate --format %(refname)%00%(objectname)%00%(*objectname) [3ms]
2025-08-16 10:09:23.567 [info] > git status -z -uall [500ms]
2025-08-16 10:09:28.770 [info] > git config --get commit.template [85ms]
2025-08-16 10:09:28.774 [info] > git for-each-ref --format=%(refname)%00%(upstream:short)%00%(objectname)%00%(upstream:track)%00%(upstream:remotename)%00%(upstream:remoteref) refs/heads/main refs/remotes/main [7ms]
2025-08-16 10:09:28.967 [info] > git for-each-ref --sort -committerdate --format %(refname)%00%(objectname)%00%(*objectname) [3ms]
2025-08-16 10:09:29.342 [info] > git status -z -uall [488ms]
2025-08-16 10:09:34.549 [info] > git config --get commit.template [83ms]
2025-08-16 10:09:34.553 [info] > git for-each-ref --format=%(refname)%00%(upstream:short)%00%(objectname)%00%(upstream:track)%00%(upstream:remotename)%00%(upstream:remoteref) refs/heads/main refs/remotes/main [6ms]
2025-08-16 10:09:34.757 [info] > git for-each-ref --sort -committerdate --format %(refname)%00%(objectname)%00%(*objectname) [3ms]
2025-08-16 10:09:35.139 [info] > git status -z -uall [506ms]
2025-08-16 10:09:40.338 [info] > git config --get commit.template [84ms]
2025-08-16 10:09:40.342 [info] > git for-each-ref --format=%(refname)%00%(upstream:short)%00%(objectname)%00%(upstream:track)%00%(upstream:remotename)%00%(upstream:remoteref) refs/heads/main refs/remotes/main [7ms]
2025-08-16 10:09:40.563 [info] > git for-each-ref --sort -committerdate --format %(refname)%00%(objectname)%00%(*objectname) [4ms]
2025-08-16 10:09:40.938 [info] > git status -z -uall [511ms]
2025-08-16 10:09:46.162 [info] > git config --get commit.template [17ms]
2025-08-16 10:09:46.348 [info] > git for-each-ref --format=%(refname)%00%(upstream:short)%00%(objectname)%00%(upstream:track)%00%(upstream:remotename)%00%(upstream:remoteref) refs/heads/main refs/remotes/main [9ms]
2025-08-16 10:09:46.562 [info] > git for-each-ref --sort -committerdate --format %(refname)%00%(objectname)%00%(*objectname) [13ms]
2025-08-16 10:09:47.258 [info] > git status -z -uall [829ms]
2025-08-16 10:09:52.533 [info] > git config --get commit.template [17ms]
2025-08-16 10:09:52.673 [info] > git for-each-ref --format=%(refname)%00%(upstream:short)%00%(objectname)%00%(upstream:track)%00%(upstream:remotename)%00%(upstream:remoteref) refs/heads/main refs/remotes/main [6ms]
2025-08-16 10:09:52.907 [info] > git for-each-ref --sort -committerdate --format %(refname)%00%(objectname)%00%(*objectname) [5ms]
2025-08-16 10:09:53.462 [info] > git status -z -uall [705ms]
2025-08-16 10:09:58.726 [info] > git config --get commit.template [99ms]
2025-08-16 10:09:58.731 [info] > git for-each-ref --format=%(refname)%00%(upstream:short)%00%(objectname)%00%(upstream:track)%00%(upstream:remotename)%00%(upstream:remoteref) refs/heads/main refs/remotes/main [8ms]
2025-08-16 10:09:59.026 [info] > git for-each-ref --sort -committerdate --format %(refname)%00%(objectname)%00%(*objectname) [4ms]
2025-08-16 10:09:59.624 [info] > git status -z -uall [766ms]
2025-08-16 10:10:04.891 [info] > git config --get commit.template [13ms]
2025-08-16 10:10:05.004 [info] > git for-each-ref --format=%(refname)%00%(upstream:short)%00%(objectname)%00%(upstream:track)%00%(upstream:remotename)%00%(upstream:remoteref) refs/heads/main refs/remotes/main [8ms]
2025-08-16 10:10:05.343 [info] > git for-each-ref --sort -committerdate --format %(refname)%00%(objectname)%00%(*objectname) [6ms]
2025-08-16 10:10:05.847 [info] > git status -z -uall [723ms]
2025-08-16 10:10:11.125 [info] > git config --get commit.template [27ms]
2025-08-16 10:10:11.345 [info] > git for-each-ref --format=%(refname)%00%(upstream:short)%00%(objectname)%00%(upstream:track)%00%(upstream:remotename)%00%(upstream:remoteref) refs/heads/main refs/remotes/main [20ms]
2025-08-16 10:10:11.550 [info] > git for-each-ref --sort -committerdate --format %(refname)%00%(objectname)%00%(*objectname) [9ms]
2025-08-16 10:10:12.278 [info] > git status -z -uall [836ms]
2025-08-16 10:10:17.438 [info] > git config --get commit.template [50ms]
2025-08-16 10:10:17.440 [info] > git for-each-ref --format=%(refname)%00%(upstream:short)%00%(objectname)%00%(upstream:track)%00%(upstream:remotename)%00%(upstream:remoteref) refs/heads/main refs/remotes/main [3ms]
2025-08-16 10:10:17.570 [info] > git for-each-ref --sort -committerdate --format %(refname)%00%(objectname)%00%(*objectname) [3ms]
2025-08-16 10:10:18.008 [info] > git status -z -uall [520ms]
2025-08-16 10:10:23.208 [info] > git config --get commit.template [6ms]
2025-08-16 10:10:23.294 [info] > git for-each-ref --format=%(refname)%00%(upstream:short)%00%(objectname)%00%(upstream:track)%00%(upstream:remotename)%00%(upstream:remoteref) refs/heads/main refs/remotes/main [10ms]
2025-08-16 10:10:23.528 [info] > git for-each-ref --sort -committerdate --format %(refname)%00%(objectname)%00%(*objectname) [66ms]
2025-08-16 10:10:24.115 [info] > git status -z -uall [743ms]
2025-08-16 10:10:29.378 [info] > git config --get commit.template [93ms]
2025-08-16 10:10:29.381 [info] > git for-each-ref --format=%(refname)%00%(upstream:short)%00%(objectname)%00%(upstream:track)%00%(upstream:remotename)%00%(upstream:remoteref) refs/heads/main refs/remotes/main [6ms]
2025-08-16 10:10:29.513 [info] > git for-each-ref --sort -committerdate --format %(refname)%00%(objectname)%00%(*objectname) [4ms]
2025-08-16 10:10:29.978 [info] > git status -z -uall [550ms]
2025-08-16 10:10:35.917 [info] > git config --get commit.template [23ms]
2025-08-16 10:10:36.048 [info] > git for-each-ref --format=%(refname)%00%(upstream:short)%00%(objectname)%00%(upstream:track)%00%(upstream:remotename)%00%(upstream:remoteref) refs/heads/main refs/remotes/main [5ms]
2025-08-16 10:10:36.278 [info] > git for-each-ref --sort -committerdate --format %(refname)%00%(objectname)%00%(*objectname) [49ms]
2025-08-16 10:10:36.685 [info] > git status -z -uall [556ms]
2025-08-16 10:10:42.061 [info] > git config --get commit.template [161ms]
2025-08-16 10:10:42.066 [info] > git for-each-ref --format=%(refname)%00%(upstream:short)%00%(objectname)%00%(upstream:track)%00%(upstream:remotename)%00%(upstream:remoteref) refs/heads/main refs/remotes/main [9ms]
2025-08-16 10:10:42.398 [info] > git for-each-ref --sort -committerdate --format %(refname)%00%(objectname)%00%(*objectname) [4ms]
2025-08-16 10:10:42.859 [info] > git status -z -uall [642ms]
2025-08-16 10:10:48.079 [info] > git config --get commit.template [18ms]
2025-08-16 10:10:48.190 [info] > git for-each-ref --format=%(refname)%00%(upstream:short)%00%(objectname)%00%(upstream:track)%00%(upstream:remotename)%00%(upstream:remoteref) refs/heads/main refs/remotes/main [14ms]
2025-08-16 10:10:48.399 [info] > git for-each-ref --sort -committerdate --format %(refname)%00%(objectname)%00%(*objectname) [12ms]
2025-08-16 10:10:48.882 [info] > git status -z -uall [597ms]
2025-08-16 10:10:53.426 [info] > git show --textconv :p.sql [62ms]
2025-08-16 10:10:53.439 [info] > git ls-files --stage -- p.sql [16ms]
2025-08-16 10:10:53.505 [info] > git cat-file -s 8c348fee007cacacd0b063dd2c483b6438644239 [5ms]
2025-08-16 10:10:54.196 [info] > git for-each-ref --format=%(refname)%00%(upstream:short)%00%(objectname)%00%(upstream:track)%00%(upstream:remotename)%00%(upstream:remoteref) refs/heads/main refs/remotes/main [3ms]
2025-08-16 10:10:54.196 [info] > git config --get commit.template [96ms]
2025-08-16 10:10:54.450 [info] > git for-each-ref --sort -committerdate --format %(refname)%00%(objectname)%00%(*objectname) [15ms]
2025-08-16 10:10:55.108 [info] > git status -z -uall [814ms]
2025-08-16 10:11:00.406 [info] > git config --get commit.template [110ms]
2025-08-16 10:11:00.410 [info] > git for-each-ref --format=%(refname)%00%(upstream:short)%00%(objectname)%00%(upstream:track)%00%(upstream:remotename)%00%(upstream:remoteref) refs/heads/main refs/remotes/main [9ms]
2025-08-16 10:11:00.629 [info] > git for-each-ref --sort -committerdate --format %(refname)%00%(objectname)%00%(*objectname) [4ms]
2025-08-16 10:11:01.040 [info] > git status -z -uall [532ms]
2025-08-16 10:11:06.195 [info] > git config --get commit.template [48ms]
2025-08-16 10:11:06.197 [info] > git for-each-ref --format=%(refname)%00%(upstream:short)%00%(objectname)%00%(upstream:track)%00%(upstream:remotename)%00%(upstream:remoteref) refs/heads/main refs/remotes/main [3ms]
2025-08-16 10:11:06.357 [info] > git for-each-ref --sort -committerdate --format %(refname)%00%(objectname)%00%(*objectname) [6ms]
2025-08-16 10:11:06.782 [info] > git status -z -uall [538ms]
2025-08-16 10:11:12.091 [info] > git config --get commit.template [124ms]
2025-08-16 10:11:12.097 [info] > git for-each-ref --format=%(refname)%00%(upstream:short)%00%(objectname)%00%(upstream:track)%00%(upstream:remotename)%00%(upstream:remoteref) refs/heads/main refs/remotes/main [9ms]
2025-08-16 10:11:12.350 [info] > git for-each-ref --sort -committerdate --format %(refname)%00%(objectname)%00%(*objectname) [3ms]
2025-08-16 10:11:12.832 [info] > git status -z -uall [609ms]
2025-08-16 10:11:18.085 [info] > git config --get commit.template [105ms]
2025-08-16 10:11:18.090 [info] > git for-each-ref --format=%(refname)%00%(upstream:short)%00%(objectname)%00%(upstream:track)%00%(upstream:remotename)%00%(upstream:remoteref) refs/heads/main refs/remotes/main [7ms]
2025-08-16 10:11:18.272 [info] > git for-each-ref --sort -committerdate --format %(refname)%00%(objectname)%00%(*objectname) [6ms]
2025-08-16 10:11:18.741 [info] > git status -z -uall [573ms]
2025-08-16 10:11:23.968 [info] > git config --get commit.template [99ms]
2025-08-16 10:11:23.973 [info] > git for-each-ref --format=%(refname)%00%(upstream:short)%00%(objectname)%00%(upstream:track)%00%(upstream:remotename)%00%(upstream:remoteref) refs/heads/main refs/remotes/main [7ms]
2025-08-16 10:11:24.147 [info] > git for-each-ref --sort -committerdate --format %(refname)%00%(objectname)%00%(*objectname) [4ms]
2025-08-16 10:11:24.542 [info] > git status -z -uall [492ms]
2025-08-16 10:11:29.772 [info] > git config --get commit.template [64ms]
2025-08-16 10:11:29.774 [info] > git for-each-ref --format=%(refname)%00%(upstream:short)%00%(objectname)%00%(upstream:track)%00%(upstream:remotename)%00%(upstream:remoteref) refs/heads/main refs/remotes/main [4ms]
2025-08-16 10:11:30.043 [info] > git for-each-ref --sort -committerdate --format %(refname)%00%(objectname)%00%(*objectname) [8ms]
2025-08-16 10:11:30.518 [info] > git status -z -uall [664ms]
2025-08-16 10:11:35.714 [info] > git config --get commit.template [66ms]
2025-08-16 10:11:35.716 [info] > git for-each-ref --format=%(refname)%00%(upstream:short)%00%(objectname)%00%(upstream:track)%00%(upstream:remotename)%00%(upstream:remoteref) refs/heads/main refs/remotes/main [4ms]
2025-08-16 10:11:35.847 [info] > git for-each-ref --sort -committerdate --format %(refname)%00%(objectname)%00%(*objectname) [3ms]
2025-08-16 10:11:36.307 [info] > git status -z -uall [546ms]
2025-08-16 10:11:41.560 [info] > git config --get commit.template [97ms]
2025-08-16 10:11:41.563 [info] > git for-each-ref --format=%(refname)%00%(upstream:short)%00%(objectname)%00%(upstream:track)%00%(upstream:remotename)%00%(upstream:remoteref) refs/heads/main refs/remotes/main [5ms]
2025-08-16 10:11:41.704 [info] > git for-each-ref --sort -committerdate --format %(refname)%00%(objectname)%00%(*objectname) [4ms]
2025-08-16 10:11:42.130 [info] > git status -z -uall [517ms]
2025-08-16 10:11:47.347 [info] > git config --get commit.template [93ms]
2025-08-16 10:11:47.350 [info] > git for-each-ref --format=%(refname)%00%(upstream:short)%00%(objectname)%00%(upstream:track)%00%(upstream:remotename)%00%(upstream:remoteref) refs/heads/main refs/remotes/main [6ms]
2025-08-16 10:11:47.483 [info] > git for-each-ref --sort -committerdate --format %(refname)%00%(objectname)%00%(*objectname) [3ms]
2025-08-16 10:11:47.894 [info] > git status -z -uall [491ms]
2025-08-16 10:11:53.159 [info] > git config --get commit.template [120ms]
2025-08-16 10:11:53.165 [info] > git for-each-ref --format=%(refname)%00%(upstream:short)%00%(objectname)%00%(upstream:track)%00%(upstream:remotename)%00%(upstream:remoteref) refs/heads/main refs/remotes/main [9ms]
2025-08-16 10:11:53.375 [info] > git for-each-ref --sort -committerdate --format %(refname)%00%(objectname)%00%(*objectname) [3ms]
2025-08-16 10:11:53.812 [info] > git status -z -uall [541ms]
2025-08-16 10:11:59.044 [info] > git config --get commit.template [88ms]
2025-08-16 10:11:59.049 [info] > git for-each-ref --format=%(refname)%00%(upstream:short)%00%(objectname)%00%(upstream:track)%00%(upstream:remotename)%00%(upstream:remoteref) refs/heads/main refs/remotes/main [7ms]
2025-08-16 10:11:59.260 [info] > git for-each-ref --sort -committerdate --format %(refname)%00%(objectname)%00%(*objectname) [3ms]
2025-08-16 10:11:59.670 [info] > git status -z -uall [539ms]
2025-08-16 10:12:04.847 [info] > git config --get commit.template [53ms]
2025-08-16 10:12:04.849 [info] > git for-each-ref --format=%(refname)%00%(upstream:short)%00%(objectname)%00%(upstream:track)%00%(upstream:remotename)%00%(upstream:remoteref) refs/heads/main refs/remotes/main [4ms]
2025-08-16 10:12:04.986 [info] > git for-each-ref --sort -committerdate --format %(refname)%00%(objectname)%00%(*objectname) [4ms]
2025-08-16 10:12:05.400 [info] > git status -z -uall [505ms]
2025-08-16 10:12:10.693 [info] > git config --get commit.template [86ms]
2025-08-16 10:12:10.695 [info] > git for-each-ref --format=%(refname)%00%(upstream:short)%00%(objectname)%00%(upstream:track)%00%(upstream:remotename)%00%(upstream:remoteref) refs/heads/main refs/remotes/main [5ms]
2025-08-16 10:12:10.899 [info] > git for-each-ref --sort -committerdate --format %(refname)%00%(objectname)%00%(*objectname) [4ms]
2025-08-16 10:12:11.297 [info] > git status -z -uall [533ms]
2025-08-16 10:12:16.648 [info] > git config --get commit.template [166ms]
2025-08-16 10:12:16.654 [info] > git for-each-ref --format=%(refname)%00%(upstream:short)%00%(objectname)%00%(upstream:track)%00%(upstream:remotename)%00%(upstream:remoteref) refs/heads/main refs/remotes/main [14ms]
2025-08-16 10:12:16.900 [info] > git for-each-ref --sort -committerdate --format %(refname)%00%(objectname)%00%(*objectname) [6ms]
2025-08-16 10:12:17.364 [info] > git status -z -uall [592ms]
2025-08-16 10:12:22.571 [info] > git config --get commit.template [82ms]
2025-08-16 10:12:22.577 [info] > git for-each-ref --format=%(refname)%00%(upstream:short)%00%(objectname)%00%(upstream:track)%00%(upstream:remotename)%00%(upstream:remoteref) refs/heads/main refs/remotes/main [8ms]
2025-08-16 10:12:22.719 [info] > git for-each-ref --sort -committerdate --format %(refname)%00%(objectname)%00%(*objectname) [4ms]
2025-08-16 10:12:23.134 [info] > git status -z -uall [502ms]
2025-08-16 10:12:28.330 [info] > git config --get commit.template [83ms]
2025-08-16 10:12:28.334 [info] > git for-each-ref --format=%(refname)%00%(upstream:short)%00%(objectname)%00%(upstream:track)%00%(upstream:remotename)%00%(upstream:remoteref) refs/heads/main refs/remotes/main [6ms]
2025-08-16 10:12:28.508 [info] > git for-each-ref --sort -committerdate --format %(refname)%00%(objectname)%00%(*objectname) [4ms]
2025-08-16 10:12:28.925 [info] > git status -z -uall [511ms]
2025-08-16 10:12:34.194 [info] > git config --get commit.template [79ms]
2025-08-16 10:12:34.298 [info] > git for-each-ref --format=%(refname)%00%(upstream:short)%00%(objectname)%00%(upstream:track)%00%(upstream:remotename)%00%(upstream:remoteref) refs/heads/main refs/remotes/main [11ms]
2025-08-16 10:12:34.599 [info] > git for-each-ref --sort -committerdate --format %(refname)%00%(objectname)%00%(*objectname) [110ms]
2025-08-16 10:12:35.203 [info] > git status -z -uall [830ms]
2025-08-16 10:12:40.430 [info] > git config --get commit.template [9ms]
2025-08-16 10:12:40.505 [info] > git for-each-ref --format=%(refname)%00%(upstream:short)%00%(objectname)%00%(upstream:track)%00%(upstream:remotename)%00%(upstream:remoteref) refs/heads/main refs/remotes/main [5ms]
2025-08-16 10:12:40.750 [info] > git for-each-ref --sort -committerdate --format %(refname)%00%(objectname)%00%(*objectname) [6ms]
2025-08-16 10:12:41.418 [info] > git status -z -uall [848ms]
2025-08-16 10:12:46.672 [info] > git config --get commit.template [57ms]
2025-08-16 10:12:46.675 [info] > git for-each-ref --format=%(refname)%00%(upstream:short)%00%(objectname)%00%(upstream:track)%00%(upstream:remotename)%00%(upstream:remoteref) refs/heads/main refs/remotes/main [4ms]
2025-08-16 10:12:46.801 [info] > git for-each-ref --sort -committerdate --format %(refname)%00%(objectname)%00%(*objectname) [4ms]
2025-08-16 10:12:47.317 [info] > git status -z -uall [599ms]
2025-08-16 10:12:52.623 [info] > git config --get commit.template [163ms]
2025-08-16 10:12:52.629 [info] > git for-each-ref --format=%(refname)%00%(upstream:short)%00%(objectname)%00%(upstream:track)%00%(upstream:remotename)%00%(upstream:remoteref) refs/heads/main refs/remotes/main [14ms]
2025-08-16 10:12:52.931 [info] > git for-each-ref --sort -committerdate --format %(refname)%00%(objectname)%00%(*objectname) [8ms]
2025-08-16 10:12:53.495 [info] > git status -z -uall [711ms]
2025-08-16 10:12:58.637 [info] > git config --get commit.template [6ms]
2025-08-16 10:12:58.726 [info] > git for-each-ref --format=%(refname)%00%(upstream:short)%00%(objectname)%00%(upstream:track)%00%(upstream:remotename)%00%(upstream:remoteref) refs/heads/main refs/remotes/main [5ms]
2025-08-16 10:12:58.893 [info] > git for-each-ref --sort -committerdate --format %(refname)%00%(objectname)%00%(*objectname) [8ms]
2025-08-16 10:12:59.384 [info] > git status -z -uall [592ms]
2025-08-16 10:13:04.620 [info] > git config --get commit.template [93ms]
2025-08-16 10:13:04.626 [info] > git for-each-ref --format=%(refname)%00%(upstream:short)%00%(objectname)%00%(upstream:track)%00%(upstream:remotename)%00%(upstream:remoteref) refs/heads/main refs/remotes/main [8ms]
2025-08-16 10:13:04.768 [info] > git for-each-ref --sort -committerdate --format %(refname)%00%(objectname)%00%(*objectname) [4ms]
2025-08-16 10:13:05.196 [info] > git status -z -uall [518ms]
2025-08-16 10:13:10.417 [info] > git config --get commit.template [94ms]
2025-08-16 10:13:10.421 [info] > git for-each-ref --format=%(refname)%00%(upstream:short)%00%(objectname)%00%(upstream:track)%00%(upstream:remotename)%00%(upstream:remoteref) refs/heads/main refs/remotes/main [6ms]
2025-08-16 10:13:10.599 [info] > git for-each-ref --sort -committerdate --format %(refname)%00%(objectname)%00%(*objectname) [3ms]
2025-08-16 10:13:11.039 [info] > git status -z -uall [535ms]
2025-08-16 10:13:16.246 [info] > git config --get commit.template [87ms]
2025-08-16 10:13:16.250 [info] > git for-each-ref --format=%(refname)%00%(upstream:short)%00%(objectname)%00%(upstream:track)%00%(upstream:remotename)%00%(upstream:remoteref) refs/heads/main refs/remotes/main [7ms]
2025-08-16 10:13:16.462 [info] > git for-each-ref --sort -committerdate --format %(refname)%00%(objectname)%00%(*objectname) [8ms]
2025-08-16 10:13:16.905 [info] > git status -z -uall [570ms]
2025-08-16 10:13:22.129 [info] > git config --get commit.template [96ms]
2025-08-16 10:13:22.134 [info] > git for-each-ref --format=%(refname)%00%(upstream:short)%00%(objectname)%00%(upstream:track)%00%(upstream:remotename)%00%(upstream:remoteref) refs/heads/main refs/remotes/main [7ms]
2025-08-16 10:13:22.330 [info] > git for-each-ref --sort -committerdate --format %(refname)%00%(objectname)%00%(*objectname) [4ms]
2025-08-16 10:13:22.742 [info] > git status -z -uall [515ms]
2025-08-16 10:13:27.975 [info] > git config --get commit.template [114ms]
2025-08-16 10:13:27.979 [info] > git for-each-ref --format=%(refname)%00%(upstream:short)%00%(objectname)%00%(upstream:track)%00%(upstream:remotename)%00%(upstream:remoteref) refs/heads/main refs/remotes/main [8ms]
2025-08-16 10:13:28.237 [info] > git for-each-ref --sort -committerdate --format %(refname)%00%(objectname)%00%(*objectname) [7ms]
2025-08-16 10:13:28.639 [info] > git status -z -uall [574ms]
2025-08-16 10:13:33.868 [info] > git config --get commit.template [100ms]
2025-08-16 10:13:33.872 [info] > git for-each-ref --format=%(refname)%00%(upstream:short)%00%(objectname)%00%(upstream:track)%00%(upstream:remotename)%00%(upstream:remoteref) refs/heads/main refs/remotes/main [7ms]
2025-08-16 10:13:34.088 [info] > git for-each-ref --sort -committerdate --format %(refname)%00%(objectname)%00%(*objectname) [5ms]
2025-08-16 10:13:34.518 [info] > git status -z -uall [569ms]
                                                                                                                                                                                                                                                                     