2025-08-15 13:26:03.515 [info] Reading sessions from keychain...
2025-08-15 13:26:03.515 [info] Getting sessions for all scopes...
2025-08-15 13:26:04.246 [info] Got stored sessions!
2025-08-15 13:26:04.246 [info] Got 2 verified sessions.
2025-08-15 13:26:04.247 [info] Got 2 sessions for ...
2025-08-15 13:26:04.247 [info] Getting sessions for all scopes...
2025-08-15 13:26:04.247 [info] Got 2 sessions for ...
2025-08-15 13:26:04.248 [info] Getting sessions for all scopes...
2025-08-15 13:26:04.248 [info] Got 2 sessions for ...
2025-08-15 13:26:04.251 [info] Getting sessions for all scopes...
2025-08-15 13:26:04.251 [info] Got 2 sessions for ...
2025-08-15 13:26:04.252 [info] Getting sessions for all scopes...
2025-08-15 13:26:04.252 [info] Got 2 sessions for ...
2025-08-15 13:26:04.252 [info] Getting sessions for all scopes...
2025-08-15 13:26:04.252 [info] Got 2 sessions for ...
2025-08-15 13:26:04.252 [info] Getting sessions for all scopes...
2025-08-15 13:26:04.252 [info] Got 2 sessions for ...
2025-08-15 13:26:04.253 [info] Getting sessions for all scopes...
2025-08-15 13:26:04.253 [info] Got 2 sessions for ...
2025-08-15 13:26:04.434 [info] Getting sessions for all scopes...
2025-08-15 13:26:04.434 [info] Got 2 sessions for ...
2025-08-15 13:26:04.436 [info] Getting sessions for all scopes...
2025-08-15 13:26:04.436 [info] Got 2 sessions for ...
2025-08-15 13:26:04.437 [info] Getting sessions for all scopes...
2025-08-15 13:26:04.437 [info] Got 2 sessions for ...
2025-08-15 13:26:04.440 [info] Getting sessions for all scopes...
2025-08-15 13:26:04.440 [info] Got 2 sessions for ...
2025-08-15 13:26:04.441 [info] Getting sessions for all scopes...
2025-08-15 13:26:04.441 [info] Got 2 sessions for ...
2025-08-15 13:26:04.441 [info] Getting sessions for all scopes...
2025-08-15 13:26:04.442 [info] Got 2 sessions for ...
2025-08-15 13:26:14.027 [info] Getting sessions for all scopes...
2025-08-15 13:26:14.027 [info] Got 2 sessions for ...
2025-08-15 13:26:14.030 [info] Getting sessions for user:email...
2025-08-15 13:26:14.030 [info] Got 1 sessions for user:email...
2025-08-15 13:26:14.051 [info] Getting sessions for all scopes...
2025-08-15 13:26:14.051 [info] Got 2 sessions for ...
2025-08-15 13:26:14.218 [info] Getting sessions for all scopes...
2025-08-15 13:26:14.218 [info] Got 2 sessions for ...
2025-08-15 13:26:14.219 [info] Getting sessions for all scopes...
2025-08-15 13:26:14.219 [info] Got 2 sessions for ...
2025-08-15 13:26:15.211 [info] Getting sessions for read:user,repo,user:email,workflow...
2025-08-15 13:26:15.211 [info] Got 1 sessions for read:user,repo,user:email,workflow...
2025-08-15 13:26:16.597 [info] Getting sessions for all scopes...
2025-08-15 13:26:16.597 [info] Got 2 sessions for ...
2025-08-15 13:26:17.439 [info] Getting sessions for all scopes...
2025-08-15 13:26:17.439 [info] Got 2 sessions for ...
2025-08-15 13:26:17.456 [info] Getting sessions for read:user,repo,user:email,workflow...
2025-08-15 13:26:17.456 [info] Got 1 sessions for read:user,repo,user:email,workflow...
2025-08-15 13:26:17.456 [info] Getting sessions for all scopes...
2025-08-15 13:26:17.456 [info] Got 2 sessions for ...
2025-08-15 13:26:17.820 [info] Getting sessions for read:user,repo,user:email,workflow...
2025-08-15 13:26:17.820 [info] Got 1 sessions for read:user,repo,user:email,workflow...
2025-08-15 13:26:18.153 [info] Getting sessions for all scopes...
2025-08-15 13:26:18.153 [info] Got 2 sessions for ...
2025-08-15 13:26:18.160 [info] Getting sessions for read:user,repo,user:email,workflow...
2025-08-15 13:26:18.160 [info] Got 1 sessions for read:user,repo,user:email,workflow...
2025-08-15 13:26:19.483 [info] Getting sessions for all scopes...
2025-08-15 13:26:19.484 [info] Got 2 sessions for ...
2025-08-15 13:26:19.485 [info] Getting sessions for all scopes...
2025-08-15 13:26:19.485 [info] Got 2 sessions for ...
2025-08-15 13:26:19.556 [info] Getting sessions for read:user,repo,user:email,workflow...
2025-08-15 13:26:19.556 [info] Got 1 sessions for read:user,repo,user:email,workflow...
2025-08-15 13:26:19.564 [info] Getting sessions for all scopes...
2025-08-15 13:26:19.564 [info] Got 2 sessions for ...
2025-08-15 13:26:19.569 [info] Getting sessions for read:user,repo,user:email,workflow...
2025-08-15 13:26:19.569 [info] Got 1 sessions for read:user,repo,user:email,workflow...
2025-08-15 13:26:22.848 [info] Getting sessions for all scopes...
2025-08-15 13:26:22.848 [info] Got 2 sessions for ...
2025-08-15 13:26:22.853 [info] Getting sessions for all scopes...
2025-08-15 13:26:22.853 [info] Got 2 sessions for ...
2025-08-15 13:26:22.891 [info] Getting sessions for all scopes...
2025-08-15 13:26:22.891 [info] Got 2 sessions for ...
2025-08-15 13:26:27.826 [info] Getting sessions for all scopes...
2025-08-15 13:26:27.826 [info] Got 2 sessions for ...
2025-08-15 13:26:27.839 [info] Getting sessions for read:user,repo,user:email,workflow...
2025-08-15 13:26:27.839 [info] Got 1 sessions for read:user,repo,user:email,workflow...
2025-08-15 13:26:27.875 [info] Getting sessions for all scopes...
2025-08-15 13:26:27.875 [info] Got 2 sessions for ...
2025-08-15 13:26:27.875 [info] Getting sessions for all scopes...
2025-08-15 13:26:27.875 [info] Got 2 sessions for ...
2025-08-15 13:26:27.883 [info] Getting sessions for read:user,repo,user:email,workflow...
2025-08-15 13:26:27.883 [info] Got 1 sessions for read:user,repo,user:email,workflow...
2025-08-15 13:26:28.168 [info] Getting sessions for all scopes...
2025-08-15 13:26:28.168 [info] Got 2 sessions for ...
2025-08-15 13:26:28.175 [info] Getting sessions for read:user,repo,user:email,workflow...
2025-08-15 13:26:28.175 [info] Got 1 sessions for read:user,repo,user:email,workflow...
2025-08-15 13:26:28.180 [info] Getting sessions for all scopes...
2025-08-15 13:26:28.180 [info] Got 2 sessions for ...
2025-08-15 13:26:28.187 [info] Getting sessions for read:user,repo,user:email,workflow...
2025-08-15 13:26:28.187 [info] Got 1 sessions for read:user,repo,user:email,workflow...
2025-08-15 13:26:28.196 [info] Getting sessions for all scopes...
2025-08-15 13:26:28.196 [info] Got 2 sessions for ...
2025-08-15 13:26:28.199 [info] Getting sessions for read:user,repo,user:email,workflow...
2025-08-15 13:26:28.200 [info] Got 1 sessions for read:user,repo,user:email,workflow...
2025-08-15 13:26:28.212 [info] Getting sessions for all scopes...
2025-08-15 13:26:28.212 [info] Got 2 sessions for ...
2025-08-15 13:26:28.225 [info] Getting sessions for read:user,repo,user:email,workflow...
2025-08-15 13:26:28.225 [info] Got 1 sessions for read:user,repo,user:email,workflow...
2025-08-15 13:26:30.520 [info] Getting sessions for all scopes...
2025-08-15 13:26:30.520 [info] Got 2 sessions for ...
2025-08-15 13:41:31.291 [info] Getting sessions for all scopes...
2025-08-15 13:41:31.292 [info] Got 2 sessions for ...
2025-08-15 13:41:31.296 [info] Getting sessions for read:user,repo,user:email,workflow...
2025-08-15 13:41:31.296 [info] Got 1 sessions for read:user,repo,user:email,workflow...
2025-08-15 13:41:31.306 [info] Getting sessions for all scopes...
2025-08-15 13:41:31.306 [info] Got 2 sessions for ...
2025-08-15 13:41:31.311 [info] Getting sessions for read:user,repo,user:email,workflow...
2025-08-15 13:41:31.311 [info] Got 1 sessions for read:user,repo,user:email,workflow...
